<?xml version="1.0" encoding="UTF-8"?>
<testsuite xmlns:xsi="http://www.w3.org/2001/XMLSchema-instance" xsi:noNamespaceSchemaLocation="https://maven.apache.org/surefire/maven-surefire-plugin/xsd/surefire-test-report.xsd" name="com.affani.datatranx.DatatranxApplicationTests" time="0.371" tests="1" errors="1" skipped="0" failures="0">
  <properties>
[...]
</properties>
  <testcase name="contextLoads" classname="com.affani.datatranx.DatatranxApplicationTests" time="0">
    <error message="Failed to load ApplicationContext" type="java.lang.IllegalStateException">java.lang.IllegalStateException: Failed to load ApplicationContext
Caused by: java.lang.IllegalStateException: Cannot load configuration class: com.affani.datatranx.DatatranxApplication
Caused by: java.lang.NoClassDefFoundError: Could not initialize class org.springframework.cglib.proxy.Enhancer
</error>
    <system-out><![CDATA[2023-01-04 17:44:53.191 DEBUG 3888 --- [kground-preinit] o.apache.tomcat.util.digester.Digester   :   Fire body() for SetPropertiesRule[]
2023-01-04 17:44:53.191 DEBUG 3888 --- [kground-preinit] o.apache.tomcat.util.digester.Digester   :   Fire body() for SetNextRule[methodName=addAttribute, paramType=org.apache.tomcat.util.modeler.AttributeInfo]
2023-01-04 17:44:53.191 DEBUG 3888 --- [kground-preinit] o.apache.tomcat.util.digester.Digester   :   Fire end() for SetNextRule[methodName=addAttribute, paramType=org.apache.tomcat.util.modeler.AttributeInfo]
2023-01-04 17:44:53.191 DEBUG 3888 --- [kground-preinit] o.apache.tomcat.util.digester.Digester   : [SetNextRule]{mbeans-descriptors/mbean/attribute} Call org.apache.tomcat.util.modeler.ManagedBean.addAttribute(org.apache.tomcat.util.modeler.AttributeInfo@637be64d)
2023-01-04 17:44:53.191 DEBUG 3888 --- [kground-preinit] o.apache.tomcat.util.IntrospectionUtils  : IntrospectionUtils: callMethod1 org.apache.tomcat.util.modeler.ManagedBean org.apache.tomcat.util.modeler.AttributeInfo org.apache.tomcat.util.modeler.AttributeInfo
2023-01-04 17:44:53.192 DEBUG 3888 --- [kground-preinit] o.apache.tomcat.util.digester.Digester   :   Fire end() for SetPropertiesRule[]
2023-01-04 17:44:53.192 DEBUG 3888 --- [kground-preinit] o.apache.tomcat.util.digester.Digester   :   Fire end() for ObjectCreateRule[className=org.apache.tomcat.util.modeler.AttributeInfo, attributeName=null]
2023-01-04 17:44:53.192 DEBUG 3888 --- [kground-preinit] o.apache.tomcat.util.digester.Digester   : [ObjectCreateRule]{mbeans-descriptors/mbean/attribute} Pop org.apache.tomcat.util.modeler.AttributeInfo
2023-01-04 17:44:53.192 DEBUG 3888 --- [kground-preinit] o.a.tomcat.util.digester.Digester.sax    : characters(
  )
2023-01-04 17:44:53.192 DEBUG 3888 --- [kground-preinit] o.a.tomcat.util.digester.Digester.sax    : endElement(,,mbean)
2023-01-04 17:44:53.192 DEBUG 3888 --- [kground-preinit] o.apache.tomcat.util.digester.Digester   :   match='mbeans-descriptors/mbean'
2023-01-04 17:44:53.192 DEBUG 3888 --- [kground-preinit] o.apache.tomcat.util.digester.Digester   :   bodyText='

    

    

    

    

    

    

    

    

    

    
  '
2023-01-04 17:44:53.192 DEBUG 3888 --- [           main] o.s.t.c.junit4.SpringJUnit4ClassRunner   : SpringJUnit4ClassRunner constructor called with [class com.affani.datatranx.DatatranxApplicationTests]
2023-01-04 17:44:53.192 DEBUG 3888 --- [kground-preinit] o.apache.tomcat.util.digester.Digester   :   Fire body() for ObjectCreateRule[className=org.apache.tomcat.util.modeler.ManagedBean, attributeName=null]
2023-01-04 17:44:53.192 DEBUG 3888 --- [           main] o.s.test.context.BootstrapUtils          : Instantiating CacheAwareContextLoaderDelegate from class [org.springframework.test.context.cache.DefaultCacheAwareContextLoaderDelegate]
2023-01-04 17:44:53.192 DEBUG 3888 --- [kground-preinit] o.apache.tomcat.util.digester.Digester   :   Fire body() for SetPropertiesRule[]
2023-01-04 17:44:53.192 DEBUG 3888 --- [kground-preinit] o.apache.tomcat.util.digester.Digester   :   Fire body() for SetNextRule[methodName=add, paramType=java.lang.Object]
2023-01-04 17:44:53.193 DEBUG 3888 --- [kground-preinit] o.apache.tomcat.util.digester.Digester   :   Fire end() for SetNextRule[methodName=add, paramType=java.lang.Object]
2023-01-04 17:44:53.193 DEBUG 3888 --- [           main] o.s.test.context.BootstrapUtils          : Instantiating BootstrapContext using constructor [public org.springframework.test.context.support.DefaultBootstrapContext(java.lang.Class,org.springframework.test.context.CacheAwareContextLoaderDelegate)]
2023-01-04 17:44:53.193 DEBUG 3888 --- [kground-preinit] o.apache.tomcat.util.digester.Digester   : [SetNextRule]{mbeans-descriptors/mbean} Call java.util.ArrayList.add(ManagedBean[name=FormAuthenticator, className=org.apache.tomcat.util.modeler.BaseModelMBean, description=An Authenticator and Valve implementation of FORM BASED Authentication, group=Valve, type=org.apache.catalina.authenticator.FormAuthenticator])
2023-01-04 17:44:53.193 DEBUG 3888 --- [kground-preinit] o.apache.tomcat.util.IntrospectionUtils  : IntrospectionUtils: callMethod1 java.util.ArrayList org.apache.tomcat.util.modeler.ManagedBean java.lang.Object
2023-01-04 17:44:53.193 DEBUG 3888 --- [kground-preinit] o.apache.tomcat.util.digester.Digester   :   Fire end() for SetPropertiesRule[]
2023-01-04 17:44:53.193 DEBUG 3888 --- [kground-preinit] o.apache.tomcat.util.digester.Digester   :   Fire end() for ObjectCreateRule[className=org.apache.tomcat.util.modeler.ManagedBean, attributeName=null]
2023-01-04 17:44:53.193 DEBUG 3888 --- [kground-preinit] o.apache.tomcat.util.digester.Digester   : [ObjectCreateRule]{mbeans-descriptors/mbean} Pop org.apache.tomcat.util.modeler.ManagedBean
2023-01-04 17:44:53.194 DEBUG 3888 --- [kground-preinit] o.a.tomcat.util.digester.Digester.sax    : characters(

  )
2023-01-04 17:44:53.194 DEBUG 3888 --- [           main] o.s.test.context.BootstrapUtils          : Instantiating TestContextBootstrapper for test class [com.affani.datatranx.DatatranxApplicationTests] from class [org.springframework.boot.test.context.SpringBootTestContextBootstrapper]
2023-01-04 17:44:53.194  INFO 3888 --- [           main] .b.t.c.SpringBootTestContextBootstrapper : Neither @ContextConfiguration nor @ContextHierarchy found for test class [com.affani.datatranx.DatatranxApplicationTests], using SpringBootContextLoader
2023-01-04 17:44:53.195 DEBUG 3888 --- [kground-preinit] o.a.tomcat.util.digester.Digester.sax    : startElement(,,mbean)
2023-01-04 17:44:53.195 DEBUG 3888 --- [           main] o.s.t.c.support.AbstractContextLoader    : Did not detect default resource location for test class [com.affani.datatranx.DatatranxApplicationTests]: class path resource [com/affani/datatranx/DatatranxApplicationTests-context.xml] does not exist
2023-01-04 17:44:53.195 DEBUG 3888 --- [kground-preinit] o.apache.tomcat.util.digester.Digester   :   New match='mbeans-descriptors/mbean'
2023-01-04 17:44:53.195 DEBUG 3888 --- [           main] o.s.t.c.support.AbstractContextLoader    : Did not detect default resource location for test class [com.affani.datatranx.DatatranxApplicationTests]: class path resource [com/affani/datatranx/DatatranxApplicationTestsContext.groovy] does not exist
2023-01-04 17:44:53.195  INFO 3888 --- [           main] o.s.t.c.support.AbstractContextLoader    : Could not detect default resource locations for test class [com.affani.datatranx.DatatranxApplicationTests]: no resource found for suffixes {-context.xml, Context.groovy}.
2023-01-04 17:44:53.195  INFO 3888 --- [           main] t.c.s.AnnotationConfigContextLoaderUtils : Could not detect default configuration classes for test class [com.affani.datatranx.DatatranxApplicationTests]: DatatranxApplicationTests does not declare any static, non-private, non-final, nested classes annotated with @Configuration.
2023-01-04 17:44:53.195 DEBUG 3888 --- [kground-preinit] o.apache.tomcat.util.digester.Digester   :   Fire begin() for ObjectCreateRule[className=org.apache.tomcat.util.modeler.ManagedBean, attributeName=null]
2023-01-04 17:44:53.195 DEBUG 3888 --- [kground-preinit] o.apache.tomcat.util.digester.Digester   : [ObjectCreateRule]{mbeans-descriptors/mbean}New org.apache.tomcat.util.modeler.ManagedBean
2023-01-04 17:44:53.196 DEBUG 3888 --- [kground-preinit] o.apache.tomcat.util.digester.Digester   :   Fire begin() for SetPropertiesRule[]
2023-01-04 17:44:53.196 DEBUG 3888 --- [kground-preinit] o.apache.tomcat.util.digester.Digester   : [SetPropertiesRule]{mbeans-descriptors/mbean} Set org.apache.tomcat.util.modeler.ManagedBean properties
2023-01-04 17:44:53.196 DEBUG 3888 --- [kground-preinit] o.apache.tomcat.util.digester.Digester   : [SetPropertiesRule]{mbeans-descriptors/mbean} Setting property 'name' to 'NonLoginAuthenticator'
2023-01-04 17:44:53.196 DEBUG 3888 --- [kground-preinit] o.apache.tomcat.util.IntrospectionUtils  : IntrospectionUtils: setProperty(class org.apache.tomcat.util.modeler.ManagedBean name=NonLoginAuthenticator)
2023-01-04 17:44:53.196 DEBUG 3888 --- [kground-preinit] o.apache.tomcat.util.digester.Digester   : [SetPropertiesRule]{mbeans-descriptors/mbean} Setting property 'description' to 'An Authenticator and Valve implementation that checks only security constraints not involving user authentication'
2023-01-04 17:44:53.196 DEBUG 3888 --- [kground-preinit] o.apache.tomcat.util.IntrospectionUtils  : IntrospectionUtils: setProperty(class org.apache.tomcat.util.modeler.ManagedBean description=An Authenticator and Valve implementation that checks only security constraints not involving user authentication)
2023-01-04 17:44:53.196 DEBUG 3888 --- [kground-preinit] o.apache.tomcat.util.digester.Digester   : [SetPropertiesRule]{mbeans-descriptors/mbean} Setting property 'domain' to 'Catalina'
2023-01-04 17:44:53.197 DEBUG 3888 --- [kground-preinit] o.apache.tomcat.util.IntrospectionUtils  : IntrospectionUtils: setProperty(class org.apache.tomcat.util.modeler.ManagedBean domain=Catalina)
2023-01-04 17:44:53.198 DEBUG 3888 --- [kground-preinit] o.apache.tomcat.util.digester.Digester   : [SetPropertiesRule]{mbeans-descriptors/mbean} Setting property 'group' to 'Valve'
2023-01-04 17:44:53.198 DEBUG 3888 --- [kground-preinit] o.apache.tomcat.util.IntrospectionUtils  : IntrospectionUtils: setProperty(class org.apache.tomcat.util.modeler.ManagedBean group=Valve)
2023-01-04 17:44:53.198 DEBUG 3888 --- [kground-preinit] o.apache.tomcat.util.digester.Digester   : [SetPropertiesRule]{mbeans-descriptors/mbean} Setting property 'type' to 'org.apache.catalina.authenticator.NonLoginAuthenticator'
2023-01-04 17:44:53.199 DEBUG 3888 --- [kground-preinit] o.apache.tomcat.util.IntrospectionUtils  : IntrospectionUtils: setProperty(class org.apache.tomcat.util.modeler.ManagedBean type=org.apache.catalina.authenticator.NonLoginAuthenticator)
2023-01-04 17:44:53.200 DEBUG 3888 --- [kground-preinit] o.apache.tomcat.util.digester.Digester   :   Fire begin() for SetNextRule[methodName=add, paramType=java.lang.Object]
2023-01-04 17:44:53.200 DEBUG 3888 --- [           main] o.s.t.c.support.ActiveProfilesUtils      : Could not find an 'annotation declaring class' for annotation type [org.springframework.test.context.ActiveProfiles] and class [com.affani.datatranx.DatatranxApplicationTests]
2023-01-04 17:44:53.200 DEBUG 3888 --- [           main] o.s.core.env.StandardEnvironment         : Adding PropertySource 'systemProperties' with lowest search precedence
2023-01-04 17:44:53.200 DEBUG 3888 --- [kground-preinit] o.a.tomcat.util.digester.Digester.sax    : characters(

    )
2023-01-04 17:44:53.200 DEBUG 3888 --- [           main] o.s.core.env.StandardEnvironment         : Adding PropertySource 'systemEnvironment' with lowest search precedence
2023-01-04 17:44:53.201 DEBUG 3888 --- [           main] o.s.core.env.StandardEnvironment         : Initialized StandardEnvironment with PropertySources [MapPropertySource@397857830 {name='systemProperties', properties={java.specification.version=17, sun.cpu.isalist=amd64, sun.jnu.encoding=Cp1252, java.class.path=E:\spring-transaction-management-master\target\test-classes;E:\spring-transaction-management-master\target\classes;C:\Users\ustjavafsdb403\.m2\repository\org\springframework\boot\spring-boot-starter-data-jpa\2.0.4.RELEASE\spring-boot-starter-data-jpa-2.0.4.RELEASE.jar;C:\Users\ustjavafsdb403\.m2\repository\org\springframework\boot\spring-boot-starter\2.0.4.RELEASE\spring-boot-starter-2.0.4.RELEASE.jar;C:\Users\ustjavafsdb403\.m2\repository\org\springframework\boot\spring-boot\2.0.4.RELEASE\spring-boot-2.0.4.RELEASE.jar;C:\Users\ustjavafsdb403\.m2\repository\org\springframework\boot\spring-boot-autoconfigure\2.0.4.RELEASE\spring-boot-autoconfigure-2.0.4.RELEASE.jar;C:\Users\ustjavafsdb403\.m2\repository\org\springframework\boot\spring-boot-starter-logging\2.0.4.RELEASE\spring-boot-starter-logging-2.0.4.RELEASE.jar;C:\Users\ustjavafsdb403\.m2\repository\ch\qos\logback\logback-classic\1.2.3\logback-classic-1.2.3.jar;C:\Users\ustjavafsdb403\.m2\repository\ch\qos\logback\logback-core\1.2.3\logback-core-1.2.3.jar;C:\Users\ustjavafsdb403\.m2\repository\org\apache\logging\log4j\log4j-to-slf4j\2.10.0\log4j-to-slf4j-2.10.0.jar;C:\Users\ustjavafsdb403\.m2\repository\org\apache\logging\log4j\log4j-api\2.10.0\log4j-api-2.10.0.jar;C:\Users\ustjavafsdb403\.m2\repository\org\slf4j\jul-to-slf4j\1.7.25\jul-to-slf4j-1.7.25.jar;C:\Users\ustjavafsdb403\.m2\repository\javax\annotation\javax.annotation-api\1.3.2\javax.annotation-api-1.3.2.jar;C:\Users\ustjavafsdb403\.m2\repository\org\yaml\snakeyaml\1.19\snakeyaml-1.19.jar;C:\Users\ustjavafsdb403\.m2\repository\org\springframework\boot\spring-boot-starter-aop\2.0.4.RELEASE\spring-boot-starter-aop-2.0.4.RELEASE.jar;C:\Users\ustjavafsdb403\.m2\repository\org\springframework\spring-aop\5.0.8.RELEASE\spring-aop-5.0.8.RELEASE.jar;C:\Users\ustjavafsdb403\.m2\repository\org\aspectj\aspectjweaver\1.8.13\aspectjweaver-1.8.13.jar;C:\Users\ustjavafsdb403\.m2\repository\org\springframework\boot\spring-boot-starter-jdbc\2.0.4.RELEASE\spring-boot-starter-jdbc-2.0.4.RELEASE.jar;C:\Users\ustjavafsdb403\.m2\repository\com\zaxxer\HikariCP\2.7.9\HikariCP-2.7.9.jar;C:\Users\ustjavafsdb403\.m2\repository\org\springframework\spring-jdbc\5.0.8.RELEASE\spring-jdbc-5.0.8.RELEASE.jar;C:\Users\ustjavafsdb403\.m2\repository\org\hibernate\hibernate-core\5.2.17.Final\hibernate-core-5.2.17.Final.jar;C:\Users\ustjavafsdb403\.m2\repository\org\jboss\logging\jboss-logging\3.3.2.Final\jboss-logging-3.3.2.Final.jar;C:\Users\ustjavafsdb403\.m2\repository\org\hibernate\javax\persistence\hibernate-jpa-2.1-api\1.0.2.Final\hibernate-jpa-2.1-api-1.0.2.Final.jar;C:\Users\ustjavafsdb403\.m2\repository\org\javassist\javassist\3.22.0-GA\javassist-3.22.0-GA.jar;C:\Users\ustjavafsdb403\.m2\repository\antlr\antlr\2.7.7\antlr-2.7.7.jar;C:\Users\ustjavafsdb403\.m2\repository\org\jboss\jandex\2.0.3.Final\jandex-2.0.3.Final.jar;C:\Users\ustjavafsdb403\.m2\repository\com\fasterxml\classmate\1.3.4\classmate-1.3.4.jar;C:\Users\ustjavafsdb403\.m2\repository\dom4j\dom4j\1.6.1\dom4j-1.6.1.jar;C:\Users\ustjavafsdb403\.m2\repository\org\hibernate\common\hibernate-commons-annotations\5.0.1.Final\hibernate-commons-annotations-5.0.1.Final.jar;C:\Users\ustjavafsdb403\.m2\repository\javax\transaction\javax.transaction-api\1.2\javax.transaction-api-1.2.jar;C:\Users\ustjavafsdb403\.m2\repository\org\springframework\data\spring-data-jpa\2.0.9.RELEASE\spring-data-jpa-2.0.9.RELEASE.jar;C:\Users\ustjavafsdb403\.m2\repository\org\springframework\data\spring-data-commons\2.0.9.RELEASE\spring-data-commons-2.0.9.RELEASE.jar;C:\Users\ustjavafsdb403\.m2\repository\org\springframework\spring-orm\5.0.8.RELEASE\spring-orm-5.0.8.RELEASE.jar;C:\Users\ustjavafsdb403\.m2\repository\org\springframework\spring-context\5.0.8.RELEASE\spring-context-5.0.8.RELEASE.jar;C:\Users\ustjavafsdb403\.m2\repository\org\springframework\spring-tx\5.0.8.RELEASE\spring-tx-5.0.8.RELEASE.jar;C:\Users\ustjavafsdb403\.m2\repository\org\springframework\spring-beans\5.0.8.RELEASE\spring-beans-5.0.8.RELEASE.jar;C:\Users\ustjavafsdb403\.m2\repository\org\slf4j\slf4j-api\1.7.25\slf4j-api-1.7.25.jar;C:\Users\ustjavafsdb403\.m2\repository\org\springframework\spring-aspects\5.0.8.RELEASE\spring-aspects-5.0.8.RELEASE.jar;C:\Users\ustjavafsdb403\.m2\repository\org\springframework\boot\spring-boot-starter-web\2.0.4.RELEASE\spring-boot-starter-web-2.0.4.RELEASE.jar;C:\Users\ustjavafsdb403\.m2\repository\org\springframework\boot\spring-boot-starter-json\2.0.4.RELEASE\spring-boot-starter-json-2.0.4.RELEASE.jar;C:\Users\ustjavafsdb403\.m2\repository\org\springframework\boot\spring-boot-starter-tomcat\2.0.4.RELEASE\spring-boot-starter-tomcat-2.0.4.RELEASE.jar;C:\Users\ustjavafsdb403\.m2\repository\org\apache\tomcat\embed\tomcat-embed-core\8.5.32\tomcat-embed-core-8.5.32.jar;C:\Users\ustjavafsdb403\.m2\repository\org\apache\tomcat\embed\tomcat-embed-el\8.5.32\tomcat-embed-el-8.5.32.jar;C:\Users\ustjavafsdb403\.m2\repository\org\apache\tomcat\embed\tomcat-embed-websocket\8.5.32\tomcat-embed-websocket-8.5.32.jar;C:\Users\ustjavafsdb403\.m2\repository\org\hibernate\validator\hibernate-validator\6.0.11.Final\hibernate-validator-6.0.11.Final.jar;C:\Users\ustjavafsdb403\.m2\repository\javax\validation\validation-api\2.0.1.Final\validation-api-2.0.1.Final.jar;C:\Users\ustjavafsdb403\.m2\repository\org\openjfx\javafx.base\11.0.0-SNAPSHOT\javafx.base-11.0.0-SNAPSHOT.jar;C:\Users\ustjavafsdb403\.m2\repository\org\openjfx\javafx.base\11.0.0-SNAPSHOT\javafx.base-11.0.0-SNAPSHOT-linux.jar;C:\Users\ustjavafsdb403\.m2\repository\org\openjfx\javafx.base\11.0.0-SNAPSHOT\javafx.base-11.0.0-SNAPSHOT-mac.jar;C:\Users\ustjavafsdb403\.m2\repository\org\openjfx\javafx.base\11.0.0-SNAPSHOT\javafx.base-11.0.0-SNAPSHOT-win.jar;C:\Users\ustjavafsdb403\.m2\repository\org\springframework\spring-web\5.0.8.RELEASE\spring-web-5.0.8.RELEASE.jar;C:\Users\ustjavafsdb403\.m2\repository\org\springframework\spring-webmvc\5.0.8.RELEASE\spring-webmvc-5.0.8.RELEASE.jar;C:\Users\ustjavafsdb403\.m2\repository\org\springframework\spring-expression\5.0.8.RELEASE\spring-expression-5.0.8.RELEASE.jar;C:\Users\ustjavafsdb403\.m2\repository\com\h2database\h2\1.4.197\h2-1.4.197.jar;C:\Users\ustjavafsdb403\.m2\repository\javax\xml\bind\jaxb-api\2.3.0\jaxb-api-2.3.0.jar;C:\Users\ustjavafsdb403\.m2\repository\org\springframework\boot\spring-boot-starter-test\2.0.4.RELEASE\spring-boot-starter-test-2.0.4.RELEASE.jar;C:\Users\ustjavafsdb403\.m2\repository\org\springframework\boot\spring-boot-test\2.0.4.RELEASE\spring-boot-test-2.0.4.RELEASE.jar;C:\Users\ustjavafsdb403\.m2\repository\org\springframework\boot\spring-boot-test-autoconfigure\2.0.4.RELEASE\spring-boot-test-autoconfigure-2.0.4.RELEASE.jar;C:\Users\ustjavafsdb403\.m2\repository\com\jayway\jsonpath\json-path\2.4.0\json-path-2.4.0.jar;C:\Users\ustjavafsdb403\.m2\repository\net\minidev\json-smart\2.3\json-smart-2.3.jar;C:\Users\ustjavafsdb403\.m2\repository\net\minidev\accessors-smart\1.2\accessors-smart-1.2.jar;C:\Users\ustjavafsdb403\.m2\repository\org\ow2\asm\asm\5.0.4\asm-5.0.4.jar;C:\Users\ustjavafsdb403\.m2\repository\junit\junit\4.12\junit-4.12.jar;C:\Users\ustjavafsdb403\.m2\repository\org\assertj\assertj-core\3.9.1\assertj-core-3.9.1.jar;C:\Users\ustjavafsdb403\.m2\repository\org\mockito\mockito-core\2.15.0\mockito-core-2.15.0.jar;C:\Users\ustjavafsdb403\.m2\repository\net\bytebuddy\byte-buddy\1.7.11\byte-buddy-1.7.11.jar;C:\Users\ustjavafsdb403\.m2\repository\net\bytebuddy\byte-buddy-agent\1.7.11\byte-buddy-agent-1.7.11.jar;C:\Users\ustjavafsdb403\.m2\repository\org\objenesis\objenesis\2.6\objenesis-2.6.jar;C:\Users\ustjavafsdb403\.m2\repository\org\hamcrest\hamcrest-core\1.3\hamcrest-core-1.3.jar;C:\Users\ustjavafsdb403\.m2\repository\org\hamcrest\hamcrest-library\1.3\hamcrest-library-1.3.jar;C:\Users\ustjavafsdb403\.m2\repository\org\skyscreamer\jsonassert\1.5.0\jsonassert-1.5.0.jar;C:\Users\ustjavafsdb403\.m2\repository\com\vaadin\external\google\android-json\0.0.20131108.vaadin1\android-json-0.0.20131108.vaadin1.jar;C:\Users\ustjavafsdb403\.m2\repository\org\springframework\spring-core\5.0.8.RELEASE\spring-core-5.0.8.RELEASE.jar;C:\Users\ustjavafsdb403\.m2\repository\org\springframework\spring-jcl\5.0.8.RELEASE\spring-jcl-5.0.8.RELEASE.jar;C:\Users\ustjavafsdb403\.m2\repository\org\springframework\spring-test\5.0.8.RELEASE\spring-test-5.0.8.RELEASE.jar;C:\Users\ustjavafsdb403\.m2\repository\org\xmlunit\xmlunit-core\2.5.1\xmlunit-core-2.5.1.jar;C:\Users\ustjavafsdb403\.m2\repository\com\fasterxml\jackson\module\jackson-module-parameter-names\2.9.6\jackson-module-parameter-names-2.9.6.jar;C:\Users\ustjavafsdb403\.m2\repository\com\fasterxml\jackson\core\jackson-core\2.9.6\jackson-core-2.9.6.jar;C:\Users\ustjavafsdb403\.m2\repository\com\fasterxml\jackson\core\jackson-databind\2.9.6\jackson-databind-2.9.6.jar;C:\Users\ustjavafsdb403\.m2\repository\com\fasterxml\jackson\datatype\jackson-datatype-jdk8\2.9.6\jackson-datatype-jdk8-2.9.6.jar;C:\Users\ustjavafsdb403\.m2\repository\com\fasterxml\jackson\datatype\jackson-datatype-jsr310\2.9.6\jackson-datatype-jsr310-2.9.6.jar;C:\Users\ustjavafsdb403\.m2\repository\com\fasterxml\jackson\core\jackson-annotations\2.9.0\jackson-annotations-2.9.0.jar;, java.vm.vendor=Eclipse Adoptium, sun.arch.data.model=64, user.variant=, java.vendor.url=https://adoptium.net/, user.timezone=GMT+05:30, java.vm.specification.version=17, os.name=Windows 10, sun.java.launcher=SUN_STANDARD, user.country=IN, sun.boot.library.path=C:\Users\ustjavafsdb403\.p2\pool\plugins\org.eclipse.justj.openjdk.hotspot.jre.full.win32.x86_64_17.0.5.v20221102-0933\jre\bin, sun.java.command=C:\Users\USTJAV~1\AppData\Local\Temp\surefire2126999072731693157\surefirebooter11800425145749619277.jar C:\Users\ustjavafsdb403\AppData\Local\Temp\surefire2126999072731693157 2023-01-04T17-44-36_170-jvmRun1 surefire11905101423022534022tmp surefire_07651124966663579816tmp, jdk.debug=release, surefire.test.class.path=E:\spring-transaction-management-master\target\test-classes;E:\spring-transaction-management-master\target\classes;C:\Users\ustjavafsdb403\.m2\repository\org\springframework\boot\spring-boot-starter-data-jpa\2.0.4.RELEASE\spring-boot-starter-data-jpa-2.0.4.RELEASE.jar;C:\Users\ustjavafsdb403\.m2\repository\org\springframework\boot\spring-boot-starter\2.0.4.RELEASE\spring-boot-starter-2.0.4.RELEASE.jar;C:\Users\ustjavafsdb403\.m2\repository\org\springframework\boot\spring-boot\2.0.4.RELEASE\spring-boot-2.0.4.RELEASE.jar;C:\Users\ustjavafsdb403\.m2\repository\org\springframework\boot\spring-boot-autoconfigure\2.0.4.RELEASE\spring-boot-autoconfigure-2.0.4.RELEASE.jar;C:\Users\ustjavafsdb403\.m2\repository\org\springframework\boot\spring-boot-starter-logging\2.0.4.RELEASE\spring-boot-starter-logging-2.0.4.RELEASE.jar;C:\Users\ustjavafsdb403\.m2\repository\ch\qos\logback\logback-classic\1.2.3\logback-classic-1.2.3.jar;C:\Users\ustjavafsdb403\.m2\repository\ch\qos\logback\logback-core\1.2.3\logback-core-1.2.3.jar;C:\Users\ustjavafsdb403\.m2\repository\org\apache\logging\log4j\log4j-to-slf4j\2.10.0\log4j-to-slf4j-2.10.0.jar;C:\Users\ustjavafsdb403\.m2\repository\org\apache\logging\log4j\log4j-api\2.10.0\log4j-api-2.10.0.jar;C:\Users\ustjavafsdb403\.m2\repository\org\slf4j\jul-to-slf4j\1.7.25\jul-to-slf4j-1.7.25.jar;C:\Users\ustjavafsdb403\.m2\repository\javax\annotation\javax.annotation-api\1.3.2\javax.annotation-api-1.3.2.jar;C:\Users\ustjavafsdb403\.m2\repository\org\yaml\snakeyaml\1.19\snakeyaml-1.19.jar;C:\Users\ustjavafsdb403\.m2\repository\org\springframework\boot\spring-boot-starter-aop\2.0.4.RELEASE\spring-boot-starter-aop-2.0.4.RELEASE.jar;C:\Users\ustjavafsdb403\.m2\repository\org\springframework\spring-aop\5.0.8.RELEASE\spring-aop-5.0.8.RELEASE.jar;C:\Users\ustjavafsdb403\.m2\repository\org\aspectj\aspectjweaver\1.8.13\aspectjweaver-1.8.13.jar;C:\Users\ustjavafsdb403\.m2\repository\org\springframework\boot\spring-boot-starter-jdbc\2.0.4.RELEASE\spring-boot-starter-jdbc-2.0.4.RELEASE.jar;C:\Users\ustjavafsdb403\.m2\repository\com\zaxxer\HikariCP\2.7.9\HikariCP-2.7.9.jar;C:\Users\ustjavafsdb403\.m2\repository\org\springframework\spring-jdbc\5.0.8.RELEASE\spring-jdbc-5.0.8.RELEASE.jar;C:\Users\ustjavafsdb403\.m2\repository\org\hibernate\hibernate-core\5.2.17.Final\hibernate-core-5.2.17.Final.jar;C:\Users\ustjavafsdb403\.m2\repository\org\jboss\logging\jboss-logging\3.3.2.Final\jboss-logging-3.3.2.Final.jar;C:\Users\ustjavafsdb403\.m2\repository\org\hibernate\javax\persistence\hibernate-jpa-2.1-api\1.0.2.Final\hibernate-jpa-2.1-api-1.0.2.Final.jar;C:\Users\ustjavafsdb403\.m2\repository\org\javassist\javassist\3.22.0-GA\javassist-3.22.0-GA.jar;C:\Users\ustjavafsdb403\.m2\repository\antlr\antlr\2.7.7\antlr-2.7.7.jar;C:\Users\ustjavafsdb403\.m2\repository\org\jboss\jandex\2.0.3.Final\jandex-2.0.3.Final.jar;C:\Users\ustjavafsdb403\.m2\repository\com\fasterxml\classmate\1.3.4\classmate-1.3.4.jar;C:\Users\ustjavafsdb403\.m2\repository\dom4j\dom4j\1.6.1\dom4j-1.6.1.jar;C:\Users\ustjavafsdb403\.m2\repository\org\hibernate\common\hibernate-commons-annotations\5.0.1.Final\hibernate-commons-annotations-5.0.1.Final.jar;C:\Users\ustjavafsdb403\.m2\repository\javax\transaction\javax.transaction-api\1.2\javax.transaction-api-1.2.jar;C:\Users\ustjavafsdb403\.m2\repository\org\springframework\data\spring-data-jpa\2.0.9.RELEASE\spring-data-jpa-2.0.9.RELEASE.jar;C:\Users\ustjavafsdb403\.m2\repository\org\springframework\data\spring-data-commons\2.0.9.RELEASE\spring-data-commons-2.0.9.RELEASE.jar;C:\Users\ustjavafsdb403\.m2\repository\org\springframework\spring-orm\5.0.8.RELEASE\spring-orm-5.0.8.RELEASE.jar;C:\Users\ustjavafsdb403\.m2\repository\org\springframework\spring-context\5.0.8.RELEASE\spring-context-5.0.8.RELEASE.jar;C:\Users\ustjavafsdb403\.m2\repository\org\springframework\spring-tx\5.0.8.RELEASE\spring-tx-5.0.8.RELEASE.jar;C:\Users\ustjavafsdb403\.m2\repository\org\springframework\spring-beans\5.0.8.RELEASE\spring-beans-5.0.8.RELEASE.jar;C:\Users\ustjavafsdb403\.m2\repository\org\slf4j\slf4j-api\1.7.25\slf4j-api-1.7.25.jar;C:\Users\ustjavafsdb403\.m2\repository\org\springframework\spring-aspects\5.0.8.RELEASE\spring-aspects-5.0.8.RELEASE.jar;C:\Users\ustjavafsdb403\.m2\repository\org\springframework\boot\spring-boot-starter-web\2.0.4.RELEASE\spring-boot-starter-web-2.0.4.RELEASE.jar;C:\Users\ustjavafsdb403\.m2\repository\org\springframework\boot\spring-boot-starter-json\2.0.4.RELEASE\spring-boot-starter-json-2.0.4.RELEASE.jar;C:\Users\ustjavafsdb403\.m2\repository\org\springframework\boot\spring-boot-starter-tomcat\2.0.4.RELEASE\spring-boot-starter-tomcat-2.0.4.RELEASE.jar;C:\Users\ustjavafsdb403\.m2\repository\org\apache\tomcat\embed\tomcat-embed-core\8.5.32\tomcat-embed-core-8.5.32.jar;C:\Users\ustjavafsdb403\.m2\repository\org\apache\tomcat\embed\tomcat-embed-el\8.5.32\tomcat-embed-el-8.5.32.jar;C:\Users\ustjavafsdb403\.m2\repository\org\apache\tomcat\embed\tomcat-embed-websocket\8.5.32\tomcat-embed-websocket-8.5.32.jar;C:\Users\ustjavafsdb403\.m2\repository\org\hibernate\validator\hibernate-validator\6.0.11.Final\hibernate-validator-6.0.11.Final.jar;C:\Users\ustjavafsdb403\.m2\repository\javax\validation\validation-api\2.0.1.Final\validation-api-2.0.1.Final.jar;C:\Users\ustjavafsdb403\.m2\repository\org\openjfx\javafx.base\11.0.0-SNAPSHOT\javafx.base-11.0.0-SNAPSHOT.jar;C:\Users\ustjavafsdb403\.m2\repository\org\openjfx\javafx.base\11.0.0-SNAPSHOT\javafx.base-11.0.0-SNAPSHOT-linux.jar;C:\Users\ustjavafsdb403\.m2\repository\org\openjfx\javafx.base\11.0.0-SNAPSHOT\javafx.base-11.0.0-SNAPSHOT-mac.jar;C:\Users\ustjavafsdb403\.m2\repository\org\openjfx\javafx.base\11.0.0-SNAPSHOT\javafx.base-11.0.0-SNAPSHOT-win.jar;C:\Users\ustjavafsdb403\.m2\repository\org\springframework\spring-web\5.0.8.RELEASE\spring-web-5.0.8.RELEASE.jar;C:\Users\ustjavafsdb403\.m2\repository\org\springframework\spring-webmvc\5.0.8.RELEASE\spring-webmvc-5.0.8.RELEASE.jar;C:\Users\ustjavafsdb403\.m2\repository\org\springframework\spring-expression\5.0.8.RELEASE\spring-expression-5.0.8.RELEASE.jar;C:\Users\ustjavafsdb403\.m2\repository\com\h2database\h2\1.4.197\h2-1.4.197.jar;C:\Users\ustjavafsdb403\.m2\repository\javax\xml\bind\jaxb-api\2.3.0\jaxb-api-2.3.0.jar;C:\Users\ustjavafsdb403\.m2\repository\org\springframework\boot\spring-boot-starter-test\2.0.4.RELEASE\spring-boot-starter-test-2.0.4.RELEASE.jar;C:\Users\ustjavafsdb403\.m2\repository\org\springframework\boot\spring-boot-test\2.0.4.RELEASE\spring-boot-test-2.0.4.RELEASE.jar;C:\Users\ustjavafsdb403\.m2\repository\org\springframework\boot\spring-boot-test-autoconfigure\2.0.4.RELEASE\spring-boot-test-autoconfigure-2.0.4.RELEASE.jar;C:\Users\ustjavafsdb403\.m2\repository\com\jayway\jsonpath\json-path\2.4.0\json-path-2.4.0.jar;C:\Users\ustjavafsdb403\.m2\repository\net\minidev\json-smart\2.3\json-smart-2.3.jar;C:\Users\ustjavafsdb403\.m2\repository\net\minidev\accessors-smart\1.2\accessors-smart-1.2.jar;C:\Users\ustjavafsdb403\.m2\repository\org\ow2\asm\asm\5.0.4\asm-5.0.4.jar;C:\Users\ustjavafsdb403\.m2\repository\junit\junit\4.12\junit-4.12.jar;C:\Users\ustjavafsdb403\.m2\repository\org\assertj\assertj-core\3.9.1\assertj-core-3.9.1.jar;C:\Users\ustjavafsdb403\.m2\repository\org\mockito\mockito-core\2.15.0\mockito-core-2.15.0.jar;C:\Users\ustjavafsdb403\.m2\repository\net\bytebuddy\byte-buddy\1.7.11\byte-buddy-1.7.11.jar;C:\Users\ustjavafsdb403\.m2\repository\net\bytebuddy\byte-buddy-agent\1.7.11\byte-buddy-agent-1.7.11.jar;C:\Users\ustjavafsdb403\.m2\repository\org\objenesis\objenesis\2.6\objenesis-2.6.jar;C:\Users\ustjavafsdb403\.m2\repository\org\hamcrest\hamcrest-core\1.3\hamcrest-core-1.3.jar;C:\Users\ustjavafsdb403\.m2\repository\org\hamcrest\hamcrest-library\1.3\hamcrest-library-1.3.jar;C:\Users\ustjavafsdb403\.m2\repository\org\skyscreamer\jsonassert\1.5.0\jsonassert-1.5.0.jar;C:\Users\ustjavafsdb403\.m2\repository\com\vaadin\external\google\android-json\0.0.20131108.vaadin1\android-json-0.0.20131108.vaadin1.jar;C:\Users\ustjavafsdb403\.m2\repository\org\springframework\spring-core\5.0.8.RELEASE\spring-core-5.0.8.RELEASE.jar;C:\Users\ustjavafsdb403\.m2\repository\org\springframework\spring-jcl\5.0.8.RELEASE\spring-jcl-5.0.8.RELEASE.jar;C:\Users\ustjavafsdb403\.m2\repository\org\springframework\spring-test\5.0.8.RELEASE\spring-test-5.0.8.RELEASE.jar;C:\Users\ustjavafsdb403\.m2\repository\org\xmlunit\xmlunit-core\2.5.1\xmlunit-core-2.5.1.jar;C:\Users\ustjavafsdb403\.m2\repository\com\fasterxml\jackson\module\jackson-module-parameter-names\2.9.6\jackson-module-parameter-names-2.9.6.jar;C:\Users\ustjavafsdb403\.m2\repository\com\fasterxml\jackson\core\jackson-core\2.9.6\jackson-core-2.9.6.jar;C:\Users\ustjavafsdb403\.m2\repository\com\fasterxml\jackson\core\jackson-databind\2.9.6\jackson-databind-2.9.6.jar;C:\Users\ustjavafsdb403\.m2\repository\com\fasterxml\jackson\datatype\jackson-datatype-jdk8\2.9.6\jackson-datatype-jdk8-2.9.6.jar;C:\Users\ustjavafsdb403\.m2\repository\com\fasterxml\jackson\datatype\jackson-datatype-jsr310\2.9.6\jackson-datatype-jsr310-2.9.6.jar;C:\Users\ustjavafsdb403\.m2\repository\com\fasterxml\jackson\core\jackson-annotations\2.9.0\jackson-annotations-2.9.0.jar;, sun.cpu.endian=little, user.home=C:\Users\ustjavafsdb403, user.language=en, java.specification.vendor=Oracle Corporation, java.version.date=2022-10-18, java.home=C:\Users\ustjavafsdb403\.p2\pool\plugins\org.eclipse.justj.openjdk.hotspot.jre.full.win32.x86_64_17.0.5.v20221102-0933\jre, file.separator=\, style.color=always, basedir=E:\spring-transaction-management-master, java.vm.compressedOopsMode=32-bit, line.separator=
, java.vm.specification.vendor=Oracle Corporation, java.specification.name=Java Platform API Specification, java.awt.headless=true, surefire.real.class.path=C:\Users\USTJAV~1\AppData\Local\Temp\surefire2126999072731693157\surefirebooter11800425145749619277.jar, user.script=, sun.management.compiler=HotSpot 64-Bit Tiered Compilers, java.runtime.version=17.0.5+8, user.name=ustjavafsdb403, path.separator=;, os.version=10.0, java.runtime.name=OpenJDK Runtime Environment, file.encoding=Cp1252, spring.beaninfo.ignore=true, java.vm.name=OpenJDK 64-Bit Server VM, java.vendor.version=Temurin-17.0.5+8, localRepository=C:\Users\ustjavafsdb403\.m2\repository, java.vendor.url.bug=https://github.com/adoptium/adoptium-support/issues, java.io.tmpdir=C:\Users\USTJAV~1\AppData\Local\Temp\, java.version=17.0.5, user.dir=E:\spring-transaction-management-master, os.arch=amd64, java.vm.specification.name=Java Virtual Machine Specification, PID=3888, sun.os.patch.level=, native.encoding=Cp1252, java.library.path=C:\Users\ustjavafsdb403\.p2\pool\plugins\org.eclipse.justj.openjdk.hotspot.jre.full.win32.x86_64_17.0.5.v20221102-0933\jre\bin;C:\Windows\Sun\Java\bin;C:\Windows\system32;C:\Windows;C:/Users/ustjavafsdb403/.p2/pool/plugins/org.eclipse.justj.openjdk.hotspot.jre.full.win32.x86_64_17.0.5.v20221102-0933/jre/bin/server;C:/Users/ustjavafsdb403/.p2/pool/plugins/org.eclipse.justj.openjdk.hotspot.jre.full.win32.x86_64_17.0.5.v20221102-0933/jre/bin;C:\Program Files\Common Files\Oracle\Java\javapath;C:\Windows\system32;C:\Windows;C:\Windows\System32\Wbem;C:\Windows\System32\WindowsPowerShell\v1.0\;C:\Windows\System32\OpenSSH\;C:\Program Files\Java\jdk-11.0.15\bin;C:\Program Files (x86)\Citrix\HDX\bin\;C:\Program Files\Citrix\HDX\bin\;C:\Program Files\Git\cmd;C:\Program Files\Docker\Docker\resources\bin;C:\Program Files\MySQL\MySQL Shell 8.0\bin\;C:\Users\ustjavafsdb403\AppData\Local\Microsoft\WindowsApps;C:\ProgramData\ustjavafsdb403\GitHubDesktop\bin;C:\Windows\system32;;., java.vm.info=mixed mode, java.vendor=Eclipse Adoptium, java.vm.version=17.0.5+8, sun.io.unicode.encoding=UnicodeLittle, java.class.version=61.0}}, SystemEnvironmentPropertySource@1434506799 {name='systemEnvironment', properties={PATH=C:/Users/ustjavafsdb403/.p2/pool/plugins/org.eclipse.justj.openjdk.hotspot.jre.full.win32.x86_64_17.0.5.v20221102-0933/jre/bin/server;C:/Users/ustjavafsdb403/.p2/pool/plugins/org.eclipse.justj.openjdk.hotspot.jre.full.win32.x86_64_17.0.5.v20221102-0933/jre/bin;C:\Program Files\Common Files\Oracle\Java\javapath;C:\Windows\system32;C:\Windows;C:\Windows\System32\Wbem;C:\Windows\System32\WindowsPowerShell\v1.0\;C:\Windows\System32\OpenSSH\;C:\Program Files\Java\jdk-11.0.15\bin;C:\Program Files (x86)\Citrix\HDX\bin\;C:\Program Files\Citrix\HDX\bin\;C:\Program Files\Git\cmd;C:\Program Files\Docker\Docker\resources\bin;C:\Program Files\MySQL\MySQL Shell 8.0\bin\;C:\Users\ustjavafsdb403\AppData\Local\Microsoft\WindowsApps;C:\ProgramData\ustjavafsdb403\GitHubDesktop\bin;C:\Windows\system32;, USERDOMAIN_ROAMINGPROFILE=IIHT, LOCALAPPDATA=C:\Users\ustjavafsdb403\AppData\Local, PROCESSOR_LEVEL=6, SYSTEMDRIVE=C:, COMMONPROGRAMFILES(X86)=C:\Program Files (x86)\Common Files, USERDOMAIN=IIHT, FPS_BROWSER_APP_PROFILE_STRING=Internet Explorer, LOGONSERVER=\\SDC, PROMPT=$P$G, SESSIONNAME=Console, ALLUSERSPROFILE=C:\ProgramData, PROGRAMFILES(X86)=C:\Program Files (x86), PROCESSOR_ARCHITECTURE=AMD64, DRIVERDATA=C:\Windows\System32\Drivers\DriverData, =E:=E:\spring-transaction-management-master, PROGRAMFILES=C:\Program Files, APPDATA=C:\Users\ustjavafsdb403\AppData\Roaming, PSMODULEPATH=C:\Program Files\WindowsPowerShell\Modules;C:\Windows\system32\WindowsPowerShell\v1.0\Modules;C:\Program Files\Citrix\Telemetry Service\, PROGRAMW6432=C:\Program Files, PROGRAMDATA=C:\ProgramData, SYSTEMROOT=C:\Windows, USERNAME=ustjavafsdb403, USERDNSDOMAIN=IIHT.TECH, FPS_BROWSER_USER_PROFILE_STRING=Default, ONEDRIVE=C:\Users\ustjavafsdb403\OneDrive, PATHEXT=.COM;.EXE;.BAT;.CMD;.VBS;.VBE;.JS;.JSE;.WSF;.WSH;.MSC, OS=Windows_NT, COMMONPROGRAMW6432=C:\Program Files\Common Files, COMPUTERNAME=USTFSD08, COMMONPROGRAMFILES=C:\Program Files\Common Files, COMSPEC=C:\Windows\system32\cmd.exe, PROCESSOR_REVISION=4f01, WINDIR=C:\Windows, HOMEPATH=\Users\ustjavafsdb403, TEMP=C:\Users\USTJAV~1\AppData\Local\Temp, HOMEDRIVE=C:, PROCESSOR_IDENTIFIER=Intel64 Family 6 Model 79 Stepping 1, GenuineIntel, USERPROFILE=C:\Users\ustjavafsdb403, TMP=C:\Users\USTJAV~1\AppData\Local\Temp, PUBLIC=C:\Users\Public, NUMBER_OF_PROCESSORS=4, =::=::\}}]
2023-01-04 17:44:53.202 DEBUG 3888 --- [           main] .i.s.PathMatchingResourcePatternResolver : Resolved classpath location [com/affani/datatranx/] to resources [URL [file:/E:/spring-transaction-management-master/target/test-classes/com/affani/datatranx/], URL [file:/E:/spring-transaction-management-master/target/classes/com/affani/datatranx/]]
2023-01-04 17:44:53.202 DEBUG 3888 --- [           main] .i.s.PathMatchingResourcePatternResolver : Looking for matching resources in directory tree [E:\spring-transaction-management-master\target\test-classes\com\affani\datatranx]
2023-01-04 17:44:53.202 DEBUG 3888 --- [           main] .i.s.PathMatchingResourcePatternResolver : Searching directory [E:\spring-transaction-management-master\target\test-classes\com\affani\datatranx] for files matching pattern [E:/spring-transaction-management-master/target/test-classes/com/affani/datatranx/*.class]
2023-01-04 17:44:53.203 DEBUG 3888 --- [           main] .i.s.PathMatchingResourcePatternResolver : Looking for matching resources in directory tree [E:\spring-transaction-management-master\target\classes\com\affani\datatranx]
2023-01-04 17:44:53.203 DEBUG 3888 --- [           main] .i.s.PathMatchingResourcePatternResolver : Searching directory [E:\spring-transaction-management-master\target\classes\com\affani\datatranx] for files matching pattern [E:/spring-transaction-management-master/target/classes/com/affani/datatranx/*.class]
2023-01-04 17:44:53.202 DEBUG 3888 --- [kground-preinit] o.a.tomcat.util.digester.Digester.sax    : startElement(,,attribute)
2023-01-04 17:44:53.203 DEBUG 3888 --- [           main] .i.s.PathMatchingResourcePatternResolver : Resolved location pattern [classpath*:com/affani/datatranx/*.class] to resources [file [E:\spring-transaction-management-master\target\test-classes\com\affani\datatranx\DatatranxApplicationTests.class], file [E:\spring-transaction-management-master\target\classes\com\affani\datatranx\DatatranxApplication.class]]
2023-01-04 17:44:53.204 DEBUG 3888 --- [kground-preinit] o.apache.tomcat.util.digester.Digester   :   New match='mbeans-descriptors/mbean/attribute'
2023-01-04 17:44:53.204 DEBUG 3888 --- [kground-preinit] o.apache.tomcat.util.digester.Digester   :   Fire begin() for ObjectCreateRule[className=org.apache.tomcat.util.modeler.AttributeInfo, attributeName=null]
2023-01-04 17:44:53.204 DEBUG 3888 --- [kground-preinit] o.apache.tomcat.util.digester.Digester   : [ObjectCreateRule]{mbeans-descriptors/mbean/attribute}New org.apache.tomcat.util.modeler.AttributeInfo
2023-01-04 17:44:53.204 DEBUG 3888 --- [kground-preinit] o.apache.tomcat.util.digester.Digester   :   Fire begin() for SetPropertiesRule[]
2023-01-04 17:44:53.204 DEBUG 3888 --- [kground-preinit] o.apache.tomcat.util.digester.Digester   : [SetPropertiesRule]{mbeans-descriptors/mbean/attribute} Set org.apache.tomcat.util.modeler.AttributeInfo properties
2023-01-04 17:44:53.204 DEBUG 3888 --- [kground-preinit] o.apache.tomcat.util.digester.Digester   : [SetPropertiesRule]{mbeans-descriptors/mbean/attribute} Setting property 'name' to 'cache'
2023-01-04 17:44:53.205 DEBUG 3888 --- [kground-preinit] o.apache.tomcat.util.IntrospectionUtils  : IntrospectionUtils: setProperty(class org.apache.tomcat.util.modeler.AttributeInfo name=cache)
2023-01-04 17:44:53.205 DEBUG 3888 --- [kground-preinit] o.apache.tomcat.util.digester.Digester   : [SetPropertiesRule]{mbeans-descriptors/mbean/attribute} Setting property 'description' to 'Should we cache authenticated Principals if the request is part of an HTTP session?'
2023-01-04 17:44:53.206 DEBUG 3888 --- [kground-preinit] o.apache.tomcat.util.IntrospectionUtils  : IntrospectionUtils: setProperty(class org.apache.tomcat.util.modeler.AttributeInfo description=Should we cache authenticated Principals if the request is part of an HTTP session?)
2023-01-04 17:44:53.206 DEBUG 3888 --- [kground-preinit] o.apache.tomcat.util.digester.Digester   : [SetPropertiesRule]{mbeans-descriptors/mbean/attribute} Setting property 'type' to 'boolean'
2023-01-04 17:44:53.207 DEBUG 3888 --- [kground-preinit] o.apache.tomcat.util.IntrospectionUtils  : IntrospectionUtils: setProperty(class org.apache.tomcat.util.modeler.AttributeInfo type=boolean)
2023-01-04 17:44:53.207 DEBUG 3888 --- [kground-preinit] o.apache.tomcat.util.digester.Digester   :   Fire begin() for SetNextRule[methodName=addAttribute, paramType=org.apache.tomcat.util.modeler.AttributeInfo]
2023-01-04 17:44:53.208 DEBUG 3888 --- [kground-preinit] o.a.tomcat.util.digester.Digester.sax    : endElement(,,attribute)
2023-01-04 17:44:53.208 DEBUG 3888 --- [kground-preinit] o.apache.tomcat.util.digester.Digester   :   match='mbeans-descriptors/mbean/attribute'
2023-01-04 17:44:53.209 DEBUG 3888 --- [           main] ssPathScanningCandidateComponentProvider : Identified candidate component class: file [E:\spring-transaction-management-master\target\classes\com\affani\datatranx\DatatranxApplication.class]
2023-01-04 17:44:53.209  INFO 3888 --- [           main] .b.t.c.SpringBootTestContextBootstrapper : Found @SpringBootConfiguration com.affani.datatranx.DatatranxApplication for test class com.affani.datatranx.DatatranxApplicationTests
2023-01-04 17:44:53.209 DEBUG 3888 --- [kground-preinit] o.apache.tomcat.util.digester.Digester   :   bodyText=''
2023-01-04 17:44:53.209 DEBUG 3888 --- [kground-preinit] o.apache.tomcat.util.digester.Digester   :   Fire body() for ObjectCreateRule[className=org.apache.tomcat.util.modeler.AttributeInfo, attributeName=null]
2023-01-04 17:44:53.209 DEBUG 3888 --- [kground-preinit] o.apache.tomcat.util.digester.Digester   :   Fire body() for SetPropertiesRule[]
2023-01-04 17:44:53.210 DEBUG 3888 --- [kground-preinit] o.apache.tomcat.util.digester.Digester   :   Fire body() for SetNextRule[methodName=addAttribute, paramType=org.apache.tomcat.util.modeler.AttributeInfo]
2023-01-04 17:44:53.210 DEBUG 3888 --- [kground-preinit] o.apache.tomcat.util.digester.Digester   :   Fire end() for SetNextRule[methodName=addAttribute, paramType=org.apache.tomcat.util.modeler.AttributeInfo]
2023-01-04 17:44:53.210 DEBUG 3888 --- [kground-preinit] o.apache.tomcat.util.digester.Digester   : [SetNextRule]{mbeans-descriptors/mbean/attribute} Call org.apache.tomcat.util.modeler.ManagedBean.addAttribute(org.apache.tomcat.util.modeler.AttributeInfo@292a314e)
2023-01-04 17:44:53.210 DEBUG 3888 --- [kground-preinit] o.apache.tomcat.util.IntrospectionUtils  : IntrospectionUtils: callMethod1 org.apache.tomcat.util.modeler.ManagedBean org.apache.tomcat.util.modeler.AttributeInfo org.apache.tomcat.util.modeler.AttributeInfo
2023-01-04 17:44:53.210 DEBUG 3888 --- [kground-preinit] o.apache.tomcat.util.digester.Digester   :   Fire end() for SetPropertiesRule[]
2023-01-04 17:44:53.210 DEBUG 3888 --- [kground-preinit] o.apache.tomcat.util.digester.Digester   :   Fire end() for ObjectCreateRule[className=org.apache.tomcat.util.modeler.AttributeInfo, attributeName=null]
2023-01-04 17:44:53.210 DEBUG 3888 --- [kground-preinit] o.apache.tomcat.util.digester.Digester   : [ObjectCreateRule]{mbeans-descriptors/mbean/attribute} Pop org.apache.tomcat.util.modeler.AttributeInfo
2023-01-04 17:44:53.210 DEBUG 3888 --- [kground-preinit] o.a.tomcat.util.digester.Digester.sax    : characters(

    )
2023-01-04 17:44:53.211 DEBUG 3888 --- [kground-preinit] o.a.tomcat.util.digester.Digester.sax    : startElement(,,attribute)
2023-01-04 17:44:53.211 DEBUG 3888 --- [           main] .b.t.c.SpringBootTestContextBootstrapper : @TestExecutionListeners is not present for class [com.affani.datatranx.DatatranxApplicationTests]: using defaults.
2023-01-04 17:44:53.211  INFO 3888 --- [           main] .b.t.c.SpringBootTestContextBootstrapper : Loaded default TestExecutionListener class names from location [META-INF/spring.factories]: [org.springframework.boot.test.mock.mockito.MockitoTestExecutionListener, org.springframework.boot.test.mock.mockito.ResetMocksTestExecutionListener, org.springframework.boot.test.autoconfigure.restdocs.RestDocsTestExecutionListener, org.springframework.boot.test.autoconfigure.web.client.MockRestServiceServerResetTestExecutionListener, org.springframework.boot.test.autoconfigure.web.servlet.MockMvcPrintOnlyOnFailureTestExecutionListener, org.springframework.boot.test.autoconfigure.web.servlet.WebDriverTestExecutionListener, org.springframework.test.context.web.ServletTestExecutionListener, org.springframework.test.context.support.DirtiesContextBeforeModesTestExecutionListener, org.springframework.test.context.support.DependencyInjectionTestExecutionListener, org.springframework.test.context.support.DirtiesContextTestExecutionListener, org.springframework.test.context.transaction.TransactionalTestExecutionListener, org.springframework.test.context.jdbc.SqlScriptsTestExecutionListener]
2023-01-04 17:44:53.211 DEBUG 3888 --- [kground-preinit] o.apache.tomcat.util.digester.Digester   :   New match='mbeans-descriptors/mbean/attribute'
2023-01-04 17:44:53.211 DEBUG 3888 --- [kground-preinit] o.apache.tomcat.util.digester.Digester   :   Fire begin() for ObjectCreateRule[className=org.apache.tomcat.util.modeler.AttributeInfo, attributeName=null]
2023-01-04 17:44:53.211  INFO 3888 --- [           main] .b.t.c.SpringBootTestContextBootstrapper : Using TestExecutionListeners: [org.springframework.test.context.web.ServletTestExecutionListener@680a66dd, org.springframework.test.context.support.DirtiesContextBeforeModesTestExecutionListener@2dd8239, org.springframework.boot.test.mock.mockito.MockitoTestExecutionListener@472698d, org.springframework.boot.test.autoconfigure.SpringBootDependencyInjectionTestExecutionListener@7b7683d4, org.springframework.test.context.support.DirtiesContextTestExecutionListener@40712ee9, org.springframework.test.context.transaction.TransactionalTestExecutionListener@2e53b094, org.springframework.test.context.jdbc.SqlScriptsTestExecutionListener@39fa8ad2, org.springframework.boot.test.mock.mockito.ResetMocksTestExecutionListener@76ddd61a, org.springframework.boot.test.autoconfigure.restdocs.RestDocsTestExecutionListener@3f92a84e, org.springframework.boot.test.autoconfigure.web.client.MockRestServiceServerResetTestExecutionListener@cf67838, org.springframework.boot.test.autoconfigure.web.servlet.MockMvcPrintOnlyOnFailureTestExecutionListener@6137cf6e, org.springframework.boot.test.autoconfigure.web.servlet.WebDriverTestExecutionListener@7942a854]
2023-01-04 17:44:53.212 DEBUG 3888 --- [kground-preinit] o.apache.tomcat.util.digester.Digester   : [ObjectCreateRule]{mbeans-descriptors/mbean/attribute}New org.apache.tomcat.util.modeler.AttributeInfo
2023-01-04 17:44:53.222 DEBUG 3888 --- [kground-preinit] o.apache.tomcat.util.digester.Digester   :   Fire begin() for SetPropertiesRule[]
2023-01-04 17:44:53.222 DEBUG 3888 --- [kground-preinit] o.apache.tomcat.util.digester.Digester   : [SetPropertiesRule]{mbeans-descriptors/mbean/attribute} Set org.apache.tomcat.util.modeler.AttributeInfo properties
2023-01-04 17:44:53.223 DEBUG 3888 --- [kground-preinit] o.apache.tomcat.util.digester.Digester   : [SetPropertiesRule]{mbeans-descriptors/mbean/attribute} Setting property 'name' to 'changeSessionIdOnAuthentication'
2023-01-04 17:44:53.223 DEBUG 3888 --- [kground-preinit] o.apache.tomcat.util.IntrospectionUtils  : IntrospectionUtils: setProperty(class org.apache.tomcat.util.modeler.AttributeInfo name=changeSessionIdOnAuthentication)
2023-01-04 17:44:53.223 DEBUG 3888 --- [kground-preinit] o.apache.tomcat.util.digester.Digester   : [SetPropertiesRule]{mbeans-descriptors/mbean/attribute} Setting property 'description' to 'Controls if the session ID is changed if a session exists at the point where users are authenticated'
2023-01-04 17:44:53.223 DEBUG 3888 --- [kground-preinit] o.apache.tomcat.util.IntrospectionUtils  : IntrospectionUtils: setProperty(class org.apache.tomcat.util.modeler.AttributeInfo description=Controls if the session ID is changed if a session exists at the point where users are authenticated)
2023-01-04 17:44:53.223 DEBUG 3888 --- [kground-preinit] o.apache.tomcat.util.digester.Digester   : [SetPropertiesRule]{mbeans-descriptors/mbean/attribute} Setting property 'type' to 'boolean'
2023-01-04 17:44:53.223 DEBUG 3888 --- [kground-preinit] o.apache.tomcat.util.IntrospectionUtils  : IntrospectionUtils: setProperty(class org.apache.tomcat.util.modeler.AttributeInfo type=boolean)
2023-01-04 17:44:53.224 DEBUG 3888 --- [kground-preinit] o.apache.tomcat.util.digester.Digester   :   Fire begin() for SetNextRule[methodName=addAttribute, paramType=org.apache.tomcat.util.modeler.AttributeInfo]
2023-01-04 17:44:53.224 DEBUG 3888 --- [kground-preinit] o.a.tomcat.util.digester.Digester.sax    : endElement(,,attribute)
2023-01-04 17:44:53.224 DEBUG 3888 --- [kground-preinit] o.apache.tomcat.util.digester.Digester   :   match='mbeans-descriptors/mbean/attribute'
2023-01-04 17:44:53.224 DEBUG 3888 --- [kground-preinit] o.apache.tomcat.util.digester.Digester   :   bodyText=''
2023-01-04 17:44:53.224 DEBUG 3888 --- [kground-preinit] o.apache.tomcat.util.digester.Digester   :   Fire body() for ObjectCreateRule[className=org.apache.tomcat.util.modeler.AttributeInfo, attributeName=null]
2023-01-04 17:44:53.224 DEBUG 3888 --- [kground-preinit] o.apache.tomcat.util.digester.Digester   :   Fire body() for SetPropertiesRule[]
2023-01-04 17:44:53.224 DEBUG 3888 --- [kground-preinit] o.apache.tomcat.util.digester.Digester   :   Fire body() for SetNextRule[methodName=addAttribute, paramType=org.apache.tomcat.util.modeler.AttributeInfo]
2023-01-04 17:44:53.224 DEBUG 3888 --- [kground-preinit] o.apache.tomcat.util.digester.Digester   :   Fire end() for SetNextRule[methodName=addAttribute, paramType=org.apache.tomcat.util.modeler.AttributeInfo]
2023-01-04 17:44:53.224 DEBUG 3888 --- [kground-preinit] o.apache.tomcat.util.digester.Digester   : [SetNextRule]{mbeans-descriptors/mbean/attribute} Call org.apache.tomcat.util.modeler.ManagedBean.addAttribute(org.apache.tomcat.util.modeler.AttributeInfo@8d3a0b8)
2023-01-04 17:44:53.224 DEBUG 3888 --- [kground-preinit] o.apache.tomcat.util.IntrospectionUtils  : IntrospectionUtils: callMethod1 org.apache.tomcat.util.modeler.ManagedBean org.apache.tomcat.util.modeler.AttributeInfo org.apache.tomcat.util.modeler.AttributeInfo
2023-01-04 17:44:53.224 DEBUG 3888 --- [kground-preinit] o.apache.tomcat.util.digester.Digester   :   Fire end() for SetPropertiesRule[]
2023-01-04 17:44:53.225 DEBUG 3888 --- [kground-preinit] o.apache.tomcat.util.digester.Digester   :   Fire end() for ObjectCreateRule[className=org.apache.tomcat.util.modeler.AttributeInfo, attributeName=null]
2023-01-04 17:44:53.225 DEBUG 3888 --- [kground-preinit] o.apache.tomcat.util.digester.Digester   : [ObjectCreateRule]{mbeans-descriptors/mbean/attribute} Pop org.apache.tomcat.util.modeler.AttributeInfo
2023-01-04 17:44:53.225 DEBUG 3888 --- [kground-preinit] o.a.tomcat.util.digester.Digester.sax    : characters(

    )
2023-01-04 17:44:53.225 DEBUG 3888 --- [kground-preinit] o.a.tomcat.util.digester.Digester.sax    : startElement(,,attribute)
2023-01-04 17:44:53.225 DEBUG 3888 --- [kground-preinit] o.apache.tomcat.util.digester.Digester   :   New match='mbeans-descriptors/mbean/attribute'
2023-01-04 17:44:53.226 DEBUG 3888 --- [kground-preinit] o.apache.tomcat.util.digester.Digester   :   Fire begin() for ObjectCreateRule[className=org.apache.tomcat.util.modeler.AttributeInfo, attributeName=null]
2023-01-04 17:44:53.226 DEBUG 3888 --- [kground-preinit] o.apache.tomcat.util.digester.Digester   : [ObjectCreateRule]{mbeans-descriptors/mbean/attribute}New org.apache.tomcat.util.modeler.AttributeInfo
2023-01-04 17:44:53.226 DEBUG 3888 --- [kground-preinit] o.apache.tomcat.util.digester.Digester   :   Fire begin() for SetPropertiesRule[]
2023-01-04 17:44:53.226 DEBUG 3888 --- [kground-preinit] o.apache.tomcat.util.digester.Digester   : [SetPropertiesRule]{mbeans-descriptors/mbean/attribute} Set org.apache.tomcat.util.modeler.AttributeInfo properties
2023-01-04 17:44:53.226 DEBUG 3888 --- [kground-preinit] o.apache.tomcat.util.digester.Digester   : [SetPropertiesRule]{mbeans-descriptors/mbean/attribute} Setting property 'name' to 'className'
2023-01-04 17:44:53.225 DEBUG 3888 --- [           main] o.s.test.annotation.ProfileValueUtils    : Retrieved @ProfileValueSourceConfiguration [null] for test class [com.affani.datatranx.DatatranxApplicationTests]
2023-01-04 17:44:53.226 DEBUG 3888 --- [kground-preinit] o.apache.tomcat.util.IntrospectionUtils  : IntrospectionUtils: setProperty(class org.apache.tomcat.util.modeler.AttributeInfo name=className)
2023-01-04 17:44:53.227 DEBUG 3888 --- [kground-preinit] o.apache.tomcat.util.digester.Digester   : [SetPropertiesRule]{mbeans-descriptors/mbean/attribute} Setting property 'description' to 'Fully qualified class name of the managed object'
2023-01-04 17:44:53.227 DEBUG 3888 --- [kground-preinit] o.apache.tomcat.util.IntrospectionUtils  : IntrospectionUtils: setProperty(class org.apache.tomcat.util.modeler.AttributeInfo description=Fully qualified class name of the managed object)
2023-01-04 17:44:53.227 DEBUG 3888 --- [kground-preinit] o.apache.tomcat.util.digester.Digester   : [SetPropertiesRule]{mbeans-descriptors/mbean/attribute} Setting property 'type' to 'java.lang.String'
2023-01-04 17:44:53.227 DEBUG 3888 --- [kground-preinit] o.apache.tomcat.util.IntrospectionUtils  : IntrospectionUtils: setProperty(class org.apache.tomcat.util.modeler.AttributeInfo type=java.lang.String)
2023-01-04 17:44:53.227 DEBUG 3888 --- [kground-preinit] o.apache.tomcat.util.digester.Digester   : [SetPropertiesRule]{mbeans-descriptors/mbean/attribute} Setting property 'writeable' to 'false'
2023-01-04 17:44:53.227 DEBUG 3888 --- [kground-preinit] o.apache.tomcat.util.IntrospectionUtils  : IntrospectionUtils: setProperty(class org.apache.tomcat.util.modeler.AttributeInfo writeable=false)
2023-01-04 17:44:53.227 DEBUG 3888 --- [kground-preinit] o.apache.tomcat.util.digester.Digester   :   Fire begin() for SetNextRule[methodName=addAttribute, paramType=org.apache.tomcat.util.modeler.AttributeInfo]
2023-01-04 17:44:53.228 DEBUG 3888 --- [kground-preinit] o.a.tomcat.util.digester.Digester.sax    : endElement(,,attribute)
2023-01-04 17:44:53.228 DEBUG 3888 --- [kground-preinit] o.apache.tomcat.util.digester.Digester   :   match='mbeans-descriptors/mbean/attribute'
2023-01-04 17:44:53.228 DEBUG 3888 --- [kground-preinit] o.apache.tomcat.util.digester.Digester   :   bodyText=''
2023-01-04 17:44:53.228 DEBUG 3888 --- [kground-preinit] o.apache.tomcat.util.digester.Digester   :   Fire body() for ObjectCreateRule[className=org.apache.tomcat.util.modeler.AttributeInfo, attributeName=null]
2023-01-04 17:44:53.228 DEBUG 3888 --- [kground-preinit] o.apache.tomcat.util.digester.Digester   :   Fire body() for SetPropertiesRule[]
2023-01-04 17:44:53.228 DEBUG 3888 --- [kground-preinit] o.apache.tomcat.util.digester.Digester   :   Fire body() for SetNextRule[methodName=addAttribute, paramType=org.apache.tomcat.util.modeler.AttributeInfo]
2023-01-04 17:44:53.228 DEBUG 3888 --- [kground-preinit] o.apache.tomcat.util.digester.Digester   :   Fire end() for SetNextRule[methodName=addAttribute, paramType=org.apache.tomcat.util.modeler.AttributeInfo]
2023-01-04 17:44:53.228 DEBUG 3888 --- [kground-preinit] o.apache.tomcat.util.digester.Digester   : [SetNextRule]{mbeans-descriptors/mbean/attribute} Call org.apache.tomcat.util.modeler.ManagedBean.addAttribute(org.apache.tomcat.util.modeler.AttributeInfo@4348cb48)
2023-01-04 17:44:53.229 DEBUG 3888 --- [kground-preinit] o.apache.tomcat.util.IntrospectionUtils  : IntrospectionUtils: callMethod1 org.apache.tomcat.util.modeler.ManagedBean org.apache.tomcat.util.modeler.AttributeInfo org.apache.tomcat.util.modeler.AttributeInfo
2023-01-04 17:44:53.229 DEBUG 3888 --- [kground-preinit] o.apache.tomcat.util.digester.Digester   :   Fire end() for SetPropertiesRule[]
2023-01-04 17:44:53.229 DEBUG 3888 --- [kground-preinit] o.apache.tomcat.util.digester.Digester   :   Fire end() for ObjectCreateRule[className=org.apache.tomcat.util.modeler.AttributeInfo, attributeName=null]
2023-01-04 17:44:53.229 DEBUG 3888 --- [kground-preinit] o.apache.tomcat.util.digester.Digester   : [ObjectCreateRule]{mbeans-descriptors/mbean/attribute} Pop org.apache.tomcat.util.modeler.AttributeInfo
2023-01-04 17:44:53.229 DEBUG 3888 --- [kground-preinit] o.a.tomcat.util.digester.Digester.sax    : characters(

    )
2023-01-04 17:44:53.233 DEBUG 3888 --- [kground-preinit] o.a.tomcat.util.digester.Digester.sax    : startElement(,,attribute)
2023-01-04 17:44:53.234 DEBUG 3888 --- [kground-preinit] o.apache.tomcat.util.digester.Digester   :   New match='mbeans-descriptors/mbean/attribute'
2023-01-04 17:44:53.234 DEBUG 3888 --- [kground-preinit] o.apache.tomcat.util.digester.Digester   :   Fire begin() for ObjectCreateRule[className=org.apache.tomcat.util.modeler.AttributeInfo, attributeName=null]
2023-01-04 17:44:53.235 DEBUG 3888 --- [kground-preinit] o.apache.tomcat.util.digester.Digester   : [ObjectCreateRule]{mbeans-descriptors/mbean/attribute}New org.apache.tomcat.util.modeler.AttributeInfo
2023-01-04 17:44:53.235 DEBUG 3888 --- [kground-preinit] o.apache.tomcat.util.digester.Digester   :   Fire begin() for SetPropertiesRule[]
2023-01-04 17:44:53.235 DEBUG 3888 --- [kground-preinit] o.apache.tomcat.util.digester.Digester   : [SetPropertiesRule]{mbeans-descriptors/mbean/attribute} Set org.apache.tomcat.util.modeler.AttributeInfo properties
2023-01-04 17:44:53.235 DEBUG 3888 --- [kground-preinit] o.apache.tomcat.util.digester.Digester   : [SetPropertiesRule]{mbeans-descriptors/mbean/attribute} Setting property 'name' to 'disableProxyCaching'
2023-01-04 17:44:53.235 DEBUG 3888 --- [kground-preinit] o.apache.tomcat.util.IntrospectionUtils  : IntrospectionUtils: setProperty(class org.apache.tomcat.util.modeler.AttributeInfo name=disableProxyCaching)
2023-01-04 17:44:53.235 DEBUG 3888 --- [kground-preinit] o.apache.tomcat.util.digester.Digester   : [SetPropertiesRule]{mbeans-descriptors/mbean/attribute} Setting property 'description' to 'Controls the caching of pages that are protected by security constraints'
2023-01-04 17:44:53.235 DEBUG 3888 --- [kground-preinit] o.apache.tomcat.util.IntrospectionUtils  : IntrospectionUtils: setProperty(class org.apache.tomcat.util.modeler.AttributeInfo description=Controls the caching of pages that are protected by security constraints)
2023-01-04 17:44:53.235 DEBUG 3888 --- [kground-preinit] o.apache.tomcat.util.digester.Digester   : [SetPropertiesRule]{mbeans-descriptors/mbean/attribute} Setting property 'type' to 'boolean'
2023-01-04 17:44:53.235 DEBUG 3888 --- [           main] o.s.test.annotation.ProfileValueUtils    : Retrieved ProfileValueSource type [class org.springframework.test.annotation.SystemProfileValueSource] for class [com.affani.datatranx.DatatranxApplicationTests]
2023-01-04 17:44:53.235 DEBUG 3888 --- [kground-preinit] o.apache.tomcat.util.IntrospectionUtils  : IntrospectionUtils: setProperty(class org.apache.tomcat.util.modeler.AttributeInfo type=boolean)
2023-01-04 17:44:53.236 DEBUG 3888 --- [kground-preinit] o.apache.tomcat.util.digester.Digester   :   Fire begin() for SetNextRule[methodName=addAttribute, paramType=org.apache.tomcat.util.modeler.AttributeInfo]
2023-01-04 17:44:53.236 DEBUG 3888 --- [kground-preinit] o.a.tomcat.util.digester.Digester.sax    : endElement(,,attribute)
2023-01-04 17:44:53.236 DEBUG 3888 --- [kground-preinit] o.apache.tomcat.util.digester.Digester   :   match='mbeans-descriptors/mbean/attribute'
2023-01-04 17:44:53.236 DEBUG 3888 --- [kground-preinit] o.apache.tomcat.util.digester.Digester   :   bodyText=''
2023-01-04 17:44:53.236 DEBUG 3888 --- [kground-preinit] o.apache.tomcat.util.digester.Digester   :   Fire body() for ObjectCreateRule[className=org.apache.tomcat.util.modeler.AttributeInfo, attributeName=null]
2023-01-04 17:44:53.236 DEBUG 3888 --- [kground-preinit] o.apache.tomcat.util.digester.Digester   :   Fire body() for SetPropertiesRule[]
2023-01-04 17:44:53.236 DEBUG 3888 --- [kground-preinit] o.apache.tomcat.util.digester.Digester   :   Fire body() for SetNextRule[methodName=addAttribute, paramType=org.apache.tomcat.util.modeler.AttributeInfo]
2023-01-04 17:44:53.236 DEBUG 3888 --- [           main] o.s.test.annotation.ProfileValueUtils    : Retrieved @ProfileValueSourceConfiguration [null] for test class [com.affani.datatranx.DatatranxApplicationTests]
2023-01-04 17:44:53.236 DEBUG 3888 --- [kground-preinit] o.apache.tomcat.util.digester.Digester   :   Fire end() for SetNextRule[methodName=addAttribute, paramType=org.apache.tomcat.util.modeler.AttributeInfo]
2023-01-04 17:44:53.236 DEBUG 3888 --- [kground-preinit] o.apache.tomcat.util.digester.Digester   : [SetNextRule]{mbeans-descriptors/mbean/attribute} Call org.apache.tomcat.util.modeler.ManagedBean.addAttribute(org.apache.tomcat.util.modeler.AttributeInfo@7fbd04e2)
2023-01-04 17:44:53.236 DEBUG 3888 --- [           main] o.s.test.annotation.ProfileValueUtils    : Retrieved ProfileValueSource type [class org.springframework.test.annotation.SystemProfileValueSource] for class [com.affani.datatranx.DatatranxApplicationTests]
2023-01-04 17:44:53.237 DEBUG 3888 --- [kground-preinit] o.apache.tomcat.util.IntrospectionUtils  : IntrospectionUtils: callMethod1 org.apache.tomcat.util.modeler.ManagedBean org.apache.tomcat.util.modeler.AttributeInfo org.apache.tomcat.util.modeler.AttributeInfo
2023-01-04 17:44:53.237 DEBUG 3888 --- [kground-preinit] o.apache.tomcat.util.digester.Digester   :   Fire end() for SetPropertiesRule[]
2023-01-04 17:44:53.237 DEBUG 3888 --- [kground-preinit] o.apache.tomcat.util.digester.Digester   :   Fire end() for ObjectCreateRule[className=org.apache.tomcat.util.modeler.AttributeInfo, attributeName=null]
2023-01-04 17:44:53.237 DEBUG 3888 --- [           main] o.s.test.annotation.ProfileValueUtils    : Retrieved @ProfileValueSourceConfiguration [null] for test class [com.affani.datatranx.DatatranxApplicationTests]
2023-01-04 17:44:53.237 DEBUG 3888 --- [kground-preinit] o.apache.tomcat.util.digester.Digester   : [ObjectCreateRule]{mbeans-descriptors/mbean/attribute} Pop org.apache.tomcat.util.modeler.AttributeInfo
2023-01-04 17:44:53.237 DEBUG 3888 --- [kground-preinit] o.a.tomcat.util.digester.Digester.sax    : characters(

    )
2023-01-04 17:44:53.237 DEBUG 3888 --- [kground-preinit] o.a.tomcat.util.digester.Digester.sax    : startElement(,,attribute)
2023-01-04 17:44:53.237 DEBUG 3888 --- [           main] o.s.test.annotation.ProfileValueUtils    : Retrieved ProfileValueSource type [class org.springframework.test.annotation.SystemProfileValueSource] for class [com.affani.datatranx.DatatranxApplicationTests]
2023-01-04 17:44:53.237 DEBUG 3888 --- [kground-preinit] o.apache.tomcat.util.digester.Digester   :   New match='mbeans-descriptors/mbean/attribute'
2023-01-04 17:44:53.237 DEBUG 3888 --- [kground-preinit] o.apache.tomcat.util.digester.Digester   :   Fire begin() for ObjectCreateRule[className=org.apache.tomcat.util.modeler.AttributeInfo, attributeName=null]
2023-01-04 17:44:53.237 DEBUG 3888 --- [kground-preinit] o.apache.tomcat.util.digester.Digester   : [ObjectCreateRule]{mbeans-descriptors/mbean/attribute}New org.apache.tomcat.util.modeler.AttributeInfo
2023-01-04 17:44:53.238 DEBUG 3888 --- [kground-preinit] o.apache.tomcat.util.digester.Digester   :   Fire begin() for SetPropertiesRule[]
2023-01-04 17:44:53.238 DEBUG 3888 --- [kground-preinit] o.apache.tomcat.util.digester.Digester   : [SetPropertiesRule]{mbeans-descriptors/mbean/attribute} Set org.apache.tomcat.util.modeler.AttributeInfo properties
2023-01-04 17:44:53.238 DEBUG 3888 --- [kground-preinit] o.apache.tomcat.util.digester.Digester   : [SetPropertiesRule]{mbeans-descriptors/mbean/attribute} Setting property 'name' to 'securePagesWithPragma'
2023-01-04 17:44:53.238 DEBUG 3888 --- [kground-preinit] o.apache.tomcat.util.IntrospectionUtils  : IntrospectionUtils: setProperty(class org.apache.tomcat.util.modeler.AttributeInfo name=securePagesWithPragma)
2023-01-04 17:44:53.238 DEBUG 3888 --- [kground-preinit] o.apache.tomcat.util.digester.Digester   : [SetPropertiesRule]{mbeans-descriptors/mbean/attribute} Setting property 'description' to 'Controls the caching of pages that are protected by security constraints'
2023-01-04 17:44:53.238 DEBUG 3888 --- [kground-preinit] o.apache.tomcat.util.IntrospectionUtils  : IntrospectionUtils: setProperty(class org.apache.tomcat.util.modeler.AttributeInfo description=Controls the caching of pages that are protected by security constraints)
2023-01-04 17:44:53.238 DEBUG 3888 --- [kground-preinit] o.apache.tomcat.util.digester.Digester   : [SetPropertiesRule]{mbeans-descriptors/mbean/attribute} Setting property 'type' to 'boolean'
2023-01-04 17:44:53.238 DEBUG 3888 --- [kground-preinit] o.apache.tomcat.util.IntrospectionUtils  : IntrospectionUtils: setProperty(class org.apache.tomcat.util.modeler.AttributeInfo type=boolean)
2023-01-04 17:44:53.238 DEBUG 3888 --- [kground-preinit] o.apache.tomcat.util.digester.Digester   :   Fire begin() for SetNextRule[methodName=addAttribute, paramType=org.apache.tomcat.util.modeler.AttributeInfo]
2023-01-04 17:44:53.238 DEBUG 3888 --- [kground-preinit] o.a.tomcat.util.digester.Digester.sax    : endElement(,,attribute)
2023-01-04 17:44:53.238 DEBUG 3888 --- [kground-preinit] o.apache.tomcat.util.digester.Digester   :   match='mbeans-descriptors/mbean/attribute'
2023-01-04 17:44:53.238 DEBUG 3888 --- [kground-preinit] o.apache.tomcat.util.digester.Digester   :   bodyText=''
2023-01-04 17:44:53.239 DEBUG 3888 --- [kground-preinit] o.apache.tomcat.util.digester.Digester   :   Fire body() for ObjectCreateRule[className=org.apache.tomcat.util.modeler.AttributeInfo, attributeName=null]
2023-01-04 17:44:53.239 DEBUG 3888 --- [kground-preinit] o.apache.tomcat.util.digester.Digester   :   Fire body() for SetPropertiesRule[]
2023-01-04 17:44:53.239 DEBUG 3888 --- [kground-preinit] o.apache.tomcat.util.digester.Digester   :   Fire body() for SetNextRule[methodName=addAttribute, paramType=org.apache.tomcat.util.modeler.AttributeInfo]
2023-01-04 17:44:53.239 DEBUG 3888 --- [kground-preinit] o.apache.tomcat.util.digester.Digester   :   Fire end() for SetNextRule[methodName=addAttribute, paramType=org.apache.tomcat.util.modeler.AttributeInfo]
2023-01-04 17:44:53.239 DEBUG 3888 --- [kground-preinit] o.apache.tomcat.util.digester.Digester   : [SetNextRule]{mbeans-descriptors/mbean/attribute} Call org.apache.tomcat.util.modeler.ManagedBean.addAttribute(org.apache.tomcat.util.modeler.AttributeInfo@765fa1a)
2023-01-04 17:44:53.239 DEBUG 3888 --- [kground-preinit] o.apache.tomcat.util.IntrospectionUtils  : IntrospectionUtils: callMethod1 org.apache.tomcat.util.modeler.ManagedBean org.apache.tomcat.util.modeler.AttributeInfo org.apache.tomcat.util.modeler.AttributeInfo
2023-01-04 17:44:53.239 DEBUG 3888 --- [kground-preinit] o.apache.tomcat.util.digester.Digester   :   Fire end() for SetPropertiesRule[]
2023-01-04 17:44:53.239 DEBUG 3888 --- [kground-preinit] o.apache.tomcat.util.digester.Digester   :   Fire end() for ObjectCreateRule[className=org.apache.tomcat.util.modeler.AttributeInfo, attributeName=null]
2023-01-04 17:44:53.239 DEBUG 3888 --- [kground-preinit] o.apache.tomcat.util.digester.Digester   : [ObjectCreateRule]{mbeans-descriptors/mbean/attribute} Pop org.apache.tomcat.util.modeler.AttributeInfo
2023-01-04 17:44:53.239 DEBUG 3888 --- [kground-preinit] o.a.tomcat.util.digester.Digester.sax    : characters(

    )
2023-01-04 17:44:53.239 DEBUG 3888 --- [kground-preinit] o.a.tomcat.util.digester.Digester.sax    : startElement(,,attribute)
2023-01-04 17:44:53.239 DEBUG 3888 --- [kground-preinit] o.apache.tomcat.util.digester.Digester   :   New match='mbeans-descriptors/mbean/attribute'
2023-01-04 17:44:53.239 DEBUG 3888 --- [kground-preinit] o.apache.tomcat.util.digester.Digester   :   Fire begin() for ObjectCreateRule[className=org.apache.tomcat.util.modeler.AttributeInfo, attributeName=null]
2023-01-04 17:44:53.239 DEBUG 3888 --- [kground-preinit] o.apache.tomcat.util.digester.Digester   : [ObjectCreateRule]{mbeans-descriptors/mbean/attribute}New org.apache.tomcat.util.modeler.AttributeInfo
2023-01-04 17:44:53.240 DEBUG 3888 --- [kground-preinit] o.apache.tomcat.util.digester.Digester   :   Fire begin() for SetPropertiesRule[]
2023-01-04 17:44:53.240 DEBUG 3888 --- [kground-preinit] o.apache.tomcat.util.digester.Digester   : [SetPropertiesRule]{mbeans-descriptors/mbean/attribute} Set org.apache.tomcat.util.modeler.AttributeInfo properties
2023-01-04 17:44:53.240 DEBUG 3888 --- [           main] tractDirtiesContextTestExecutionListener : Before test class: context [DefaultTestContext@53b8afea testClass = DatatranxApplicationTests, testInstance = [null], testMethod = [null], testException = [null], mergedContextConfiguration = [WebMergedContextConfiguration@6c302a1d testClass = DatatranxApplicationTests, locations = '{}', classes = '{class com.affani.datatranx.DatatranxApplication}', contextInitializerClasses = '[]', activeProfiles = '{}', propertySourceLocations = '{}', propertySourceProperties = '{org.springframework.boot.test.context.SpringBootTestContextBootstrapper=true}', contextCustomizers = set[org.springframework.boot.test.context.filter.ExcludeFilterContextCustomizer@32502377, org.springframework.boot.test.json.DuplicateJsonObjectContextCustomizerFactory$DuplicateJsonObjectContextCustomizer@66f57048, org.springframework.boot.test.mock.mockito.MockitoContextCustomizer@0, org.springframework.boot.test.web.client.TestRestTemplateContextCustomizer@242b836, org.springframework.boot.test.autoconfigure.properties.PropertyMappingContextCustomizer@0, org.springframework.boot.test.autoconfigure.web.servlet.WebDriverContextCustomizerFactory$Customizer@229c6181], resourceBasePath = 'src/main/webapp', contextLoader = 'org.springframework.boot.test.context.SpringBootContextLoader', parent = [null]], attributes = map['org.springframework.test.context.web.ServletTestExecutionListener.activateListener' -> true]], class annotated with @DirtiesContext [false] with mode [null].
2023-01-04 17:44:53.240 DEBUG 3888 --- [kground-preinit] o.apache.tomcat.util.digester.Digester   : [SetPropertiesRule]{mbeans-descriptors/mbean/attribute} Setting property 'name' to 'stateName'
2023-01-04 17:44:53.240 DEBUG 3888 --- [kground-preinit] o.apache.tomcat.util.IntrospectionUtils  : IntrospectionUtils: setProperty(class org.apache.tomcat.util.modeler.AttributeInfo name=stateName)
2023-01-04 17:44:53.241 DEBUG 3888 --- [kground-preinit] o.apache.tomcat.util.digester.Digester   : [SetPropertiesRule]{mbeans-descriptors/mbean/attribute} Setting property 'description' to 'The name of the LifecycleState that this component is currently in'
2023-01-04 17:44:53.241 DEBUG 3888 --- [kground-preinit] o.apache.tomcat.util.IntrospectionUtils  : IntrospectionUtils: setProperty(class org.apache.tomcat.util.modeler.AttributeInfo description=The name of the LifecycleState that this component is currently in)
2023-01-04 17:44:53.241 DEBUG 3888 --- [kground-preinit] o.apache.tomcat.util.digester.Digester   : [SetPropertiesRule]{mbeans-descriptors/mbean/attribute} Setting property 'type' to 'java.lang.String'
2023-01-04 17:44:53.241 DEBUG 3888 --- [kground-preinit] o.apache.tomcat.util.IntrospectionUtils  : IntrospectionUtils: setProperty(class org.apache.tomcat.util.modeler.AttributeInfo type=java.lang.String)
2023-01-04 17:44:53.241 DEBUG 3888 --- [kground-preinit] o.apache.tomcat.util.digester.Digester   : [SetPropertiesRule]{mbeans-descriptors/mbean/attribute} Setting property 'writeable' to 'false'
2023-01-04 17:44:53.241 DEBUG 3888 --- [kground-preinit] o.apache.tomcat.util.IntrospectionUtils  : IntrospectionUtils: setProperty(class org.apache.tomcat.util.modeler.AttributeInfo writeable=false)
2023-01-04 17:44:53.241 DEBUG 3888 --- [kground-preinit] o.apache.tomcat.util.digester.Digester   :   Fire begin() for SetNextRule[methodName=addAttribute, paramType=org.apache.tomcat.util.modeler.AttributeInfo]
2023-01-04 17:44:53.241 DEBUG 3888 --- [kground-preinit] o.a.tomcat.util.digester.Digester.sax    : endElement(,,attribute)
2023-01-04 17:44:53.241 DEBUG 3888 --- [kground-preinit] o.apache.tomcat.util.digester.Digester   :   match='mbeans-descriptors/mbean/attribute'
2023-01-04 17:44:53.242 DEBUG 3888 --- [kground-preinit] o.apache.tomcat.util.digester.Digester   :   bodyText=''
2023-01-04 17:44:53.242 DEBUG 3888 --- [kground-preinit] o.apache.tomcat.util.digester.Digester   :   Fire body() for ObjectCreateRule[className=org.apache.tomcat.util.modeler.AttributeInfo, attributeName=null]
2023-01-04 17:44:53.242 DEBUG 3888 --- [kground-preinit] o.apache.tomcat.util.digester.Digester   :   Fire body() for SetPropertiesRule[]
2023-01-04 17:44:53.242 DEBUG 3888 --- [kground-preinit] o.apache.tomcat.util.digester.Digester   :   Fire body() for SetNextRule[methodName=addAttribute, paramType=org.apache.tomcat.util.modeler.AttributeInfo]
2023-01-04 17:44:53.241 DEBUG 3888 --- [           main] o.s.test.annotation.ProfileValueUtils    : Retrieved @ProfileValueSourceConfiguration [null] for test class [com.affani.datatranx.DatatranxApplicationTests]
2023-01-04 17:44:53.242 DEBUG 3888 --- [           main] o.s.test.annotation.ProfileValueUtils    : Retrieved ProfileValueSource type [class org.springframework.test.annotation.SystemProfileValueSource] for class [com.affani.datatranx.DatatranxApplicationTests]
2023-01-04 17:44:53.242 DEBUG 3888 --- [kground-preinit] o.apache.tomcat.util.digester.Digester   :   Fire end() for SetNextRule[methodName=addAttribute, paramType=org.apache.tomcat.util.modeler.AttributeInfo]
2023-01-04 17:44:53.242 DEBUG 3888 --- [kground-preinit] o.apache.tomcat.util.digester.Digester   : [SetNextRule]{mbeans-descriptors/mbean/attribute} Call org.apache.tomcat.util.modeler.ManagedBean.addAttribute(org.apache.tomcat.util.modeler.AttributeInfo@12265c2e)
2023-01-04 17:44:53.242 DEBUG 3888 --- [kground-preinit] o.apache.tomcat.util.IntrospectionUtils  : IntrospectionUtils: callMethod1 org.apache.tomcat.util.modeler.ManagedBean org.apache.tomcat.util.modeler.AttributeInfo org.apache.tomcat.util.modeler.AttributeInfo
2023-01-04 17:44:53.242 DEBUG 3888 --- [kground-preinit] o.apache.tomcat.util.digester.Digester   :   Fire end() for SetPropertiesRule[]
2023-01-04 17:44:53.242 DEBUG 3888 --- [kground-preinit] o.apache.tomcat.util.digester.Digester   :   Fire end() for ObjectCreateRule[className=org.apache.tomcat.util.modeler.AttributeInfo, attributeName=null]
2023-01-04 17:44:53.242 DEBUG 3888 --- [kground-preinit] o.apache.tomcat.util.digester.Digester   : [ObjectCreateRule]{mbeans-descriptors/mbean/attribute} Pop org.apache.tomcat.util.modeler.AttributeInfo
2023-01-04 17:44:53.242 DEBUG 3888 --- [kground-preinit] o.a.tomcat.util.digester.Digester.sax    : characters(
  )
2023-01-04 17:44:53.243 DEBUG 3888 --- [kground-preinit] o.a.tomcat.util.digester.Digester.sax    : endElement(,,mbean)
2023-01-04 17:44:53.243 DEBUG 3888 --- [kground-preinit] o.apache.tomcat.util.digester.Digester   :   match='mbeans-descriptors/mbean'
2023-01-04 17:44:53.243 DEBUG 3888 --- [kground-preinit] o.apache.tomcat.util.digester.Digester   :   bodyText='

    

    

    

    

    

    
  '
2023-01-04 17:44:53.243 DEBUG 3888 --- [kground-preinit] o.apache.tomcat.util.digester.Digester   :   Fire body() for ObjectCreateRule[className=org.apache.tomcat.util.modeler.ManagedBean, attributeName=null]
2023-01-04 17:44:53.243 DEBUG 3888 --- [kground-preinit] o.apache.tomcat.util.digester.Digester   :   Fire body() for SetPropertiesRule[]
2023-01-04 17:44:53.243 DEBUG 3888 --- [kground-preinit] o.apache.tomcat.util.digester.Digester   :   Fire body() for SetNextRule[methodName=add, paramType=java.lang.Object]
2023-01-04 17:44:53.243 DEBUG 3888 --- [kground-preinit] o.apache.tomcat.util.digester.Digester   :   Fire end() for SetNextRule[methodName=add, paramType=java.lang.Object]
2023-01-04 17:44:53.243 DEBUG 3888 --- [kground-preinit] o.apache.tomcat.util.digester.Digester   : [SetNextRule]{mbeans-descriptors/mbean} Call java.util.ArrayList.add(ManagedBean[name=NonLoginAuthenticator, className=org.apache.tomcat.util.modeler.BaseModelMBean, description=An Authenticator and Valve implementation that checks only security constraints not involving user authentication, group=Valve, type=org.apache.catalina.authenticator.NonLoginAuthenticator])
2023-01-04 17:44:53.243 DEBUG 3888 --- [kground-preinit] o.apache.tomcat.util.IntrospectionUtils  : IntrospectionUtils: callMethod1 java.util.ArrayList org.apache.tomcat.util.modeler.ManagedBean java.lang.Object
2023-01-04 17:44:53.243 DEBUG 3888 --- [kground-preinit] o.apache.tomcat.util.digester.Digester   :   Fire end() for SetPropertiesRule[]
2023-01-04 17:44:53.243 DEBUG 3888 --- [kground-preinit] o.apache.tomcat.util.digester.Digester   :   Fire end() for ObjectCreateRule[className=org.apache.tomcat.util.modeler.ManagedBean, attributeName=null]
2023-01-04 17:44:53.244 DEBUG 3888 --- [kground-preinit] o.apache.tomcat.util.digester.Digester   : [ObjectCreateRule]{mbeans-descriptors/mbean} Pop org.apache.tomcat.util.modeler.ManagedBean
2023-01-04 17:44:53.244 DEBUG 3888 --- [kground-preinit] o.a.tomcat.util.digester.Digester.sax    : characters(


  )
2023-01-04 17:44:53.244 DEBUG 3888 --- [kground-preinit] o.a.tomcat.util.digester.Digester.sax    : startElement(,,mbean)
2023-01-04 17:44:53.244 DEBUG 3888 --- [kground-preinit] o.apache.tomcat.util.digester.Digester   :   New match='mbeans-descriptors/mbean'
2023-01-04 17:44:53.244 DEBUG 3888 --- [kground-preinit] o.apache.tomcat.util.digester.Digester   :   Fire begin() for ObjectCreateRule[className=org.apache.tomcat.util.modeler.ManagedBean, attributeName=null]
2023-01-04 17:44:53.245 DEBUG 3888 --- [kground-preinit] o.apache.tomcat.util.digester.Digester   : [ObjectCreateRule]{mbeans-descriptors/mbean}New org.apache.tomcat.util.modeler.ManagedBean
2023-01-04 17:44:53.245 DEBUG 3888 --- [kground-preinit] o.apache.tomcat.util.digester.Digester   :   Fire begin() for SetPropertiesRule[]
2023-01-04 17:44:53.245 DEBUG 3888 --- [           main] o.s.core.env.StandardEnvironment         : Adding PropertySource 'systemProperties' with lowest search precedence
2023-01-04 17:44:53.245 DEBUG 3888 --- [           main] o.s.core.env.StandardEnvironment         : Adding PropertySource 'systemEnvironment' with lowest search precedence
[...]
	at org.springframework.context.annotation.ConfigurationClassPostProcessor.enhanceConfigurationClasses(ConfigurationClassPostProcessor.java:403) ~[spring-context-5.0.8.RELEASE.jar:5.0.8.RELEASE]
	... 38 common frames omitted

2023-01-04 17:44:53.891  INFO 3888 --- [           main] o.s.w.c.s.GenericWebApplicationContext   : Closing org.springframework.web.context.support.GenericWebApplicationContext@fabb651: startup date [Wed Jan 04 17:44:53 GMT+05:30 2023]; root of context hierarchy
2023-01-04 17:44:53.891 DEBUG 3888 --- [           main] o.s.b.f.s.DefaultListableBeanFactory     : Destroying singletons in org.springframework.beans.factory.support.DefaultListableBeanFactory@11b455e5: defining beans [org.springframework.boot.test.mock.mockito.MockitoPostProcessor$SpyPostProcessor,org.springframework.boot.test.mock.mockito.MockitoPostProcessor,org.springframework.context.annotation.internalConfigurationAnnotationProcessor,org.springframework.context.annotation.internalAutowiredAnnotationProcessor,org.springframework.context.annotation.internalRequiredAnnotationProcessor,org.springframework.context.annotation.internalCommonAnnotationProcessor,org.springframework.context.annotation.internalPersistenceAnnotationProcessor,org.springframework.context.event.internalEventListenerProcessor,org.springframework.context.event.internalEventListenerFactory,datatranxApplication,org.springframework.boot.autoconfigure.internalCachingMetadataReaderFactory,webConfiguration,RESTAPIController,declarativeTrxAccountService,progTrxManagerAccountService,progTrxTemplateAccountService,h2servletRegistration,org.springframework.boot.autoconfigure.AutoConfigurationPackages,org.springframework.boot.autoconfigure.context.PropertyPlaceholderAutoConfiguration,org.springframework.boot.autoconfigure.condition.BeanTypeRegistry,propertySourcesPlaceholderConfigurer,org.springframework.boot.autoconfigure.websocket.servlet.WebSocketServletAutoConfiguration$TomcatWebSocketConfiguration,websocketContainerCustomizer,org.springframework.boot.autoconfigure.websocket.servlet.WebSocketServletAutoConfiguration,org.springframework.boot.autoconfigure.web.servlet.ServletWebServerFactoryConfiguration$EmbeddedTomcat,tomcatServletWebServerFactory,org.springframework.boot.autoconfigure.web.servlet.ServletWebServerFactoryAutoConfiguration,servletWebServerFactoryCustomizer,tomcatServletWebServerFactoryCustomizer,server-org.springframework.boot.autoconfigure.web.ServerProperties,org.springframework.boot.context.properties.ConfigurationPropertiesBindingPostProcessor,org.springframework.boot.context.properties.ConfigurationBeanFactoryMetadata,webServerFactoryCustomizerBeanPostProcessor,errorPageRegistrarBeanPostProcessor,org.springframework.boot.autoconfigure.web.servlet.DispatcherServletAutoConfiguration$DispatcherServletConfiguration,dispatcherServlet,spring.mvc-org.springframework.boot.autoconfigure.web.servlet.WebMvcProperties,org.springframework.boot.autoconfigure.web.servlet.DispatcherServletAutoConfiguration$DispatcherServletRegistrationConfiguration,dispatcherServletRegistration,org.springframework.boot.autoconfigure.web.servlet.DispatcherServletAutoConfiguration,org.springframework.boot.autoconfigure.validation.ValidationAutoConfiguration,defaultValidator,methodValidationPostProcessor,org.springframework.boot.autoconfigure.web.servlet.error.ErrorMvcAutoConfiguration$WhitelabelErrorViewConfiguration,error,beanNameViewResolver,org.springframework.boot.autoconfigure.web.servlet.error.ErrorMvcAutoConfiguration$DefaultErrorViewResolverConfiguration,conventionErrorViewResolver,org.springframework.boot.autoconfigure.web.servlet.error.ErrorMvcAutoConfiguration,errorAttributes,basicErrorController,errorPageCustomizer,preserveErrorControllerTargetClassPostProcessor,spring.resources-org.springframework.boot.autoconfigure.web.ResourceProperties,org.springframework.boot.autoconfigure.web.servlet.WebMvcAutoConfiguration$WebMvcAutoConfigurationAdapter$FaviconConfiguration,faviconHandlerMapping,faviconRequestHandler,org.springframework.boot.autoconfigure.web.servlet.WebMvcAutoConfiguration$EnableWebMvcConfiguration,requestMappingHandlerAdapter,requestMappingHandlerMapping,mvcConversionService,mvcValidator,mvcContentNegotiationManager,mvcPathMatcher,mvcUrlPathHelper,viewControllerHandlerMapping,beanNameHandlerMapping,resourceHandlerMapping,mvcResourceUrlProvider,defaultServletHandlerMapping,mvcUriComponentsContributor,httpRequestHandlerAdapter,simpleControllerHandlerAdapter,handlerExceptionResolver,mvcViewResolver,mvcHandlerMappingIntrospector,org.springframework.boot.autoconfigure.web.servlet.WebMvcAutoConfiguration$WebMvcAutoConfigurationAdapter,defaultViewResolver,viewResolver,welcomePageHandlerMapping,requestContextFilter,org.springframework.boot.autoconfigure.web.servlet.WebMvcAutoConfiguration,hiddenHttpMethodFilter,httpPutFormContentFilter,org.springframework.boot.autoconfigure.aop.AopAutoConfiguration$CglibAutoProxyConfiguration,org.springframework.aop.config.internalAutoProxyCreator,org.springframework.boot.autoconfigure.aop.AopAutoConfiguration,org.springframework.boot.autoconfigure.context.ConfigurationPropertiesAutoConfiguration,org.springframework.boot.autoconfigure.dao.PersistenceExceptionTranslationAutoConfiguration,persistenceExceptionTranslationPostProcessor,org.springframework.boot.autoconfigure.transaction.jta.JtaAutoConfiguration,spring.jta-org.springframework.boot.autoconfigure.transaction.jta.JtaProperties,org.springframework.boot.autoconfigure.jdbc.DataSourceConfiguration$Hikari,dataSource,org.springframework.boot.autoconfigure.jdbc.DataSourceAutoConfiguration$PooledDataSourceConfiguration,org.springframework.boot.autoconfigure.jdbc.metadata.DataSourcePoolMetadataProvidersConfiguration$HikariPoolDataSourceMetadataProviderConfiguration,hikariPoolDataSourceMetadataProvider,org.springframework.boot.autoconfigure.jdbc.metadata.DataSourcePoolMetadataProvidersConfiguration,org.springframework.boot.autoconfigure.jdbc.DataSourceInitializerInvoker,org.springframework.boot.autoconfigure.jdbc.DataSourceInitializationConfiguration,dataSourceInitializerPostProcessor,org.springframework.boot.autoconfigure.jdbc.DataSourceAutoConfiguration,spring.datasource-org.springframework.boot.autoconfigure.jdbc.DataSourceProperties,org.springframework.boot.autoconfigure.orm.jpa.JpaBaseConfiguration$JpaWebConfiguration$JpaWebMvcConfiguration,openEntityManagerInViewInterceptor,org.springframework.boot.autoconfigure.orm.jpa.JpaBaseConfiguration$JpaWebConfiguration,org.springframework.boot.autoconfigure.orm.jpa.HibernateJpaConfiguration,transactionManager,jpaVendorAdapter,entityManagerFactoryBuilder,entityManagerFactory,spring.jpa-org.springframework.boot.autoconfigure.orm.jpa.JpaProperties,dataSourceInitializedPublisher,org.springframework.boot.autoconfigure.orm.jpa.HibernateJpaAutoConfiguration,org.springframework.boot.autoconfigure.data.jpa.JpaRepositoriesAutoConfiguration,emBeanDefinitionRegistrarPostProcessor,jpaMappingContext,jpaContext,IAccountDAO,org.springframework.boot.autoconfigure.jackson.JacksonAutoConfiguration$Jackson2ObjectMapperBuilderCustomizerConfiguration,standardJacksonObjectMapperBuilderCustomizer,spring.jackson-org.springframework.boot.autoconfigure.jackson.JacksonProperties,org.springframework.boot.autoconfigure.jackson.JacksonAutoConfiguration$JacksonObjectMapperBuilderConfiguration,jacksonObjectMapperBuilder,org.springframework.boot.autoconfigure.jackson.JacksonAutoConfiguration$ParameterNamesModuleConfiguration,parameterNamesModule,org.springframework.boot.autoconfigure.jackson.JacksonAutoConfiguration$JacksonObjectMapperConfiguration,jacksonObjectMapper,org.springframework.boot.autoconfigure.jackson.JacksonAutoConfiguration,jsonComponentModule,org.springframework.boot.autoconfigure.http.HttpMessageConvertersAutoConfiguration$StringHttpMessageConverterConfiguration,stringHttpMessageConverter,spring.http.encoding-org.springframework.boot.autoconfigure.http.HttpEncodingProperties,org.springframework.boot.autoconfigure.http.JacksonHttpMessageConvertersConfiguration$MappingJackson2HttpMessageConverterConfiguration,mappingJackson2HttpMessageConverter,org.springframework.boot.autoconfigure.http.JacksonHttpMessageConvertersConfiguration,org.springframework.boot.autoconfigure.http.HttpMessageConvertersAutoConfiguration,messageConverters,org.springframework.data.web.config.ProjectingArgumentResolverRegistrar,projectingArgumentResolverBeanPostProcessor,org.springframework.data.web.config.SpringDataWebConfiguration,pageableResolver,sortResolver,org.springframework.data.web.config.SpringDataJacksonConfiguration,jacksonGeoModule,org.springframework.boot.autoconfigure.data.web.SpringDataWebAutoConfiguration,pageableCustomizer,sortCustomizer,spring.data.web-org.springframework.boot.autoconfigure.data.web.SpringDataWebProperties,org.springframework.boot.autoconfigure.http.codec.CodecsAutoConfiguration$JacksonCodecConfiguration,jacksonCodecCustomizer,org.springframework.boot.autoconfigure.http.codec.CodecsAutoConfiguration,org.springframework.boot.autoconfigure.info.ProjectInfoAutoConfiguration,spring.info-org.springframework.boot.autoconfigure.info.ProjectInfoProperties,org.springframework.boot.autoconfigure.jdbc.JdbcTemplateAutoConfiguration$JdbcTemplateConfiguration,jdbcTemplate,org.springframework.boot.autoconfigure.jdbc.JdbcTemplateAutoConfiguration$NamedParameterJdbcTemplateConfiguration,namedParameterJdbcTemplate,org.springframework.boot.autoconfigure.jdbc.JdbcTemplateAutoConfiguration,spring.jdbc-org.springframework.boot.autoconfigure.jdbc.JdbcProperties,org.springframework.boot.autoconfigure.security.reactive.ReactiveSecurityAutoConfiguration,spring.security-org.springframework.boot.autoconfigure.security.SecurityProperties,org.springframework.boot.autoconfigure.jdbc.DataSourceTransactionManagerAutoConfiguration$DataSourceTransactionManagerConfiguration,org.springframework.boot.autoconfigure.jdbc.DataSourceTransactionManagerAutoConfiguration,org.springframework.transaction.annotation.ProxyTransactionManagementConfiguration,org.springframework.transaction.config.internalTransactionAdvisor,transactionAttributeSource,transactionInterceptor,org.springframework.transaction.config.internalTransactionalEventListenerFactory,org.springframework.boot.autoconfigure.transaction.TransactionAutoConfiguration$EnableTransactionManagementConfiguration$CglibAutoProxyConfiguration,org.springframework.boot.autoconfigure.transaction.TransactionAutoConfiguration$EnableTransactionManagementConfiguration,org.springframework.boot.autoconfigure.transaction.TransactionAutoConfiguration$TransactionTemplateConfiguration,transactionTemplate,org.springframework.boot.autoconfigure.transaction.TransactionAutoConfiguration,platformTransactionManagerCustomizers,spring.transaction-org.springframework.boot.autoconfigure.transaction.TransactionProperties,org.springframework.boot.autoconfigure.web.client.RestTemplateAutoConfiguration,restTemplateBuilder,org.springframework.boot.autoconfigure.web.embedded.EmbeddedWebServerFactoryCustomizerAutoConfiguration$TomcatWebServerFactoryCustomizerConfiguration,tomcatWebServerFactoryCustomizer,org.springframework.boot.autoconfigure.web.embedded.EmbeddedWebServerFactoryCustomizerAutoConfiguration,org.springframework.boot.autoconfigure.web.servlet.HttpEncodingAutoConfiguration,characterEncodingFilter,localeCharsetMappingsCustomizer,org.springframework.boot.autoconfigure.web.servlet.MultipartAutoConfiguration,multipartConfigElement,multipartResolver,spring.servlet.multipart-org.springframework.boot.autoconfigure.web.servlet.MultipartProperties]; root of factory hierarchy
2023-01-04 17:44:53.891 DEBUG 3888 --- [           main] o.s.b.f.s.DefaultListableBeanFactory     : Retrieved dependent beans for bean 'org.springframework.boot.autoconfigure.internalCachingMetadataReaderFactory': [org.springframework.context.annotation.internalConfigurationAnnotationProcessor]
2023-01-04 17:44:53.892 DEBUG 3888 --- [kground-preinit] o.apache.tomcat.util.digester.Digester   : [ObjectCreateRule]{mbeans-descriptors/mbean/operation} Pop org.apache.tomcat.util.modeler.OperationInfo
2023-01-04 17:44:53.892 DEBUG 3888 --- [kground-preinit] o.a.tomcat.util.digester.Digester.sax    : characters(

    )
2023-01-04 17:44:53.893 DEBUG 3888 --- [kground-preinit] o.a.tomcat.util.digester.Digester.sax    : startElement(,,operation)
2023-01-04 17:44:53.893 DEBUG 3888 --- [kground-preinit] o.apache.tomcat.util.digester.Digester   :   New match='mbeans-descriptors/mbean/operation'
2023-01-04 17:44:53.893 ERROR 3888 --- [           main] o.s.test.context.TestContextManager      : Caught exception while allowing TestExecutionListener [org.springframework.test.context.web.ServletTestExecutionListener@680a66dd] to prepare test instance [com.affani.datatranx.DatatranxApplicationTests@59cda16e]

java.lang.IllegalStateException: Failed to load ApplicationContext
	at org.springframework.test.context.cache.DefaultCacheAwareContextLoaderDelegate.loadContext(DefaultCacheAwareContextLoaderDelegate.java:125) ~[spring-test-5.0.8.RELEASE.jar:5.0.8.RELEASE]
	at org.springframework.test.context.support.DefaultTestContext.getApplicationContext(DefaultTestContext.java:108) ~[spring-test-5.0.8.RELEASE.jar:5.0.8.RELEASE]
	at org.springframework.test.context.web.ServletTestExecutionListener.setUpRequestContextIfNecessary(ServletTestExecutionListener.java:190) ~[spring-test-5.0.8.RELEASE.jar:5.0.8.RELEASE]
	at org.springframework.test.context.web.ServletTestExecutionListener.prepareTestInstance(ServletTestExecutionListener.java:132) ~[spring-test-5.0.8.RELEASE.jar:5.0.8.RELEASE]
	at org.springframework.test.context.TestContextManager.prepareTestInstance(TestContextManager.java:246) ~[spring-test-5.0.8.RELEASE.jar:5.0.8.RELEASE]
	at org.springframework.test.context.junit4.SpringJUnit4ClassRunner.createTest(SpringJUnit4ClassRunner.java:227) ~[spring-test-5.0.8.RELEASE.jar:5.0.8.RELEASE]
	at org.springframework.test.context.junit4.SpringJUnit4ClassRunner$1.runReflectiveCall(SpringJUnit4ClassRunner.java:289) ~[spring-test-5.0.8.RELEASE.jar:5.0.8.RELEASE]
	at org.junit.internal.runners.model.ReflectiveCallable.run(ReflectiveCallable.java:12) ~[junit-4.12.jar:4.12]
	at org.springframework.test.context.junit4.SpringJUnit4ClassRunner.methodBlock(SpringJUnit4ClassRunner.java:291) ~[spring-test-5.0.8.RELEASE.jar:5.0.8.RELEASE]
	at org.springframework.test.context.junit4.SpringJUnit4ClassRunner.runChild(SpringJUnit4ClassRunner.java:246) ~[spring-test-5.0.8.RELEASE.jar:5.0.8.RELEASE]
	at org.springframework.test.context.junit4.SpringJUnit4ClassRunner.runChild(SpringJUnit4ClassRunner.java:97) ~[spring-test-5.0.8.RELEASE.jar:5.0.8.RELEASE]
	at org.junit.runners.ParentRunner$3.run(ParentRunner.java:290) ~[junit-4.12.jar:4.12]
	at org.junit.runners.ParentRunner$1.schedule(ParentRunner.java:71) ~[junit-4.12.jar:4.12]
	at org.junit.runners.ParentRunner.runChildren(ParentRunner.java:288) ~[junit-4.12.jar:4.12]
	at org.junit.runners.ParentRunner.access$000(ParentRunner.java:58) ~[junit-4.12.jar:4.12]
	at org.junit.runners.ParentRunner$2.evaluate(ParentRunner.java:268) ~[junit-4.12.jar:4.12]
	at org.springframework.test.context.junit4.statements.RunBeforeTestClassCallbacks.evaluate(RunBeforeTestClassCallbacks.java:61) ~[spring-test-5.0.8.RELEASE.jar:5.0.8.RELEASE]
	at org.springframework.test.context.junit4.statements.RunAfterTestClassCallbacks.evaluate(RunAfterTestClassCallbacks.java:70) ~[spring-test-5.0.8.RELEASE.jar:5.0.8.RELEASE]
	at org.junit.runners.ParentRunner.run(ParentRunner.java:363) ~[junit-4.12.jar:4.12]
	at org.springframework.test.context.junit4.SpringJUnit4ClassRunner.run(SpringJUnit4ClassRunner.java:190) ~[spring-test-5.0.8.RELEASE.jar:5.0.8.RELEASE]
	at org.apache.maven.surefire.junit4.JUnit4Provider.execute(JUnit4Provider.java:365) ~[surefire-junit4-2.21.0.jar:2.21.0]
	at org.apache.maven.surefire.junit4.JUnit4Provider.executeWithRerun(JUnit4Provider.java:273) ~[surefire-junit4-2.21.0.jar:2.21.0]
	at org.apache.maven.surefire.junit4.JUnit4Provider.executeTestSet(JUnit4Provider.java:238) ~[surefire-junit4-2.21.0.jar:2.21.0]
	at org.apache.maven.surefire.junit4.JUnit4Provider.invoke(JUnit4Provider.java:159) ~[surefire-junit4-2.21.0.jar:2.21.0]
	at org.apache.maven.surefire.booter.ForkedBooter.invokeProviderInSameClassLoader(ForkedBooter.java:379) ~[surefire-booter-2.21.0.jar:2.21.0]
	at org.apache.maven.surefire.booter.ForkedBooter.runSuitesInProcess(ForkedBooter.java:340) ~[surefire-booter-2.21.0.jar:2.21.0]
	at org.apache.maven.surefire.booter.ForkedBooter.execute(ForkedBooter.java:125) ~[surefire-booter-2.21.0.jar:2.21.0]
	at org.apache.maven.surefire.booter.ForkedBooter.main(ForkedBooter.java:413) ~[surefire-booter-2.21.0.jar:2.21.0]
Caused by: java.lang.IllegalStateException: Cannot load configuration class: com.affani.datatranx.DatatranxApplication
	at org.springframework.context.annotation.ConfigurationClassPostProcessor.enhanceConfigurationClasses(ConfigurationClassPostProcessor.java:414) ~[spring-context-5.0.8.RELEASE.jar:5.0.8.RELEASE]
	at org.springframework.context.annotation.ConfigurationClassPostProcessor.postProcessBeanFactory(ConfigurationClassPostProcessor.java:254) ~[spring-context-5.0.8.RELEASE.jar:5.0.8.RELEASE]
	at org.springframework.context.support.PostProcessorRegistrationDelegate.invokeBeanFactoryPostProcessors(PostProcessorRegistrationDelegate.java:282) ~[spring-context-5.0.8.RELEASE.jar:5.0.8.RELEASE]
	at org.springframework.context.support.PostProcessorRegistrationDelegate.invokeBeanFactoryPostProcessors(PostProcessorRegistrationDelegate.java:126) ~[spring-context-5.0.8.RELEASE.jar:5.0.8.RELEASE]
	at org.springframework.context.support.AbstractApplicationContext.invokeBeanFactoryPostProcessors(AbstractApplicationContext.java:694) ~[spring-context-5.0.8.RELEASE.jar:5.0.8.RELEASE]
	at org.springframework.context.support.AbstractApplicationContext.refresh(AbstractApplicationContext.java:532) ~[spring-context-5.0.8.RELEASE.jar:5.0.8.RELEASE]
	at org.springframework.boot.SpringApplication.refresh(SpringApplication.java:762) ~[spring-boot-2.0.4.RELEASE.jar:2.0.4.RELEASE]
	at org.springframework.boot.SpringApplication.refreshContext(SpringApplication.java:398) ~[spring-boot-2.0.4.RELEASE.jar:2.0.4.RELEASE]
	at org.springframework.boot.SpringApplication.run(SpringApplication.java:330) ~[spring-boot-2.0.4.RELEASE.jar:2.0.4.RELEASE]
	at org.springframework.boot.test.context.SpringBootContextLoader.loadContext(SpringBootContextLoader.java:139) ~[spring-boot-test-2.0.4.RELEASE.jar:2.0.4.RELEASE]
	at org.springframework.test.context.cache.DefaultCacheAwareContextLoaderDelegate.loadContextInternal(DefaultCacheAwareContextLoaderDelegate.java:99) ~[spring-test-5.0.8.RELEASE.jar:5.0.8.RELEASE]
	at org.springframework.test.context.cache.DefaultCacheAwareContextLoaderDelegate.loadContext(DefaultCacheAwareContextLoaderDelegate.java:117) ~[spring-test-5.0.8.RELEASE.jar:5.0.8.RELEASE]
	... 27 common frames omitted
Caused by: java.lang.NoClassDefFoundError: Could not initialize class org.springframework.cglib.proxy.Enhancer
	at org.springframework.context.annotation.ConfigurationClassEnhancer.newEnhancer(ConfigurationClassEnhancer.java:122) ~[spring-context-5.0.8.RELEASE.jar:5.0.8.RELEASE]
	at org.springframework.context.annotation.ConfigurationClassEnhancer.enhance(ConfigurationClassEnhancer.java:110) ~[spring-context-5.0.8.RELEASE.jar:5.0.8.RELEASE]
	at org.springframework.context.annotation.ConfigurationClassPostProcessor.enhanceConfigurationClasses(ConfigurationClassPostProcessor.java:403) ~[spring-context-5.0.8.RELEASE.jar:5.0.8.RELEASE]
	... 38 common frames omitted

2023-01-04 17:44:53.894 DEBUG 3888 --- [kground-preinit] o.apache.tomcat.util.digester.Digester   :   Fire begin() for ObjectCreateRule[className=org.apache.tomcat.util.modeler.OperationInfo, attributeName=null]
]]></system-out>
  </testcase>
</testsuite>