<?xml version="1.0" encoding="UTF-8"?>
<testsuite xmlns:xsi="http://www.w3.org/2001/XMLSchema-instance" xsi:noNamespaceSchemaLocation="https://maven.apache.org/surefire/maven-surefire-plugin/xsd/surefire-test-report.xsd" name="com.affani.datatranx.controller.RESTAPIControllerTest" time="13.557" tests="1" errors="1" skipped="0" failures="0">
  <properties>
[...]
</properties>
  <testcase name="getAllDeclAccounts" classname="com.affani.datatranx.controller.RESTAPIControllerTest" time="0.002">
    <error message="Failed to load ApplicationContext" type="java.lang.IllegalStateException">java.lang.IllegalStateException: Failed to load ApplicationContext
Caused by: java.lang.IllegalStateException: Cannot load configuration class: com.affani.datatranx.DatatranxApplication
Caused by: java.lang.ExceptionInInitializerError
Caused by: org.springframework.cglib.core.CodeGenerationException: java.lang.reflect.InaccessibleObjectException-->Unable to make protected final java.lang.Class java.lang.ClassLoader.defineClass(java.lang.String,byte[],int,int,java.security.ProtectionDomain) throws java.lang.ClassFormatError accessible: module java.base does not "opens java.lang" to unnamed module @1fc2b765
Caused by: java.lang.reflect.InaccessibleObjectException: Unable to make protected final java.lang.Class java.lang.ClassLoader.defineClass(java.lang.String,byte[],int,int,java.security.ProtectionDomain) throws java.lang.ClassFormatError accessible: module java.base does not "opens java.lang" to unnamed module @1fc2b765
</error>
    <system-out><![CDATA[17:44:42.290 [main] DEBUG org.springframework.test.context.junit4.SpringJUnit4ClassRunner - SpringJUnit4ClassRunner constructor called with [class com.affani.datatranx.controller.RESTAPIControllerTest]
17:44:42.330 [main] DEBUG org.springframework.test.context.BootstrapUtils - Instantiating CacheAwareContextLoaderDelegate from class [org.springframework.test.context.cache.DefaultCacheAwareContextLoaderDelegate]
17:44:42.373 [main] DEBUG org.springframework.test.context.BootstrapUtils - Instantiating BootstrapContext using constructor [public org.springframework.test.context.support.DefaultBootstrapContext(java.lang.Class,org.springframework.test.context.CacheAwareContextLoaderDelegate)]
17:44:42.580 [main] DEBUG org.springframework.test.context.BootstrapUtils - Instantiating TestContextBootstrapper for test class [com.affani.datatranx.controller.RESTAPIControllerTest] from class [org.springframework.boot.test.context.SpringBootTestContextBootstrapper]
17:44:42.708 [main] INFO org.springframework.boot.test.context.SpringBootTestContextBootstrapper - Neither @ContextConfiguration nor @ContextHierarchy found for test class [com.affani.datatranx.controller.RESTAPIControllerTest], using SpringBootContextLoader
17:44:42.754 [main] DEBUG org.springframework.test.context.support.AbstractContextLoader - Did not detect default resource location for test class [com.affani.datatranx.controller.RESTAPIControllerTest]: class path resource [com/affani/datatranx/controller/RESTAPIControllerTest-context.xml] does not exist
17:44:42.754 [main] DEBUG org.springframework.test.context.support.AbstractContextLoader - Did not detect default resource location for test class [com.affani.datatranx.controller.RESTAPIControllerTest]: class path resource [com/affani/datatranx/controller/RESTAPIControllerTestContext.groovy] does not exist
17:44:42.754 [main] INFO org.springframework.test.context.support.AbstractContextLoader - Could not detect default resource locations for test class [com.affani.datatranx.controller.RESTAPIControllerTest]: no resource found for suffixes {-context.xml, Context.groovy}.
17:44:42.759 [main] INFO org.springframework.test.context.support.AnnotationConfigContextLoaderUtils - Could not detect default configuration classes for test class [com.affani.datatranx.controller.RESTAPIControllerTest]: RESTAPIControllerTest does not declare any static, non-private, non-final, nested classes annotated with @Configuration.
17:44:43.119 [main] DEBUG org.springframework.test.context.support.ActiveProfilesUtils - Could not find an 'annotation declaring class' for annotation type [org.springframework.test.context.ActiveProfiles] and class [com.affani.datatranx.controller.RESTAPIControllerTest]
17:44:43.136 [main] DEBUG org.springframework.core.env.StandardEnvironment - Adding PropertySource 'systemProperties' with lowest search precedence
17:44:43.136 [main] DEBUG org.springframework.core.env.StandardEnvironment - Adding PropertySource 'systemEnvironment' with lowest search precedence
17:44:43.137 [main] DEBUG org.springframework.core.env.StandardEnvironment - Initialized StandardEnvironment with PropertySources [MapPropertySource@1446983876 {name='systemProperties', properties={java.specification.version=17, sun.cpu.isalist=amd64, sun.jnu.encoding=Cp1252, java.class.path=E:\spring-transaction-management-master\target\test-classes;E:\spring-transaction-management-master\target\classes;C:\Users\ustjavafsdb403\.m2\repository\org\springframework\boot\spring-boot-starter-data-jpa\2.0.4.RELEASE\spring-boot-starter-data-jpa-2.0.4.RELEASE.jar;C:\Users\ustjavafsdb403\.m2\repository\org\springframework\boot\spring-boot-starter\2.0.4.RELEASE\spring-boot-starter-2.0.4.RELEASE.jar;C:\Users\ustjavafsdb403\.m2\repository\org\springframework\boot\spring-boot\2.0.4.RELEASE\spring-boot-2.0.4.RELEASE.jar;C:\Users\ustjavafsdb403\.m2\repository\org\springframework\boot\spring-boot-autoconfigure\2.0.4.RELEASE\spring-boot-autoconfigure-2.0.4.RELEASE.jar;C:\Users\ustjavafsdb403\.m2\repository\org\springframework\boot\spring-boot-starter-logging\2.0.4.RELEASE\spring-boot-starter-logging-2.0.4.RELEASE.jar;C:\Users\ustjavafsdb403\.m2\repository\ch\qos\logback\logback-classic\1.2.3\logback-classic-1.2.3.jar;C:\Users\ustjavafsdb403\.m2\repository\ch\qos\logback\logback-core\1.2.3\logback-core-1.2.3.jar;C:\Users\ustjavafsdb403\.m2\repository\org\apache\logging\log4j\log4j-to-slf4j\2.10.0\log4j-to-slf4j-2.10.0.jar;C:\Users\ustjavafsdb403\.m2\repository\org\apache\logging\log4j\log4j-api\2.10.0\log4j-api-2.10.0.jar;C:\Users\ustjavafsdb403\.m2\repository\org\slf4j\jul-to-slf4j\1.7.25\jul-to-slf4j-1.7.25.jar;C:\Users\ustjavafsdb403\.m2\repository\javax\annotation\javax.annotation-api\1.3.2\javax.annotation-api-1.3.2.jar;C:\Users\ustjavafsdb403\.m2\repository\org\yaml\snakeyaml\1.19\snakeyaml-1.19.jar;C:\Users\ustjavafsdb403\.m2\repository\org\springframework\boot\spring-boot-starter-aop\2.0.4.RELEASE\spring-boot-starter-aop-2.0.4.RELEASE.jar;C:\Users\ustjavafsdb403\.m2\repository\org\springframework\spring-aop\5.0.8.RELEASE\spring-aop-5.0.8.RELEASE.jar;C:\Users\ustjavafsdb403\.m2\repository\org\aspectj\aspectjweaver\1.8.13\aspectjweaver-1.8.13.jar;C:\Users\ustjavafsdb403\.m2\repository\org\springframework\boot\spring-boot-starter-jdbc\2.0.4.RELEASE\spring-boot-starter-jdbc-2.0.4.RELEASE.jar;C:\Users\ustjavafsdb403\.m2\repository\com\zaxxer\HikariCP\2.7.9\HikariCP-2.7.9.jar;C:\Users\ustjavafsdb403\.m2\repository\org\springframework\spring-jdbc\5.0.8.RELEASE\spring-jdbc-5.0.8.RELEASE.jar;C:\Users\ustjavafsdb403\.m2\repository\org\hibernate\hibernate-core\5.2.17.Final\hibernate-core-5.2.17.Final.jar;C:\Users\ustjavafsdb403\.m2\repository\org\jboss\logging\jboss-logging\3.3.2.Final\jboss-logging-3.3.2.Final.jar;C:\Users\ustjavafsdb403\.m2\repository\org\hibernate\javax\persistence\hibernate-jpa-2.1-api\1.0.2.Final\hibernate-jpa-2.1-api-1.0.2.Final.jar;C:\Users\ustjavafsdb403\.m2\repository\org\javassist\javassist\3.22.0-GA\javassist-3.22.0-GA.jar;C:\Users\ustjavafsdb403\.m2\repository\antlr\antlr\2.7.7\antlr-2.7.7.jar;C:\Users\ustjavafsdb403\.m2\repository\org\jboss\jandex\2.0.3.Final\jandex-2.0.3.Final.jar;C:\Users\ustjavafsdb403\.m2\repository\com\fasterxml\classmate\1.3.4\classmate-1.3.4.jar;C:\Users\ustjavafsdb403\.m2\repository\dom4j\dom4j\1.6.1\dom4j-1.6.1.jar;C:\Users\ustjavafsdb403\.m2\repository\org\hibernate\common\hibernate-commons-annotations\5.0.1.Final\hibernate-commons-annotations-5.0.1.Final.jar;C:\Users\ustjavafsdb403\.m2\repository\javax\transaction\javax.transaction-api\1.2\javax.transaction-api-1.2.jar;C:\Users\ustjavafsdb403\.m2\repository\org\springframework\data\spring-data-jpa\2.0.9.RELEASE\spring-data-jpa-2.0.9.RELEASE.jar;C:\Users\ustjavafsdb403\.m2\repository\org\springframework\data\spring-data-commons\2.0.9.RELEASE\spring-data-commons-2.0.9.RELEASE.jar;C:\Users\ustjavafsdb403\.m2\repository\org\springframework\spring-orm\5.0.8.RELEASE\spring-orm-5.0.8.RELEASE.jar;C:\Users\ustjavafsdb403\.m2\repository\org\springframework\spring-context\5.0.8.RELEASE\spring-context-5.0.8.RELEASE.jar;C:\Users\ustjavafsdb403\.m2\repository\org\springframework\spring-tx\5.0.8.RELEASE\spring-tx-5.0.8.RELEASE.jar;C:\Users\ustjavafsdb403\.m2\repository\org\springframework\spring-beans\5.0.8.RELEASE\spring-beans-5.0.8.RELEASE.jar;C:\Users\ustjavafsdb403\.m2\repository\org\slf4j\slf4j-api\1.7.25\slf4j-api-1.7.25.jar;C:\Users\ustjavafsdb403\.m2\repository\org\springframework\spring-aspects\5.0.8.RELEASE\spring-aspects-5.0.8.RELEASE.jar;C:\Users\ustjavafsdb403\.m2\repository\org\springframework\boot\spring-boot-starter-web\2.0.4.RELEASE\spring-boot-starter-web-2.0.4.RELEASE.jar;C:\Users\ustjavafsdb403\.m2\repository\org\springframework\boot\spring-boot-starter-json\2.0.4.RELEASE\spring-boot-starter-json-2.0.4.RELEASE.jar;C:\Users\ustjavafsdb403\.m2\repository\org\springframework\boot\spring-boot-starter-tomcat\2.0.4.RELEASE\spring-boot-starter-tomcat-2.0.4.RELEASE.jar;C:\Users\ustjavafsdb403\.m2\repository\org\apache\tomcat\embed\tomcat-embed-core\8.5.32\tomcat-embed-core-8.5.32.jar;C:\Users\ustjavafsdb403\.m2\repository\org\apache\tomcat\embed\tomcat-embed-el\8.5.32\tomcat-embed-el-8.5.32.jar;C:\Users\ustjavafsdb403\.m2\repository\org\apache\tomcat\embed\tomcat-embed-websocket\8.5.32\tomcat-embed-websocket-8.5.32.jar;C:\Users\ustjavafsdb403\.m2\repository\org\hibernate\validator\hibernate-validator\6.0.11.Final\hibernate-validator-6.0.11.Final.jar;C:\Users\ustjavafsdb403\.m2\repository\javax\validation\validation-api\2.0.1.Final\validation-api-2.0.1.Final.jar;C:\Users\ustjavafsdb403\.m2\repository\org\openjfx\javafx.base\11.0.0-SNAPSHOT\javafx.base-11.0.0-SNAPSHOT.jar;C:\Users\ustjavafsdb403\.m2\repository\org\openjfx\javafx.base\11.0.0-SNAPSHOT\javafx.base-11.0.0-SNAPSHOT-linux.jar;C:\Users\ustjavafsdb403\.m2\repository\org\openjfx\javafx.base\11.0.0-SNAPSHOT\javafx.base-11.0.0-SNAPSHOT-mac.jar;C:\Users\ustjavafsdb403\.m2\repository\org\openjfx\javafx.base\11.0.0-SNAPSHOT\javafx.base-11.0.0-SNAPSHOT-win.jar;C:\Users\ustjavafsdb403\.m2\repository\org\springframework\spring-web\5.0.8.RELEASE\spring-web-5.0.8.RELEASE.jar;C:\Users\ustjavafsdb403\.m2\repository\org\springframework\spring-webmvc\5.0.8.RELEASE\spring-webmvc-5.0.8.RELEASE.jar;C:\Users\ustjavafsdb403\.m2\repository\org\springframework\spring-expression\5.0.8.RELEASE\spring-expression-5.0.8.RELEASE.jar;C:\Users\ustjavafsdb403\.m2\repository\com\h2database\h2\1.4.197\h2-1.4.197.jar;C:\Users\ustjavafsdb403\.m2\repository\javax\xml\bind\jaxb-api\2.3.0\jaxb-api-2.3.0.jar;C:\Users\ustjavafsdb403\.m2\repository\org\springframework\boot\spring-boot-starter-test\2.0.4.RELEASE\spring-boot-starter-test-2.0.4.RELEASE.jar;C:\Users\ustjavafsdb403\.m2\repository\org\springframework\boot\spring-boot-test\2.0.4.RELEASE\spring-boot-test-2.0.4.RELEASE.jar;C:\Users\ustjavafsdb403\.m2\repository\org\springframework\boot\spring-boot-test-autoconfigure\2.0.4.RELEASE\spring-boot-test-autoconfigure-2.0.4.RELEASE.jar;C:\Users\ustjavafsdb403\.m2\repository\com\jayway\jsonpath\json-path\2.4.0\json-path-2.4.0.jar;C:\Users\ustjavafsdb403\.m2\repository\net\minidev\json-smart\2.3\json-smart-2.3.jar;C:\Users\ustjavafsdb403\.m2\repository\net\minidev\accessors-smart\1.2\accessors-smart-1.2.jar;C:\Users\ustjavafsdb403\.m2\repository\org\ow2\asm\asm\5.0.4\asm-5.0.4.jar;C:\Users\ustjavafsdb403\.m2\repository\junit\junit\4.12\junit-4.12.jar;C:\Users\ustjavafsdb403\.m2\repository\org\assertj\assertj-core\3.9.1\assertj-core-3.9.1.jar;C:\Users\ustjavafsdb403\.m2\repository\org\mockito\mockito-core\2.15.0\mockito-core-2.15.0.jar;C:\Users\ustjavafsdb403\.m2\repository\net\bytebuddy\byte-buddy\1.7.11\byte-buddy-1.7.11.jar;C:\Users\ustjavafsdb403\.m2\repository\net\bytebuddy\byte-buddy-agent\1.7.11\byte-buddy-agent-1.7.11.jar;C:\Users\ustjavafsdb403\.m2\repository\org\objenesis\objenesis\2.6\objenesis-2.6.jar;C:\Users\ustjavafsdb403\.m2\repository\org\hamcrest\hamcrest-core\1.3\hamcrest-core-1.3.jar;C:\Users\ustjavafsdb403\.m2\repository\org\hamcrest\hamcrest-library\1.3\hamcrest-library-1.3.jar;C:\Users\ustjavafsdb403\.m2\repository\org\skyscreamer\jsonassert\1.5.0\jsonassert-1.5.0.jar;C:\Users\ustjavafsdb403\.m2\repository\com\vaadin\external\google\android-json\0.0.20131108.vaadin1\android-json-0.0.20131108.vaadin1.jar;C:\Users\ustjavafsdb403\.m2\repository\org\springframework\spring-core\5.0.8.RELEASE\spring-core-5.0.8.RELEASE.jar;C:\Users\ustjavafsdb403\.m2\repository\org\springframework\spring-jcl\5.0.8.RELEASE\spring-jcl-5.0.8.RELEASE.jar;C:\Users\ustjavafsdb403\.m2\repository\org\springframework\spring-test\5.0.8.RELEASE\spring-test-5.0.8.RELEASE.jar;C:\Users\ustjavafsdb403\.m2\repository\org\xmlunit\xmlunit-core\2.5.1\xmlunit-core-2.5.1.jar;C:\Users\ustjavafsdb403\.m2\repository\com\fasterxml\jackson\module\jackson-module-parameter-names\2.9.6\jackson-module-parameter-names-2.9.6.jar;C:\Users\ustjavafsdb403\.m2\repository\com\fasterxml\jackson\core\jackson-core\2.9.6\jackson-core-2.9.6.jar;C:\Users\ustjavafsdb403\.m2\repository\com\fasterxml\jackson\core\jackson-databind\2.9.6\jackson-databind-2.9.6.jar;C:\Users\ustjavafsdb403\.m2\repository\com\fasterxml\jackson\datatype\jackson-datatype-jdk8\2.9.6\jackson-datatype-jdk8-2.9.6.jar;C:\Users\ustjavafsdb403\.m2\repository\com\fasterxml\jackson\datatype\jackson-datatype-jsr310\2.9.6\jackson-datatype-jsr310-2.9.6.jar;C:\Users\ustjavafsdb403\.m2\repository\com\fasterxml\jackson\core\jackson-annotations\2.9.0\jackson-annotations-2.9.0.jar;, java.vm.vendor=Eclipse Adoptium, sun.arch.data.model=64, user.variant=, java.vendor.url=https://adoptium.net/, user.timezone=GMT+05:30, java.vm.specification.version=17, os.name=Windows 10, sun.java.launcher=SUN_STANDARD, user.country=IN, sun.boot.library.path=C:\Users\ustjavafsdb403\.p2\pool\plugins\org.eclipse.justj.openjdk.hotspot.jre.full.win32.x86_64_17.0.5.v20221102-0933\jre\bin, sun.java.command=C:\Users\USTJAV~1\AppData\Local\Temp\surefire2126999072731693157\surefirebooter11800425145749619277.jar C:\Users\ustjavafsdb403\AppData\Local\Temp\surefire2126999072731693157 2023-01-04T17-44-36_170-jvmRun1 surefire11905101423022534022tmp surefire_07651124966663579816tmp, jdk.debug=release, surefire.test.class.path=E:\spring-transaction-management-master\target\test-classes;E:\spring-transaction-management-master\target\classes;C:\Users\ustjavafsdb403\.m2\repository\org\springframework\boot\spring-boot-starter-data-jpa\2.0.4.RELEASE\spring-boot-starter-data-jpa-2.0.4.RELEASE.jar;C:\Users\ustjavafsdb403\.m2\repository\org\springframework\boot\spring-boot-starter\2.0.4.RELEASE\spring-boot-starter-2.0.4.RELEASE.jar;C:\Users\ustjavafsdb403\.m2\repository\org\springframework\boot\spring-boot\2.0.4.RELEASE\spring-boot-2.0.4.RELEASE.jar;C:\Users\ustjavafsdb403\.m2\repository\org\springframework\boot\spring-boot-autoconfigure\2.0.4.RELEASE\spring-boot-autoconfigure-2.0.4.RELEASE.jar;C:\Users\ustjavafsdb403\.m2\repository\org\springframework\boot\spring-boot-starter-logging\2.0.4.RELEASE\spring-boot-starter-logging-2.0.4.RELEASE.jar;C:\Users\ustjavafsdb403\.m2\repository\ch\qos\logback\logback-classic\1.2.3\logback-classic-1.2.3.jar;C:\Users\ustjavafsdb403\.m2\repository\ch\qos\logback\logback-core\1.2.3\logback-core-1.2.3.jar;C:\Users\ustjavafsdb403\.m2\repository\org\apache\logging\log4j\log4j-to-slf4j\2.10.0\log4j-to-slf4j-2.10.0.jar;C:\Users\ustjavafsdb403\.m2\repository\org\apache\logging\log4j\log4j-api\2.10.0\log4j-api-2.10.0.jar;C:\Users\ustjavafsdb403\.m2\repository\org\slf4j\jul-to-slf4j\1.7.25\jul-to-slf4j-1.7.25.jar;C:\Users\ustjavafsdb403\.m2\repository\javax\annotation\javax.annotation-api\1.3.2\javax.annotation-api-1.3.2.jar;C:\Users\ustjavafsdb403\.m2\repository\org\yaml\snakeyaml\1.19\snakeyaml-1.19.jar;C:\Users\ustjavafsdb403\.m2\repository\org\springframework\boot\spring-boot-starter-aop\2.0.4.RELEASE\spring-boot-starter-aop-2.0.4.RELEASE.jar;C:\Users\ustjavafsdb403\.m2\repository\org\springframework\spring-aop\5.0.8.RELEASE\spring-aop-5.0.8.RELEASE.jar;C:\Users\ustjavafsdb403\.m2\repository\org\aspectj\aspectjweaver\1.8.13\aspectjweaver-1.8.13.jar;C:\Users\ustjavafsdb403\.m2\repository\org\springframework\boot\spring-boot-starter-jdbc\2.0.4.RELEASE\spring-boot-starter-jdbc-2.0.4.RELEASE.jar;C:\Users\ustjavafsdb403\.m2\repository\com\zaxxer\HikariCP\2.7.9\HikariCP-2.7.9.jar;C:\Users\ustjavafsdb403\.m2\repository\org\springframework\spring-jdbc\5.0.8.RELEASE\spring-jdbc-5.0.8.RELEASE.jar;C:\Users\ustjavafsdb403\.m2\repository\org\hibernate\hibernate-core\5.2.17.Final\hibernate-core-5.2.17.Final.jar;C:\Users\ustjavafsdb403\.m2\repository\org\jboss\logging\jboss-logging\3.3.2.Final\jboss-logging-3.3.2.Final.jar;C:\Users\ustjavafsdb403\.m2\repository\org\hibernate\javax\persistence\hibernate-jpa-2.1-api\1.0.2.Final\hibernate-jpa-2.1-api-1.0.2.Final.jar;C:\Users\ustjavafsdb403\.m2\repository\org\javassist\javassist\3.22.0-GA\javassist-3.22.0-GA.jar;C:\Users\ustjavafsdb403\.m2\repository\antlr\antlr\2.7.7\antlr-2.7.7.jar;C:\Users\ustjavafsdb403\.m2\repository\org\jboss\jandex\2.0.3.Final\jandex-2.0.3.Final.jar;C:\Users\ustjavafsdb403\.m2\repository\com\fasterxml\classmate\1.3.4\classmate-1.3.4.jar;C:\Users\ustjavafsdb403\.m2\repository\dom4j\dom4j\1.6.1\dom4j-1.6.1.jar;C:\Users\ustjavafsdb403\.m2\repository\org\hibernate\common\hibernate-commons-annotations\5.0.1.Final\hibernate-commons-annotations-5.0.1.Final.jar;C:\Users\ustjavafsdb403\.m2\repository\javax\transaction\javax.transaction-api\1.2\javax.transaction-api-1.2.jar;C:\Users\ustjavafsdb403\.m2\repository\org\springframework\data\spring-data-jpa\2.0.9.RELEASE\spring-data-jpa-2.0.9.RELEASE.jar;C:\Users\ustjavafsdb403\.m2\repository\org\springframework\data\spring-data-commons\2.0.9.RELEASE\spring-data-commons-2.0.9.RELEASE.jar;C:\Users\ustjavafsdb403\.m2\repository\org\springframework\spring-orm\5.0.8.RELEASE\spring-orm-5.0.8.RELEASE.jar;C:\Users\ustjavafsdb403\.m2\repository\org\springframework\spring-context\5.0.8.RELEASE\spring-context-5.0.8.RELEASE.jar;C:\Users\ustjavafsdb403\.m2\repository\org\springframework\spring-tx\5.0.8.RELEASE\spring-tx-5.0.8.RELEASE.jar;C:\Users\ustjavafsdb403\.m2\repository\org\springframework\spring-beans\5.0.8.RELEASE\spring-beans-5.0.8.RELEASE.jar;C:\Users\ustjavafsdb403\.m2\repository\org\slf4j\slf4j-api\1.7.25\slf4j-api-1.7.25.jar;C:\Users\ustjavafsdb403\.m2\repository\org\springframework\spring-aspects\5.0.8.RELEASE\spring-aspects-5.0.8.RELEASE.jar;C:\Users\ustjavafsdb403\.m2\repository\org\springframework\boot\spring-boot-starter-web\2.0.4.RELEASE\spring-boot-starter-web-2.0.4.RELEASE.jar;C:\Users\ustjavafsdb403\.m2\repository\org\springframework\boot\spring-boot-starter-json\2.0.4.RELEASE\spring-boot-starter-json-2.0.4.RELEASE.jar;C:\Users\ustjavafsdb403\.m2\repository\org\springframework\boot\spring-boot-starter-tomcat\2.0.4.RELEASE\spring-boot-starter-tomcat-2.0.4.RELEASE.jar;C:\Users\ustjavafsdb403\.m2\repository\org\apache\tomcat\embed\tomcat-embed-core\8.5.32\tomcat-embed-core-8.5.32.jar;C:\Users\ustjavafsdb403\.m2\repository\org\apache\tomcat\embed\tomcat-embed-el\8.5.32\tomcat-embed-el-8.5.32.jar;C:\Users\ustjavafsdb403\.m2\repository\org\apache\tomcat\embed\tomcat-embed-websocket\8.5.32\tomcat-embed-websocket-8.5.32.jar;C:\Users\ustjavafsdb403\.m2\repository\org\hibernate\validator\hibernate-validator\6.0.11.Final\hibernate-validator-6.0.11.Final.jar;C:\Users\ustjavafsdb403\.m2\repository\javax\validation\validation-api\2.0.1.Final\validation-api-2.0.1.Final.jar;C:\Users\ustjavafsdb403\.m2\repository\org\openjfx\javafx.base\11.0.0-SNAPSHOT\javafx.base-11.0.0-SNAPSHOT.jar;C:\Users\ustjavafsdb403\.m2\repository\org\openjfx\javafx.base\11.0.0-SNAPSHOT\javafx.base-11.0.0-SNAPSHOT-linux.jar;C:\Users\ustjavafsdb403\.m2\repository\org\openjfx\javafx.base\11.0.0-SNAPSHOT\javafx.base-11.0.0-SNAPSHOT-mac.jar;C:\Users\ustjavafsdb403\.m2\repository\org\openjfx\javafx.base\11.0.0-SNAPSHOT\javafx.base-11.0.0-SNAPSHOT-win.jar;C:\Users\ustjavafsdb403\.m2\repository\org\springframework\spring-web\5.0.8.RELEASE\spring-web-5.0.8.RELEASE.jar;C:\Users\ustjavafsdb403\.m2\repository\org\springframework\spring-webmvc\5.0.8.RELEASE\spring-webmvc-5.0.8.RELEASE.jar;C:\Users\ustjavafsdb403\.m2\repository\org\springframework\spring-expression\5.0.8.RELEASE\spring-expression-5.0.8.RELEASE.jar;C:\Users\ustjavafsdb403\.m2\repository\com\h2database\h2\1.4.197\h2-1.4.197.jar;C:\Users\ustjavafsdb403\.m2\repository\javax\xml\bind\jaxb-api\2.3.0\jaxb-api-2.3.0.jar;C:\Users\ustjavafsdb403\.m2\repository\org\springframework\boot\spring-boot-starter-test\2.0.4.RELEASE\spring-boot-starter-test-2.0.4.RELEASE.jar;C:\Users\ustjavafsdb403\.m2\repository\org\springframework\boot\spring-boot-test\2.0.4.RELEASE\spring-boot-test-2.0.4.RELEASE.jar;C:\Users\ustjavafsdb403\.m2\repository\org\springframework\boot\spring-boot-test-autoconfigure\2.0.4.RELEASE\spring-boot-test-autoconfigure-2.0.4.RELEASE.jar;C:\Users\ustjavafsdb403\.m2\repository\com\jayway\jsonpath\json-path\2.4.0\json-path-2.4.0.jar;C:\Users\ustjavafsdb403\.m2\repository\net\minidev\json-smart\2.3\json-smart-2.3.jar;C:\Users\ustjavafsdb403\.m2\repository\net\minidev\accessors-smart\1.2\accessors-smart-1.2.jar;C:\Users\ustjavafsdb403\.m2\repository\org\ow2\asm\asm\5.0.4\asm-5.0.4.jar;C:\Users\ustjavafsdb403\.m2\repository\junit\junit\4.12\junit-4.12.jar;C:\Users\ustjavafsdb403\.m2\repository\org\assertj\assertj-core\3.9.1\assertj-core-3.9.1.jar;C:\Users\ustjavafsdb403\.m2\repository\org\mockito\mockito-core\2.15.0\mockito-core-2.15.0.jar;C:\Users\ustjavafsdb403\.m2\repository\net\bytebuddy\byte-buddy\1.7.11\byte-buddy-1.7.11.jar;C:\Users\ustjavafsdb403\.m2\repository\net\bytebuddy\byte-buddy-agent\1.7.11\byte-buddy-agent-1.7.11.jar;C:\Users\ustjavafsdb403\.m2\repository\org\objenesis\objenesis\2.6\objenesis-2.6.jar;C:\Users\ustjavafsdb403\.m2\repository\org\hamcrest\hamcrest-core\1.3\hamcrest-core-1.3.jar;C:\Users\ustjavafsdb403\.m2\repository\org\hamcrest\hamcrest-library\1.3\hamcrest-library-1.3.jar;C:\Users\ustjavafsdb403\.m2\repository\org\skyscreamer\jsonassert\1.5.0\jsonassert-1.5.0.jar;C:\Users\ustjavafsdb403\.m2\repository\com\vaadin\external\google\android-json\0.0.20131108.vaadin1\android-json-0.0.20131108.vaadin1.jar;C:\Users\ustjavafsdb403\.m2\repository\org\springframework\spring-core\5.0.8.RELEASE\spring-core-5.0.8.RELEASE.jar;C:\Users\ustjavafsdb403\.m2\repository\org\springframework\spring-jcl\5.0.8.RELEASE\spring-jcl-5.0.8.RELEASE.jar;C:\Users\ustjavafsdb403\.m2\repository\org\springframework\spring-test\5.0.8.RELEASE\spring-test-5.0.8.RELEASE.jar;C:\Users\ustjavafsdb403\.m2\repository\org\xmlunit\xmlunit-core\2.5.1\xmlunit-core-2.5.1.jar;C:\Users\ustjavafsdb403\.m2\repository\com\fasterxml\jackson\module\jackson-module-parameter-names\2.9.6\jackson-module-parameter-names-2.9.6.jar;C:\Users\ustjavafsdb403\.m2\repository\com\fasterxml\jackson\core\jackson-core\2.9.6\jackson-core-2.9.6.jar;C:\Users\ustjavafsdb403\.m2\repository\com\fasterxml\jackson\core\jackson-databind\2.9.6\jackson-databind-2.9.6.jar;C:\Users\ustjavafsdb403\.m2\repository\com\fasterxml\jackson\datatype\jackson-datatype-jdk8\2.9.6\jackson-datatype-jdk8-2.9.6.jar;C:\Users\ustjavafsdb403\.m2\repository\com\fasterxml\jackson\datatype\jackson-datatype-jsr310\2.9.6\jackson-datatype-jsr310-2.9.6.jar;C:\Users\ustjavafsdb403\.m2\repository\com\fasterxml\jackson\core\jackson-annotations\2.9.0\jackson-annotations-2.9.0.jar;, sun.cpu.endian=little, user.home=C:\Users\ustjavafsdb403, user.language=en, java.specification.vendor=Oracle Corporation, java.version.date=2022-10-18, java.home=C:\Users\ustjavafsdb403\.p2\pool\plugins\org.eclipse.justj.openjdk.hotspot.jre.full.win32.x86_64_17.0.5.v20221102-0933\jre, file.separator=\, style.color=always, basedir=E:\spring-transaction-management-master, java.vm.compressedOopsMode=32-bit, line.separator=
, java.vm.specification.vendor=Oracle Corporation, java.specification.name=Java Platform API Specification, surefire.real.class.path=C:\Users\USTJAV~1\AppData\Local\Temp\surefire2126999072731693157\surefirebooter11800425145749619277.jar, user.script=, sun.management.compiler=HotSpot 64-Bit Tiered Compilers, java.runtime.version=17.0.5+8, user.name=ustjavafsdb403, path.separator=;, os.version=10.0, java.runtime.name=OpenJDK Runtime Environment, file.encoding=Cp1252, java.vm.name=OpenJDK 64-Bit Server VM, java.vendor.version=Temurin-17.0.5+8, localRepository=C:\Users\ustjavafsdb403\.m2\repository, java.vendor.url.bug=https://github.com/adoptium/adoptium-support/issues, java.io.tmpdir=C:\Users\USTJAV~1\AppData\Local\Temp\, java.version=17.0.5, user.dir=E:\spring-transaction-management-master, os.arch=amd64, java.vm.specification.name=Java Virtual Machine Specification, sun.os.patch.level=, native.encoding=Cp1252, java.library.path=C:\Users\ustjavafsdb403\.p2\pool\plugins\org.eclipse.justj.openjdk.hotspot.jre.full.win32.x86_64_17.0.5.v20221102-0933\jre\bin;C:\Windows\Sun\Java\bin;C:\Windows\system32;C:\Windows;C:/Users/ustjavafsdb403/.p2/pool/plugins/org.eclipse.justj.openjdk.hotspot.jre.full.win32.x86_64_17.0.5.v20221102-0933/jre/bin/server;C:/Users/ustjavafsdb403/.p2/pool/plugins/org.eclipse.justj.openjdk.hotspot.jre.full.win32.x86_64_17.0.5.v20221102-0933/jre/bin;C:\Program Files\Common Files\Oracle\Java\javapath;C:\Windows\system32;C:\Windows;C:\Windows\System32\Wbem;C:\Windows\System32\WindowsPowerShell\v1.0\;C:\Windows\System32\OpenSSH\;C:\Program Files\Java\jdk-11.0.15\bin;C:\Program Files (x86)\Citrix\HDX\bin\;C:\Program Files\Citrix\HDX\bin\;C:\Program Files\Git\cmd;C:\Program Files\Docker\Docker\resources\bin;C:\Program Files\MySQL\MySQL Shell 8.0\bin\;C:\Users\ustjavafsdb403\AppData\Local\Microsoft\WindowsApps;C:\ProgramData\ustjavafsdb403\GitHubDesktop\bin;C:\Windows\system32;;., java.vm.info=mixed mode, java.vendor=Eclipse Adoptium, java.vm.version=17.0.5+8, sun.io.unicode.encoding=UnicodeLittle, java.class.version=61.0}}, SystemEnvironmentPropertySource@1412601264 {name='systemEnvironment', properties={PATH=C:/Users/ustjavafsdb403/.p2/pool/plugins/org.eclipse.justj.openjdk.hotspot.jre.full.win32.x86_64_17.0.5.v20221102-0933/jre/bin/server;C:/Users/ustjavafsdb403/.p2/pool/plugins/org.eclipse.justj.openjdk.hotspot.jre.full.win32.x86_64_17.0.5.v20221102-0933/jre/bin;C:\Program Files\Common Files\Oracle\Java\javapath;C:\Windows\system32;C:\Windows;C:\Windows\System32\Wbem;C:\Windows\System32\WindowsPowerShell\v1.0\;C:\Windows\System32\OpenSSH\;C:\Program Files\Java\jdk-11.0.15\bin;C:\Program Files (x86)\Citrix\HDX\bin\;C:\Program Files\Citrix\HDX\bin\;C:\Program Files\Git\cmd;C:\Program Files\Docker\Docker\resources\bin;C:\Program Files\MySQL\MySQL Shell 8.0\bin\;C:\Users\ustjavafsdb403\AppData\Local\Microsoft\WindowsApps;C:\ProgramData\ustjavafsdb403\GitHubDesktop\bin;C:\Windows\system32;, USERDOMAIN_ROAMINGPROFILE=IIHT, LOCALAPPDATA=C:\Users\ustjavafsdb403\AppData\Local, PROCESSOR_LEVEL=6, SYSTEMDRIVE=C:, COMMONPROGRAMFILES(X86)=C:\Program Files (x86)\Common Files, USERDOMAIN=IIHT, FPS_BROWSER_APP_PROFILE_STRING=Internet Explorer, LOGONSERVER=\\SDC, PROMPT=$P$G, SESSIONNAME=Console, ALLUSERSPROFILE=C:\ProgramData, PROGRAMFILES(X86)=C:\Program Files (x86), PROCESSOR_ARCHITECTURE=AMD64, DRIVERDATA=C:\Windows\System32\Drivers\DriverData, =E:=E:\spring-transaction-management-master, PROGRAMFILES=C:\Program Files, APPDATA=C:\Users\ustjavafsdb403\AppData\Roaming, PSMODULEPATH=C:\Program Files\WindowsPowerShell\Modules;C:\Windows\system32\WindowsPowerShell\v1.0\Modules;C:\Program Files\Citrix\Telemetry Service\, PROGRAMW6432=C:\Program Files, PROGRAMDATA=C:\ProgramData, SYSTEMROOT=C:\Windows, USERNAME=ustjavafsdb403, USERDNSDOMAIN=IIHT.TECH, FPS_BROWSER_USER_PROFILE_STRING=Default, ONEDRIVE=C:\Users\ustjavafsdb403\OneDrive, PATHEXT=.COM;.EXE;.BAT;.CMD;.VBS;.VBE;.JS;.JSE;.WSF;.WSH;.MSC, OS=Windows_NT, COMMONPROGRAMW6432=C:\Program Files\Common Files, COMPUTERNAME=USTFSD08, COMMONPROGRAMFILES=C:\Program Files\Common Files, COMSPEC=C:\Windows\system32\cmd.exe, PROCESSOR_REVISION=4f01, WINDIR=C:\Windows, HOMEPATH=\Users\ustjavafsdb403, TEMP=C:\Users\USTJAV~1\AppData\Local\Temp, HOMEDRIVE=C:, PROCESSOR_IDENTIFIER=Intel64 Family 6 Model 79 Stepping 1, GenuineIntel, USERPROFILE=C:\Users\ustjavafsdb403, TMP=C:\Users\USTJAV~1\AppData\Local\Temp, PUBLIC=C:\Users\Public, NUMBER_OF_PROCESSORS=4, =::=::\}}]
17:44:43.232 [main] DEBUG org.springframework.core.io.support.PathMatchingResourcePatternResolver - Resolved classpath location [com/affani/datatranx/controller/] to resources [URL [file:/E:/spring-transaction-management-master/target/test-classes/com/affani/datatranx/controller/], URL [file:/E:/spring-transaction-management-master/target/classes/com/affani/datatranx/controller/]]
17:44:43.233 [main] DEBUG org.springframework.core.io.support.PathMatchingResourcePatternResolver - Looking for matching resources in directory tree [E:\spring-transaction-management-master\target\test-classes\com\affani\datatranx\controller]
17:44:43.234 [main] DEBUG org.springframework.core.io.support.PathMatchingResourcePatternResolver - Searching directory [E:\spring-transaction-management-master\target\test-classes\com\affani\datatranx\controller] for files matching pattern [E:/spring-transaction-management-master/target/test-classes/com/affani/datatranx/controller/*.class]
17:44:43.241 [main] DEBUG org.springframework.core.io.support.PathMatchingResourcePatternResolver - Looking for matching resources in directory tree [E:\spring-transaction-management-master\target\classes\com\affani\datatranx\controller]
17:44:43.241 [main] DEBUG org.springframework.core.io.support.PathMatchingResourcePatternResolver - Searching directory [E:\spring-transaction-management-master\target\classes\com\affani\datatranx\controller] for files matching pattern [E:/spring-transaction-management-master/target/classes/com/affani/datatranx/controller/*.class]
17:44:43.242 [main] DEBUG org.springframework.core.io.support.PathMatchingResourcePatternResolver - Resolved location pattern [classpath*:com/affani/datatranx/controller/*.class] to resources [file [E:\spring-transaction-management-master\target\test-classes\com\affani\datatranx\controller\RESTAPIControllerTest.class], file [E:\spring-transaction-management-master\target\classes\com\affani\datatranx\controller\RESTAPIController.class]]
17:44:43.337 [main] DEBUG org.springframework.core.io.support.PathMatchingResourcePatternResolver - Resolved classpath location [com/affani/datatranx/] to resources [URL [file:/E:/spring-transaction-management-master/target/test-classes/com/affani/datatranx/], URL [file:/E:/spring-transaction-management-master/target/classes/com/affani/datatranx/]]
17:44:43.337 [main] DEBUG org.springframework.core.io.support.PathMatchingResourcePatternResolver - Looking for matching resources in directory tree [E:\spring-transaction-management-master\target\test-classes\com\affani\datatranx]
17:44:43.337 [main] DEBUG org.springframework.core.io.support.PathMatchingResourcePatternResolver - Searching directory [E:\spring-transaction-management-master\target\test-classes\com\affani\datatranx] for files matching pattern [E:/spring-transaction-management-master/target/test-classes/com/affani/datatranx/*.class]
17:44:43.341 [main] DEBUG org.springframework.core.io.support.PathMatchingResourcePatternResolver - Looking for matching resources in directory tree [E:\spring-transaction-management-master\target\classes\com\affani\datatranx]
17:44:43.341 [main] DEBUG org.springframework.core.io.support.PathMatchingResourcePatternResolver - Searching directory [E:\spring-transaction-management-master\target\classes\com\affani\datatranx] for files matching pattern [E:/spring-transaction-management-master/target/classes/com/affani/datatranx/*.class]
17:44:43.342 [main] DEBUG org.springframework.core.io.support.PathMatchingResourcePatternResolver - Resolved location pattern [classpath*:com/affani/datatranx/*.class] to resources [file [E:\spring-transaction-management-master\target\test-classes\com\affani\datatranx\DatatranxApplicationTests.class], file [E:\spring-transaction-management-master\target\classes\com\affani\datatranx\DatatranxApplication.class]]
17:44:43.411 [main] DEBUG org.springframework.context.annotation.ClassPathScanningCandidateComponentProvider - Identified candidate component class: file [E:\spring-transaction-management-master\target\classes\com\affani\datatranx\DatatranxApplication.class]
17:44:43.412 [main] INFO org.springframework.boot.test.context.SpringBootTestContextBootstrapper - Found @SpringBootConfiguration com.affani.datatranx.DatatranxApplication for test class com.affani.datatranx.controller.RESTAPIControllerTest
17:44:43.898 [main] DEBUG org.springframework.boot.test.context.SpringBootTestContextBootstrapper - @TestExecutionListeners is not present for class [com.affani.datatranx.controller.RESTAPIControllerTest]: using defaults.
17:44:43.899 [main] INFO org.springframework.boot.test.context.SpringBootTestContextBootstrapper - Loaded default TestExecutionListener class names from location [META-INF/spring.factories]: [org.springframework.boot.test.mock.mockito.MockitoTestExecutionListener, org.springframework.boot.test.mock.mockito.ResetMocksTestExecutionListener, org.springframework.boot.test.autoconfigure.restdocs.RestDocsTestExecutionListener, org.springframework.boot.test.autoconfigure.web.client.MockRestServiceServerResetTestExecutionListener, org.springframework.boot.test.autoconfigure.web.servlet.MockMvcPrintOnlyOnFailureTestExecutionListener, org.springframework.boot.test.autoconfigure.web.servlet.WebDriverTestExecutionListener, org.springframework.test.context.web.ServletTestExecutionListener, org.springframework.test.context.support.DirtiesContextBeforeModesTestExecutionListener, org.springframework.test.context.support.DependencyInjectionTestExecutionListener, org.springframework.test.context.support.DirtiesContextTestExecutionListener, org.springframework.test.context.transaction.TransactionalTestExecutionListener, org.springframework.test.context.jdbc.SqlScriptsTestExecutionListener]
17:44:43.983 [main] INFO org.springframework.boot.test.context.SpringBootTestContextBootstrapper - Using TestExecutionListeners: [org.springframework.test.context.web.ServletTestExecutionListener@673be18f, org.springframework.test.context.support.DirtiesContextBeforeModesTestExecutionListener@6581dc0a, org.springframework.boot.test.mock.mockito.MockitoTestExecutionListener@39de3d36, org.springframework.boot.test.autoconfigure.SpringBootDependencyInjectionTestExecutionListener@6ce86ce1, org.springframework.test.context.support.DirtiesContextTestExecutionListener@54e7df6a, org.springframework.test.context.transaction.TransactionalTestExecutionListener@3fed2870, org.springframework.test.context.jdbc.SqlScriptsTestExecutionListener@77128536, org.springframework.boot.test.mock.mockito.ResetMocksTestExecutionListener@58326051, org.springframework.boot.test.autoconfigure.restdocs.RestDocsTestExecutionListener@32c4e8b2, org.springframework.boot.test.autoconfigure.web.client.MockRestServiceServerResetTestExecutionListener@64bce832, org.springframework.boot.test.autoconfigure.web.servlet.MockMvcPrintOnlyOnFailureTestExecutionListener@764faa6, org.springframework.boot.test.autoconfigure.web.servlet.WebDriverTestExecutionListener@4c1f22f3]
17:44:43.999 [main] DEBUG org.springframework.test.annotation.ProfileValueUtils - Retrieved @ProfileValueSourceConfiguration [null] for test class [com.affani.datatranx.controller.RESTAPIControllerTest]
17:44:44.000 [main] DEBUG org.springframework.test.annotation.ProfileValueUtils - Retrieved ProfileValueSource type [class org.springframework.test.annotation.SystemProfileValueSource] for class [com.affani.datatranx.controller.RESTAPIControllerTest]
17:44:44.000 [main] DEBUG org.springframework.test.annotation.ProfileValueUtils - Retrieved @ProfileValueSourceConfiguration [null] for test class [com.affani.datatranx.controller.RESTAPIControllerTest]
17:44:44.000 [main] DEBUG org.springframework.test.annotation.ProfileValueUtils - Retrieved ProfileValueSource type [class org.springframework.test.annotation.SystemProfileValueSource] for class [com.affani.datatranx.controller.RESTAPIControllerTest]
17:44:44.002 [main] DEBUG org.springframework.test.annotation.ProfileValueUtils - Retrieved @ProfileValueSourceConfiguration [null] for test class [com.affani.datatranx.controller.RESTAPIControllerTest]
17:44:44.003 [main] DEBUG org.springframework.test.annotation.ProfileValueUtils - Retrieved ProfileValueSource type [class org.springframework.test.annotation.SystemProfileValueSource] for class [com.affani.datatranx.controller.RESTAPIControllerTest]
17:44:44.007 [main] DEBUG org.springframework.test.context.support.AbstractDirtiesContextTestExecutionListener - Before test class: context [DefaultTestContext@38aa816f testClass = RESTAPIControllerTest, testInstance = [null], testMethod = [null], testException = [null], mergedContextConfiguration = [WebMergedContextConfiguration@53f6fd09 testClass = RESTAPIControllerTest, locations = '{}', classes = '{class com.affani.datatranx.DatatranxApplication}', contextInitializerClasses = '[]', activeProfiles = '{}', propertySourceLocations = '{}', propertySourceProperties = '{org.springframework.boot.test.context.SpringBootTestContextBootstrapper=true}', contextCustomizers = set[[ImportsContextCustomizer@6bffbc6d key = [org.springframework.boot.test.autoconfigure.web.servlet.MockMvcAutoConfiguration, org.springframework.boot.test.autoconfigure.web.servlet.MockMvcSecurityAutoConfiguration, org.springframework.boot.test.autoconfigure.web.servlet.MockMvcWebClientAutoConfiguration, org.springframework.boot.test.autoconfigure.web.servlet.MockMvcWebDriverAutoConfiguration]], org.springframework.boot.test.context.filter.ExcludeFilterContextCustomizer@32502377, org.springframework.boot.test.json.DuplicateJsonObjectContextCustomizerFactory$DuplicateJsonObjectContextCustomizer@66f57048, org.springframework.boot.test.mock.mockito.MockitoContextCustomizer@923b907e, org.springframework.boot.test.web.client.TestRestTemplateContextCustomizer@242b836, org.springframework.boot.test.autoconfigure.properties.PropertyMappingContextCustomizer@e7e84f8, org.springframework.boot.test.autoconfigure.web.servlet.WebDriverContextCustomizerFactory$Customizer@229c6181], resourceBasePath = 'src/main/webapp', contextLoader = 'org.springframework.boot.test.context.SpringBootContextLoader', parent = [null]], attributes = map['org.springframework.test.context.web.ServletTestExecutionListener.activateListener' -> true]], class annotated with @DirtiesContext [false] with mode [null].
17:44:44.008 [main] DEBUG org.springframework.test.annotation.ProfileValueUtils - Retrieved @ProfileValueSourceConfiguration [null] for test class [com.affani.datatranx.controller.RESTAPIControllerTest]
17:44:44.008 [main] DEBUG org.springframework.test.annotation.ProfileValueUtils - Retrieved ProfileValueSource type [class org.springframework.test.annotation.SystemProfileValueSource] for class [com.affani.datatranx.controller.RESTAPIControllerTest]
17:44:44.144 [main] DEBUG org.springframework.core.env.StandardEnvironment - Adding PropertySource 'systemProperties' with lowest search precedence
17:44:44.144 [main] DEBUG org.springframework.core.env.StandardEnvironment - Adding PropertySource 'systemEnvironment' with lowest search precedence
17:44:44.144 [main] DEBUG org.springframework.core.env.StandardEnvironment - Initialized StandardEnvironment with PropertySources [MapPropertySource@2031588185 {name='systemProperties', properties={java.specification.version=17, sun.cpu.isalist=amd64, sun.jnu.encoding=Cp1252, java.class.path=E:\spring-transaction-management-master\target\test-classes;E:\spring-transaction-management-master\target\classes;C:\Users\ustjavafsdb403\.m2\repository\org\springframework\boot\spring-boot-starter-data-jpa\2.0.4.RELEASE\spring-boot-starter-data-jpa-2.0.4.RELEASE.jar;C:\Users\ustjavafsdb403\.m2\repository\org\springframework\boot\spring-boot-starter\2.0.4.RELEASE\spring-boot-starter-2.0.4.RELEASE.jar;C:\Users\ustjavafsdb403\.m2\repository\org\springframework\boot\spring-boot\2.0.4.RELEASE\spring-boot-2.0.4.RELEASE.jar;C:\Users\ustjavafsdb403\.m2\repository\org\springframework\boot\spring-boot-autoconfigure\2.0.4.RELEASE\spring-boot-autoconfigure-2.0.4.RELEASE.jar;C:\Users\ustjavafsdb403\.m2\repository\org\springframework\boot\spring-boot-starter-logging\2.0.4.RELEASE\spring-boot-starter-logging-2.0.4.RELEASE.jar;C:\Users\ustjavafsdb403\.m2\repository\ch\qos\logback\logback-classic\1.2.3\logback-classic-1.2.3.jar;C:\Users\ustjavafsdb403\.m2\repository\ch\qos\logback\logback-core\1.2.3\logback-core-1.2.3.jar;C:\Users\ustjavafsdb403\.m2\repository\org\apache\logging\log4j\log4j-to-slf4j\2.10.0\log4j-to-slf4j-2.10.0.jar;C:\Users\ustjavafsdb403\.m2\repository\org\apache\logging\log4j\log4j-api\2.10.0\log4j-api-2.10.0.jar;C:\Users\ustjavafsdb403\.m2\repository\org\slf4j\jul-to-slf4j\1.7.25\jul-to-slf4j-1.7.25.jar;C:\Users\ustjavafsdb403\.m2\repository\javax\annotation\javax.annotation-api\1.3.2\javax.annotation-api-1.3.2.jar;C:\Users\ustjavafsdb403\.m2\repository\org\yaml\snakeyaml\1.19\snakeyaml-1.19.jar;C:\Users\ustjavafsdb403\.m2\repository\org\springframework\boot\spring-boot-starter-aop\2.0.4.RELEASE\spring-boot-starter-aop-2.0.4.RELEASE.jar;C:\Users\ustjavafsdb403\.m2\repository\org\springframework\spring-aop\5.0.8.RELEASE\spring-aop-5.0.8.RELEASE.jar;C:\Users\ustjavafsdb403\.m2\repository\org\aspectj\aspectjweaver\1.8.13\aspectjweaver-1.8.13.jar;C:\Users\ustjavafsdb403\.m2\repository\org\springframework\boot\spring-boot-starter-jdbc\2.0.4.RELEASE\spring-boot-starter-jdbc-2.0.4.RELEASE.jar;C:\Users\ustjavafsdb403\.m2\repository\com\zaxxer\HikariCP\2.7.9\HikariCP-2.7.9.jar;C:\Users\ustjavafsdb403\.m2\repository\org\springframework\spring-jdbc\5.0.8.RELEASE\spring-jdbc-5.0.8.RELEASE.jar;C:\Users\ustjavafsdb403\.m2\repository\org\hibernate\hibernate-core\5.2.17.Final\hibernate-core-5.2.17.Final.jar;C:\Users\ustjavafsdb403\.m2\repository\org\jboss\logging\jboss-logging\3.3.2.Final\jboss-logging-3.3.2.Final.jar;C:\Users\ustjavafsdb403\.m2\repository\org\hibernate\javax\persistence\hibernate-jpa-2.1-api\1.0.2.Final\hibernate-jpa-2.1-api-1.0.2.Final.jar;C:\Users\ustjavafsdb403\.m2\repository\org\javassist\javassist\3.22.0-GA\javassist-3.22.0-GA.jar;C:\Users\ustjavafsdb403\.m2\repository\antlr\antlr\2.7.7\antlr-2.7.7.jar;C:\Users\ustjavafsdb403\.m2\repository\org\jboss\jandex\2.0.3.Final\jandex-2.0.3.Final.jar;C:\Users\ustjavafsdb403\.m2\repository\com\fasterxml\classmate\1.3.4\classmate-1.3.4.jar;C:\Users\ustjavafsdb403\.m2\repository\dom4j\dom4j\1.6.1\dom4j-1.6.1.jar;C:\Users\ustjavafsdb403\.m2\repository\org\hibernate\common\hibernate-commons-annotations\5.0.1.Final\hibernate-commons-annotations-5.0.1.Final.jar;C:\Users\ustjavafsdb403\.m2\repository\javax\transaction\javax.transaction-api\1.2\javax.transaction-api-1.2.jar;C:\Users\ustjavafsdb403\.m2\repository\org\springframework\data\spring-data-jpa\2.0.9.RELEASE\spring-data-jpa-2.0.9.RELEASE.jar;C:\Users\ustjavafsdb403\.m2\repository\org\springframework\data\spring-data-commons\2.0.9.RELEASE\spring-data-commons-2.0.9.RELEASE.jar;C:\Users\ustjavafsdb403\.m2\repository\org\springframework\spring-orm\5.0.8.RELEASE\spring-orm-5.0.8.RELEASE.jar;C:\Users\ustjavafsdb403\.m2\repository\org\springframework\spring-context\5.0.8.RELEASE\spring-context-5.0.8.RELEASE.jar;C:\Users\ustjavafsdb403\.m2\repository\org\springframework\spring-tx\5.0.8.RELEASE\spring-tx-5.0.8.RELEASE.jar;C:\Users\ustjavafsdb403\.m2\repository\org\springframework\spring-beans\5.0.8.RELEASE\spring-beans-5.0.8.RELEASE.jar;C:\Users\ustjavafsdb403\.m2\repository\org\slf4j\slf4j-api\1.7.25\slf4j-api-1.7.25.jar;C:\Users\ustjavafsdb403\.m2\repository\org\springframework\spring-aspects\5.0.8.RELEASE\spring-aspects-5.0.8.RELEASE.jar;C:\Users\ustjavafsdb403\.m2\repository\org\springframework\boot\spring-boot-starter-web\2.0.4.RELEASE\spring-boot-starter-web-2.0.4.RELEASE.jar;C:\Users\ustjavafsdb403\.m2\repository\org\springframework\boot\spring-boot-starter-json\2.0.4.RELEASE\spring-boot-starter-json-2.0.4.RELEASE.jar;C:\Users\ustjavafsdb403\.m2\repository\org\springframework\boot\spring-boot-starter-tomcat\2.0.4.RELEASE\spring-boot-starter-tomcat-2.0.4.RELEASE.jar;C:\Users\ustjavafsdb403\.m2\repository\org\apache\tomcat\embed\tomcat-embed-core\8.5.32\tomcat-embed-core-8.5.32.jar;C:\Users\ustjavafsdb403\.m2\repository\org\apache\tomcat\embed\tomcat-embed-el\8.5.32\tomcat-embed-el-8.5.32.jar;C:\Users\ustjavafsdb403\.m2\repository\org\apache\tomcat\embed\tomcat-embed-websocket\8.5.32\tomcat-embed-websocket-8.5.32.jar;C:\Users\ustjavafsdb403\.m2\repository\org\hibernate\validator\hibernate-validator\6.0.11.Final\hibernate-validator-6.0.11.Final.jar;C:\Users\ustjavafsdb403\.m2\repository\javax\validation\validation-api\2.0.1.Final\validation-api-2.0.1.Final.jar;C:\Users\ustjavafsdb403\.m2\repository\org\openjfx\javafx.base\11.0.0-SNAPSHOT\javafx.base-11.0.0-SNAPSHOT.jar;C:\Users\ustjavafsdb403\.m2\repository\org\openjfx\javafx.base\11.0.0-SNAPSHOT\javafx.base-11.0.0-SNAPSHOT-linux.jar;C:\Users\ustjavafsdb403\.m2\repository\org\openjfx\javafx.base\11.0.0-SNAPSHOT\javafx.base-11.0.0-SNAPSHOT-mac.jar;C:\Users\ustjavafsdb403\.m2\repository\org\openjfx\javafx.base\11.0.0-SNAPSHOT\javafx.base-11.0.0-SNAPSHOT-win.jar;C:\Users\ustjavafsdb403\.m2\repository\org\springframework\spring-web\5.0.8.RELEASE\spring-web-5.0.8.RELEASE.jar;C:\Users\ustjavafsdb403\.m2\repository\org\springframework\spring-webmvc\5.0.8.RELEASE\spring-webmvc-5.0.8.RELEASE.jar;C:\Users\ustjavafsdb403\.m2\repository\org\springframework\spring-expression\5.0.8.RELEASE\spring-expression-5.0.8.RELEASE.jar;C:\Users\ustjavafsdb403\.m2\repository\com\h2database\h2\1.4.197\h2-1.4.197.jar;C:\Users\ustjavafsdb403\.m2\repository\javax\xml\bind\jaxb-api\2.3.0\jaxb-api-2.3.0.jar;C:\Users\ustjavafsdb403\.m2\repository\org\springframework\boot\spring-boot-starter-test\2.0.4.RELEASE\spring-boot-starter-test-2.0.4.RELEASE.jar;C:\Users\ustjavafsdb403\.m2\repository\org\springframework\boot\spring-boot-test\2.0.4.RELEASE\spring-boot-test-2.0.4.RELEASE.jar;C:\Users\ustjavafsdb403\.m2\repository\org\springframework\boot\spring-boot-test-autoconfigure\2.0.4.RELEASE\spring-boot-test-autoconfigure-2.0.4.RELEASE.jar;C:\Users\ustjavafsdb403\.m2\repository\com\jayway\jsonpath\json-path\2.4.0\json-path-2.4.0.jar;C:\Users\ustjavafsdb403\.m2\repository\net\minidev\json-smart\2.3\json-smart-2.3.jar;C:\Users\ustjavafsdb403\.m2\repository\net\minidev\accessors-smart\1.2\accessors-smart-1.2.jar;C:\Users\ustjavafsdb403\.m2\repository\org\ow2\asm\asm\5.0.4\asm-5.0.4.jar;C:\Users\ustjavafsdb403\.m2\repository\junit\junit\4.12\junit-4.12.jar;C:\Users\ustjavafsdb403\.m2\repository\org\assertj\assertj-core\3.9.1\assertj-core-3.9.1.jar;C:\Users\ustjavafsdb403\.m2\repository\org\mockito\mockito-core\2.15.0\mockito-core-2.15.0.jar;C:\Users\ustjavafsdb403\.m2\repository\net\bytebuddy\byte-buddy\1.7.11\byte-buddy-1.7.11.jar;C:\Users\ustjavafsdb403\.m2\repository\net\bytebuddy\byte-buddy-agent\1.7.11\byte-buddy-agent-1.7.11.jar;C:\Users\ustjavafsdb403\.m2\repository\org\objenesis\objenesis\2.6\objenesis-2.6.jar;C:\Users\ustjavafsdb403\.m2\repository\org\hamcrest\hamcrest-core\1.3\hamcrest-core-1.3.jar;C:\Users\ustjavafsdb403\.m2\repository\org\hamcrest\hamcrest-library\1.3\hamcrest-library-1.3.jar;C:\Users\ustjavafsdb403\.m2\repository\org\skyscreamer\jsonassert\1.5.0\jsonassert-1.5.0.jar;C:\Users\ustjavafsdb403\.m2\repository\com\vaadin\external\google\android-json\0.0.20131108.vaadin1\android-json-0.0.20131108.vaadin1.jar;C:\Users\ustjavafsdb403\.m2\repository\org\springframework\spring-core\5.0.8.RELEASE\spring-core-5.0.8.RELEASE.jar;C:\Users\ustjavafsdb403\.m2\repository\org\springframework\spring-jcl\5.0.8.RELEASE\spring-jcl-5.0.8.RELEASE.jar;C:\Users\ustjavafsdb403\.m2\repository\org\springframework\spring-test\5.0.8.RELEASE\spring-test-5.0.8.RELEASE.jar;C:\Users\ustjavafsdb403\.m2\repository\org\xmlunit\xmlunit-core\2.5.1\xmlunit-core-2.5.1.jar;C:\Users\ustjavafsdb403\.m2\repository\com\fasterxml\jackson\module\jackson-module-parameter-names\2.9.6\jackson-module-parameter-names-2.9.6.jar;C:\Users\ustjavafsdb403\.m2\repository\com\fasterxml\jackson\core\jackson-core\2.9.6\jackson-core-2.9.6.jar;C:\Users\ustjavafsdb403\.m2\repository\com\fasterxml\jackson\core\jackson-databind\2.9.6\jackson-databind-2.9.6.jar;C:\Users\ustjavafsdb403\.m2\repository\com\fasterxml\jackson\datatype\jackson-datatype-jdk8\2.9.6\jackson-datatype-jdk8-2.9.6.jar;C:\Users\ustjavafsdb403\.m2\repository\com\fasterxml\jackson\datatype\jackson-datatype-jsr310\2.9.6\jackson-datatype-jsr310-2.9.6.jar;C:\Users\ustjavafsdb403\.m2\repository\com\fasterxml\jackson\core\jackson-annotations\2.9.0\jackson-annotations-2.9.0.jar;, java.vm.vendor=Eclipse Adoptium, sun.arch.data.model=64, user.variant=, java.vendor.url=https://adoptium.net/, user.timezone=GMT+05:30, java.vm.specification.version=17, os.name=Windows 10, sun.java.launcher=SUN_STANDARD, user.country=IN, sun.boot.library.path=C:\Users\ustjavafsdb403\.p2\pool\plugins\org.eclipse.justj.openjdk.hotspot.jre.full.win32.x86_64_17.0.5.v20221102-0933\jre\bin, sun.java.command=C:\Users\USTJAV~1\AppData\Local\Temp\surefire2126999072731693157\surefirebooter11800425145749619277.jar C:\Users\ustjavafsdb403\AppData\Local\Temp\surefire2126999072731693157 2023-01-04T17-44-36_170-jvmRun1 surefire11905101423022534022tmp surefire_07651124966663579816tmp, jdk.debug=release, surefire.test.class.path=E:\spring-transaction-management-master\target\test-classes;E:\spring-transaction-management-master\target\classes;C:\Users\ustjavafsdb403\.m2\repository\org\springframework\boot\spring-boot-starter-data-jpa\2.0.4.RELEASE\spring-boot-starter-data-jpa-2.0.4.RELEASE.jar;C:\Users\ustjavafsdb403\.m2\repository\org\springframework\boot\spring-boot-starter\2.0.4.RELEASE\spring-boot-starter-2.0.4.RELEASE.jar;C:\Users\ustjavafsdb403\.m2\repository\org\springframework\boot\spring-boot\2.0.4.RELEASE\spring-boot-2.0.4.RELEASE.jar;C:\Users\ustjavafsdb403\.m2\repository\org\springframework\boot\spring-boot-autoconfigure\2.0.4.RELEASE\spring-boot-autoconfigure-2.0.4.RELEASE.jar;C:\Users\ustjavafsdb403\.m2\repository\org\springframework\boot\spring-boot-starter-logging\2.0.4.RELEASE\spring-boot-starter-logging-2.0.4.RELEASE.jar;C:\Users\ustjavafsdb403\.m2\repository\ch\qos\logback\logback-classic\1.2.3\logback-classic-1.2.3.jar;C:\Users\ustjavafsdb403\.m2\repository\ch\qos\logback\logback-core\1.2.3\logback-core-1.2.3.jar;C:\Users\ustjavafsdb403\.m2\repository\org\apache\logging\log4j\log4j-to-slf4j\2.10.0\log4j-to-slf4j-2.10.0.jar;C:\Users\ustjavafsdb403\.m2\repository\org\apache\logging\log4j\log4j-api\2.10.0\log4j-api-2.10.0.jar;C:\Users\ustjavafsdb403\.m2\repository\org\slf4j\jul-to-slf4j\1.7.25\jul-to-slf4j-1.7.25.jar;C:\Users\ustjavafsdb403\.m2\repository\javax\annotation\javax.annotation-api\1.3.2\javax.annotation-api-1.3.2.jar;C:\Users\ustjavafsdb403\.m2\repository\org\yaml\snakeyaml\1.19\snakeyaml-1.19.jar;C:\Users\ustjavafsdb403\.m2\repository\org\springframework\boot\spring-boot-starter-aop\2.0.4.RELEASE\spring-boot-starter-aop-2.0.4.RELEASE.jar;C:\Users\ustjavafsdb403\.m2\repository\org\springframework\spring-aop\5.0.8.RELEASE\spring-aop-5.0.8.RELEASE.jar;C:\Users\ustjavafsdb403\.m2\repository\org\aspectj\aspectjweaver\1.8.13\aspectjweaver-1.8.13.jar;C:\Users\ustjavafsdb403\.m2\repository\org\springframework\boot\spring-boot-starter-jdbc\2.0.4.RELEASE\spring-boot-starter-jdbc-2.0.4.RELEASE.jar;C:\Users\ustjavafsdb403\.m2\repository\com\zaxxer\HikariCP\2.7.9\HikariCP-2.7.9.jar;C:\Users\ustjavafsdb403\.m2\repository\org\springframework\spring-jdbc\5.0.8.RELEASE\spring-jdbc-5.0.8.RELEASE.jar;C:\Users\ustjavafsdb403\.m2\repository\org\hibernate\hibernate-core\5.2.17.Final\hibernate-core-5.2.17.Final.jar;C:\Users\ustjavafsdb403\.m2\repository\org\jboss\logging\jboss-logging\3.3.2.Final\jboss-logging-3.3.2.Final.jar;C:\Users\ustjavafsdb403\.m2\repository\org\hibernate\javax\persistence\hibernate-jpa-2.1-api\1.0.2.Final\hibernate-jpa-2.1-api-1.0.2.Final.jar;C:\Users\ustjavafsdb403\.m2\repository\org\javassist\javassist\3.22.0-GA\javassist-3.22.0-GA.jar;C:\Users\ustjavafsdb403\.m2\repository\antlr\antlr\2.7.7\antlr-2.7.7.jar;C:\Users\ustjavafsdb403\.m2\repository\org\jboss\jandex\2.0.3.Final\jandex-2.0.3.Final.jar;C:\Users\ustjavafsdb403\.m2\repository\com\fasterxml\classmate\1.3.4\classmate-1.3.4.jar;C:\Users\ustjavafsdb403\.m2\repository\dom4j\dom4j\1.6.1\dom4j-1.6.1.jar;C:\Users\ustjavafsdb403\.m2\repository\org\hibernate\common\hibernate-commons-annotations\5.0.1.Final\hibernate-commons-annotations-5.0.1.Final.jar;C:\Users\ustjavafsdb403\.m2\repository\javax\transaction\javax.transaction-api\1.2\javax.transaction-api-1.2.jar;C:\Users\ustjavafsdb403\.m2\repository\org\springframework\data\spring-data-jpa\2.0.9.RELEASE\spring-data-jpa-2.0.9.RELEASE.jar;C:\Users\ustjavafsdb403\.m2\repository\org\springframework\data\spring-data-commons\2.0.9.RELEASE\spring-data-commons-2.0.9.RELEASE.jar;C:\Users\ustjavafsdb403\.m2\repository\org\springframework\spring-orm\5.0.8.RELEASE\spring-orm-5.0.8.RELEASE.jar;C:\Users\ustjavafsdb403\.m2\repository\org\springframework\spring-context\5.0.8.RELEASE\spring-context-5.0.8.RELEASE.jar;C:\Users\ustjavafsdb403\.m2\repository\org\springframework\spring-tx\5.0.8.RELEASE\spring-tx-5.0.8.RELEASE.jar;C:\Users\ustjavafsdb403\.m2\repository\org\springframework\spring-beans\5.0.8.RELEASE\spring-beans-5.0.8.RELEASE.jar;C:\Users\ustjavafsdb403\.m2\repository\org\slf4j\slf4j-api\1.7.25\slf4j-api-1.7.25.jar;C:\Users\ustjavafsdb403\.m2\repository\org\springframework\spring-aspects\5.0.8.RELEASE\spring-aspects-5.0.8.RELEASE.jar;C:\Users\ustjavafsdb403\.m2\repository\org\springframework\boot\spring-boot-starter-web\2.0.4.RELEASE\spring-boot-starter-web-2.0.4.RELEASE.jar;C:\Users\ustjavafsdb403\.m2\repository\org\springframework\boot\spring-boot-starter-json\2.0.4.RELEASE\spring-boot-starter-json-2.0.4.RELEASE.jar;C:\Users\ustjavafsdb403\.m2\repository\org\springframework\boot\spring-boot-starter-tomcat\2.0.4.RELEASE\spring-boot-starter-tomcat-2.0.4.RELEASE.jar;C:\Users\ustjavafsdb403\.m2\repository\org\apache\tomcat\embed\tomcat-embed-core\8.5.32\tomcat-embed-core-8.5.32.jar;C:\Users\ustjavafsdb403\.m2\repository\org\apache\tomcat\embed\tomcat-embed-el\8.5.32\tomcat-embed-el-8.5.32.jar;C:\Users\ustjavafsdb403\.m2\repository\org\apache\tomcat\embed\tomcat-embed-websocket\8.5.32\tomcat-embed-websocket-8.5.32.jar;C:\Users\ustjavafsdb403\.m2\repository\org\hibernate\validator\hibernate-validator\6.0.11.Final\hibernate-validator-6.0.11.Final.jar;C:\Users\ustjavafsdb403\.m2\repository\javax\validation\validation-api\2.0.1.Final\validation-api-2.0.1.Final.jar;C:\Users\ustjavafsdb403\.m2\repository\org\openjfx\javafx.base\11.0.0-SNAPSHOT\javafx.base-11.0.0-SNAPSHOT.jar;C:\Users\ustjavafsdb403\.m2\repository\org\openjfx\javafx.base\11.0.0-SNAPSHOT\javafx.base-11.0.0-SNAPSHOT-linux.jar;C:\Users\ustjavafsdb403\.m2\repository\org\openjfx\javafx.base\11.0.0-SNAPSHOT\javafx.base-11.0.0-SNAPSHOT-mac.jar;C:\Users\ustjavafsdb403\.m2\repository\org\openjfx\javafx.base\11.0.0-SNAPSHOT\javafx.base-11.0.0-SNAPSHOT-win.jar;C:\Users\ustjavafsdb403\.m2\repository\org\springframework\spring-web\5.0.8.RELEASE\spring-web-5.0.8.RELEASE.jar;C:\Users\ustjavafsdb403\.m2\repository\org\springframework\spring-webmvc\5.0.8.RELEASE\spring-webmvc-5.0.8.RELEASE.jar;C:\Users\ustjavafsdb403\.m2\repository\org\springframework\spring-expression\5.0.8.RELEASE\spring-expression-5.0.8.RELEASE.jar;C:\Users\ustjavafsdb403\.m2\repository\com\h2database\h2\1.4.197\h2-1.4.197.jar;C:\Users\ustjavafsdb403\.m2\repository\javax\xml\bind\jaxb-api\2.3.0\jaxb-api-2.3.0.jar;C:\Users\ustjavafsdb403\.m2\repository\org\springframework\boot\spring-boot-starter-test\2.0.4.RELEASE\spring-boot-starter-test-2.0.4.RELEASE.jar;C:\Users\ustjavafsdb403\.m2\repository\org\springframework\boot\spring-boot-test\2.0.4.RELEASE\spring-boot-test-2.0.4.RELEASE.jar;C:\Users\ustjavafsdb403\.m2\repository\org\springframework\boot\spring-boot-test-autoconfigure\2.0.4.RELEASE\spring-boot-test-autoconfigure-2.0.4.RELEASE.jar;C:\Users\ustjavafsdb403\.m2\repository\com\jayway\jsonpath\json-path\2.4.0\json-path-2.4.0.jar;C:\Users\ustjavafsdb403\.m2\repository\net\minidev\json-smart\2.3\json-smart-2.3.jar;C:\Users\ustjavafsdb403\.m2\repository\net\minidev\accessors-smart\1.2\accessors-smart-1.2.jar;C:\Users\ustjavafsdb403\.m2\repository\org\ow2\asm\asm\5.0.4\asm-5.0.4.jar;C:\Users\ustjavafsdb403\.m2\repository\junit\junit\4.12\junit-4.12.jar;C:\Users\ustjavafsdb403\.m2\repository\org\assertj\assertj-core\3.9.1\assertj-core-3.9.1.jar;C:\Users\ustjavafsdb403\.m2\repository\org\mockito\mockito-core\2.15.0\mockito-core-2.15.0.jar;C:\Users\ustjavafsdb403\.m2\repository\net\bytebuddy\byte-buddy\1.7.11\byte-buddy-1.7.11.jar;C:\Users\ustjavafsdb403\.m2\repository\net\bytebuddy\byte-buddy-agent\1.7.11\byte-buddy-agent-1.7.11.jar;C:\Users\ustjavafsdb403\.m2\repository\org\objenesis\objenesis\2.6\objenesis-2.6.jar;C:\Users\ustjavafsdb403\.m2\repository\org\hamcrest\hamcrest-core\1.3\hamcrest-core-1.3.jar;C:\Users\ustjavafsdb403\.m2\repository\org\hamcrest\hamcrest-library\1.3\hamcrest-library-1.3.jar;C:\Users\ustjavafsdb403\.m2\repository\org\skyscreamer\jsonassert\1.5.0\jsonassert-1.5.0.jar;C:\Users\ustjavafsdb403\.m2\repository\com\vaadin\external\google\android-json\0.0.20131108.vaadin1\android-json-0.0.20131108.vaadin1.jar;C:\Users\ustjavafsdb403\.m2\repository\org\springframework\spring-core\5.0.8.RELEASE\spring-core-5.0.8.RELEASE.jar;C:\Users\ustjavafsdb403\.m2\repository\org\springframework\spring-jcl\5.0.8.RELEASE\spring-jcl-5.0.8.RELEASE.jar;C:\Users\ustjavafsdb403\.m2\repository\org\springframework\spring-test\5.0.8.RELEASE\spring-test-5.0.8.RELEASE.jar;C:\Users\ustjavafsdb403\.m2\repository\org\xmlunit\xmlunit-core\2.5.1\xmlunit-core-2.5.1.jar;C:\Users\ustjavafsdb403\.m2\repository\com\fasterxml\jackson\module\jackson-module-parameter-names\2.9.6\jackson-module-parameter-names-2.9.6.jar;C:\Users\ustjavafsdb403\.m2\repository\com\fasterxml\jackson\core\jackson-core\2.9.6\jackson-core-2.9.6.jar;C:\Users\ustjavafsdb403\.m2\repository\com\fasterxml\jackson\core\jackson-databind\2.9.6\jackson-databind-2.9.6.jar;C:\Users\ustjavafsdb403\.m2\repository\com\fasterxml\jackson\datatype\jackson-datatype-jdk8\2.9.6\jackson-datatype-jdk8-2.9.6.jar;C:\Users\ustjavafsdb403\.m2\repository\com\fasterxml\jackson\datatype\jackson-datatype-jsr310\2.9.6\jackson-datatype-jsr310-2.9.6.jar;C:\Users\ustjavafsdb403\.m2\repository\com\fasterxml\jackson\core\jackson-annotations\2.9.0\jackson-annotations-2.9.0.jar;, sun.cpu.endian=little, user.home=C:\Users\ustjavafsdb403, user.language=en, java.specification.vendor=Oracle Corporation, java.version.date=2022-10-18, java.home=C:\Users\ustjavafsdb403\.p2\pool\plugins\org.eclipse.justj.openjdk.hotspot.jre.full.win32.x86_64_17.0.5.v20221102-0933\jre, file.separator=\, style.color=always, basedir=E:\spring-transaction-management-master, java.vm.compressedOopsMode=32-bit, line.separator=
, java.vm.specification.vendor=Oracle Corporation, java.specification.name=Java Platform API Specification, surefire.real.class.path=C:\Users\USTJAV~1\AppData\Local\Temp\surefire2126999072731693157\surefirebooter11800425145749619277.jar, user.script=, sun.management.compiler=HotSpot 64-Bit Tiered Compilers, java.runtime.version=17.0.5+8, user.name=ustjavafsdb403, path.separator=;, os.version=10.0, java.runtime.name=OpenJDK Runtime Environment, file.encoding=Cp1252, java.vm.name=OpenJDK 64-Bit Server VM, java.vendor.version=Temurin-17.0.5+8, localRepository=C:\Users\ustjavafsdb403\.m2\repository, java.vendor.url.bug=https://github.com/adoptium/adoptium-support/issues, java.io.tmpdir=C:\Users\USTJAV~1\AppData\Local\Temp\, java.version=17.0.5, user.dir=E:\spring-transaction-management-master, os.arch=amd64, java.vm.specification.name=Java Virtual Machine Specification, sun.os.patch.level=, native.encoding=Cp1252, java.library.path=C:\Users\ustjavafsdb403\.p2\pool\plugins\org.eclipse.justj.openjdk.hotspot.jre.full.win32.x86_64_17.0.5.v20221102-0933\jre\bin;C:\Windows\Sun\Java\bin;C:\Windows\system32;C:\Windows;C:/Users/ustjavafsdb403/.p2/pool/plugins/org.eclipse.justj.openjdk.hotspot.jre.full.win32.x86_64_17.0.5.v20221102-0933/jre/bin/server;C:/Users/ustjavafsdb403/.p2/pool/plugins/org.eclipse.justj.openjdk.hotspot.jre.full.win32.x86_64_17.0.5.v20221102-0933/jre/bin;C:\Program Files\Common Files\Oracle\Java\javapath;C:\Windows\system32;C:\Windows;C:\Windows\System32\Wbem;C:\Windows\System32\WindowsPowerShell\v1.0\;C:\Windows\System32\OpenSSH\;C:\Program Files\Java\jdk-11.0.15\bin;C:\Program Files (x86)\Citrix\HDX\bin\;C:\Program Files\Citrix\HDX\bin\;C:\Program Files\Git\cmd;C:\Program Files\Docker\Docker\resources\bin;C:\Program Files\MySQL\MySQL Shell 8.0\bin\;C:\Users\ustjavafsdb403\AppData\Local\Microsoft\WindowsApps;C:\ProgramData\ustjavafsdb403\GitHubDesktop\bin;C:\Windows\system32;;., java.vm.info=mixed mode, java.vendor=Eclipse Adoptium, java.vm.version=17.0.5+8, sun.io.unicode.encoding=UnicodeLittle, java.class.version=61.0}}, SystemEnvironmentPropertySource@230526532 {name='systemEnvironment', properties={PATH=C:/Users/ustjavafsdb403/.p2/pool/plugins/org.eclipse.justj.openjdk.hotspot.jre.full.win32.x86_64_17.0.5.v20221102-0933/jre/bin/server;C:/Users/ustjavafsdb403/.p2/pool/plugins/org.eclipse.justj.openjdk.hotspot.jre.full.win32.x86_64_17.0.5.v20221102-0933/jre/bin;C:\Program Files\Common Files\Oracle\Java\javapath;C:\Windows\system32;C:\Windows;C:\Windows\System32\Wbem;C:\Windows\System32\WindowsPowerShell\v1.0\;C:\Windows\System32\OpenSSH\;C:\Program Files\Java\jdk-11.0.15\bin;C:\Program Files (x86)\Citrix\HDX\bin\;C:\Program Files\Citrix\HDX\bin\;C:\Program Files\Git\cmd;C:\Program Files\Docker\Docker\resources\bin;C:\Program Files\MySQL\MySQL Shell 8.0\bin\;C:\Users\ustjavafsdb403\AppData\Local\Microsoft\WindowsApps;C:\ProgramData\ustjavafsdb403\GitHubDesktop\bin;C:\Windows\system32;, USERDOMAIN_ROAMINGPROFILE=IIHT, LOCALAPPDATA=C:\Users\ustjavafsdb403\AppData\Local, PROCESSOR_LEVEL=6, SYSTEMDRIVE=C:, COMMONPROGRAMFILES(X86)=C:\Program Files (x86)\Common Files, USERDOMAIN=IIHT, FPS_BROWSER_APP_PROFILE_STRING=Internet Explorer, LOGONSERVER=\\SDC, PROMPT=$P$G, SESSIONNAME=Console, ALLUSERSPROFILE=C:\ProgramData, PROGRAMFILES(X86)=C:\Program Files (x86), PROCESSOR_ARCHITECTURE=AMD64, DRIVERDATA=C:\Windows\System32\Drivers\DriverData, =E:=E:\spring-transaction-management-master, PROGRAMFILES=C:\Program Files, APPDATA=C:\Users\ustjavafsdb403\AppData\Roaming, PSMODULEPATH=C:\Program Files\WindowsPowerShell\Modules;C:\Windows\system32\WindowsPowerShell\v1.0\Modules;C:\Program Files\Citrix\Telemetry Service\, PROGRAMW6432=C:\Program Files, PROGRAMDATA=C:\ProgramData, SYSTEMROOT=C:\Windows, USERNAME=ustjavafsdb403, USERDNSDOMAIN=IIHT.TECH, FPS_BROWSER_USER_PROFILE_STRING=Default, ONEDRIVE=C:\Users\ustjavafsdb403\OneDrive, PATHEXT=.COM;.EXE;.BAT;.CMD;.VBS;.VBE;.JS;.JSE;.WSF;.WSH;.MSC, OS=Windows_NT, COMMONPROGRAMW6432=C:\Program Files\Common Files, COMPUTERNAME=USTFSD08, COMMONPROGRAMFILES=C:\Program Files\Common Files, COMSPEC=C:\Windows\system32\cmd.exe, PROCESSOR_REVISION=4f01, WINDIR=C:\Windows, HOMEPATH=\Users\ustjavafsdb403, TEMP=C:\Users\USTJAV~1\AppData\Local\Temp, HOMEDRIVE=C:, PROCESSOR_IDENTIFIER=Intel64 Family 6 Model 79 Stepping 1, GenuineIntel, USERPROFILE=C:\Users\ustjavafsdb403, TMP=C:\Users\USTJAV~1\AppData\Local\Temp, PUBLIC=C:\Users\Public, NUMBER_OF_PROCESSORS=4, =::=::\}}]
17:44:44.148 [main] DEBUG org.springframework.test.context.support.TestPropertySourceUtils - Adding inlined properties to environment: {spring.jmx.enabled=false, org.springframework.boot.test.context.SpringBootTestContextBootstrapper=true, server.port=-1}
17:44:44.148 [main] DEBUG org.springframework.core.env.StandardEnvironment - Adding PropertySource 'Inlined Test Properties' with highest search precedence
2023-01-04 17:44:46.189 DEBUG 3888 --- [           main] o.s.c.e.PropertySourcesPropertyResolver  : Could not find key 'logging.register-shutdown-hook' in any property source
2023-01-04 17:44:46.191 DEBUG 3888 --- [           main] .c.l.ClasspathLoggingApplicationListener : Application started with classpath: unknown
2023-01-04 17:44:46.191 DEBUG 3888 --- [           main] o.s.c.e.PropertySourcesPropertyResolver  : Could not find key 'context.listener.classes' in any property source
2023-01-04 17:44:46.197 DEBUG 3888 --- [           main] o.s.core.env.StandardEnvironment         : Adding PropertySource 'configurationProperties' with highest search precedence
2023-01-04 17:44:46.201 DEBUG 3888 --- [           main] o.s.c.e.PropertySourcesPropertyResolver  : Could not find key 'spring.beaninfo.ignore' in any property source
2023-01-04 17:44:46.254 DEBUG 3888 --- [           main] o.s.c.e.PropertySourcesPropertyResolver  : Could not find key 'spring.banner.image.location' in any property source
2023-01-04 17:44:46.258 DEBUG 3888 --- [           main] o.s.c.e.PropertySourcesPropertyResolver  : Could not find key 'spring.banner.location' in any property source

  .   ____          _            __ _ _
 /\\ / ___'_ __ _ _(_)_ __  __ _ \ \ \ \
( ( )\___ | '_ | '_| | '_ \/ _` | \ \ \ \
 \\/  ___)| |_)| | | | | || (_| |  ) ) ) )
  '  |____| .__|_| |_|_| |_\__, | / / / /
 =========|_|==============|___/=/_/_/_/
 :: Spring Boot ::        (v2.0.4.RELEASE)

2023-01-04 17:44:46.724 DEBUG 3888 --- [           main] o.s.w.c.s.StandardServletEnvironment     : Adding PropertySource 'servletConfigInitParams' with lowest search precedence
2023-01-04 17:44:46.725 DEBUG 3888 --- [           main] o.s.w.c.s.StandardServletEnvironment     : Adding PropertySource 'servletContextInitParams' with lowest search precedence
2023-01-04 17:44:46.799 DEBUG 3888 --- [           main] o.s.w.c.s.StandardServletEnvironment     : Adding PropertySource 'systemProperties' with lowest search precedence
2023-01-04 17:44:46.799 DEBUG 3888 --- [           main] o.s.w.c.s.StandardServletEnvironment     : Adding PropertySource 'systemEnvironment' with lowest search precedence
2023-01-04 17:44:46.800 DEBUG 3888 --- [           main] o.s.w.c.s.StandardServletEnvironment     : Initialized StandardServletEnvironment with PropertySources [StubPropertySource@1734184086 {name='servletConfigInitParams', properties=java.lang.Object@741b3bc3}, StubPropertySource@785625589 {name='servletContextInitParams', properties=java.lang.Object@63648ee9}, MapPropertySource@1758893871 {name='systemProperties', properties={java.specification.version=17, sun.cpu.isalist=amd64, sun.jnu.encoding=Cp1252, java.class.path=E:\spring-transaction-management-master\target\test-classes;E:\spring-transaction-management-master\target\classes;C:\Users\ustjavafsdb403\.m2\repository\org\springframework\boot\spring-boot-starter-data-jpa\2.0.4.RELEASE\spring-boot-starter-data-jpa-2.0.4.RELEASE.jar;C:\Users\ustjavafsdb403\.m2\repository\org\springframework\boot\spring-boot-starter\2.0.4.RELEASE\spring-boot-starter-2.0.4.RELEASE.jar;C:\Users\ustjavafsdb403\.m2\repository\org\springframework\boot\spring-boot\2.0.4.RELEASE\spring-boot-2.0.4.RELEASE.jar;C:\Users\ustjavafsdb403\.m2\repository\org\springframework\boot\spring-boot-autoconfigure\2.0.4.RELEASE\spring-boot-autoconfigure-2.0.4.RELEASE.jar;C:\Users\ustjavafsdb403\.m2\repository\org\springframework\boot\spring-boot-starter-logging\2.0.4.RELEASE\spring-boot-starter-logging-2.0.4.RELEASE.jar;C:\Users\ustjavafsdb403\.m2\repository\ch\qos\logback\logback-classic\1.2.3\logback-classic-1.2.3.jar;C:\Users\ustjavafsdb403\.m2\repository\ch\qos\logback\logback-core\1.2.3\logback-core-1.2.3.jar;C:\Users\ustjavafsdb403\.m2\repository\org\apache\logging\log4j\log4j-to-slf4j\2.10.0\log4j-to-slf4j-2.10.0.jar;C:\Users\ustjavafsdb403\.m2\repository\org\apache\logging\log4j\log4j-api\2.10.0\log4j-api-2.10.0.jar;C:\Users\ustjavafsdb403\.m2\repository\org\slf4j\jul-to-slf4j\1.7.25\jul-to-slf4j-1.7.25.jar;C:\Users\ustjavafsdb403\.m2\repository\javax\annotation\javax.annotation-api\1.3.2\javax.annotation-api-1.3.2.jar;C:\Users\ustjavafsdb403\.m2\repository\org\yaml\snakeyaml\1.19\snakeyaml-1.19.jar;C:\Users\ustjavafsdb403\.m2\repository\org\springframework\boot\spring-boot-starter-aop\2.0.4.RELEASE\spring-boot-starter-aop-2.0.4.RELEASE.jar;C:\Users\ustjavafsdb403\.m2\repository\org\springframework\spring-aop\5.0.8.RELEASE\spring-aop-5.0.8.RELEASE.jar;C:\Users\ustjavafsdb403\.m2\repository\org\aspectj\aspectjweaver\1.8.13\aspectjweaver-1.8.13.jar;C:\Users\ustjavafsdb403\.m2\repository\org\springframework\boot\spring-boot-starter-jdbc\2.0.4.RELEASE\spring-boot-starter-jdbc-2.0.4.RELEASE.jar;C:\Users\ustjavafsdb403\.m2\repository\com\zaxxer\HikariCP\2.7.9\HikariCP-2.7.9.jar;C:\Users\ustjavafsdb403\.m2\repository\org\springframework\spring-jdbc\5.0.8.RELEASE\spring-jdbc-5.0.8.RELEASE.jar;C:\Users\ustjavafsdb403\.m2\repository\org\hibernate\hibernate-core\5.2.17.Final\hibernate-core-5.2.17.Final.jar;C:\Users\ustjavafsdb403\.m2\repository\org\jboss\logging\jboss-logging\3.3.2.Final\jboss-logging-3.3.2.Final.jar;C:\Users\ustjavafsdb403\.m2\repository\org\hibernate\javax\persistence\hibernate-jpa-2.1-api\1.0.2.Final\hibernate-jpa-2.1-api-1.0.2.Final.jar;C:\Users\ustjavafsdb403\.m2\repository\org\javassist\javassist\3.22.0-GA\javassist-3.22.0-GA.jar;C:\Users\ustjavafsdb403\.m2\repository\antlr\antlr\2.7.7\antlr-2.7.7.jar;C:\Users\ustjavafsdb403\.m2\repository\org\jboss\jandex\2.0.3.Final\jandex-2.0.3.Final.jar;C:\Users\ustjavafsdb403\.m2\repository\com\fasterxml\classmate\1.3.4\classmate-1.3.4.jar;C:\Users\ustjavafsdb403\.m2\repository\dom4j\dom4j\1.6.1\dom4j-1.6.1.jar;C:\Users\ustjavafsdb403\.m2\repository\org\hibernate\common\hibernate-commons-annotations\5.0.1.Final\hibernate-commons-annotations-5.0.1.Final.jar;C:\Users\ustjavafsdb403\.m2\repository\javax\transaction\javax.transaction-api\1.2\javax.transaction-api-1.2.jar;C:\Users\ustjavafsdb403\.m2\repository\org\springframework\data\spring-data-jpa\2.0.9.RELEASE\spring-data-jpa-2.0.9.RELEASE.jar;C:\Users\ustjavafsdb403\.m2\repository\org\springframework\data\spring-data-commons\2.0.9.RELEASE\spring-data-commons-2.0.9.RELEASE.jar;C:\Users\ustjavafsdb403\.m2\repository\org\springframework\spring-orm\5.0.8.RELEASE\spring-orm-5.0.8.RELEASE.jar;C:\Users\ustjavafsdb403\.m2\repository\org\springframework\spring-context\5.0.8.RELEASE\spring-context-5.0.8.RELEASE.jar;C:\Users\ustjavafsdb403\.m2\repository\org\springframework\spring-tx\5.0.8.RELEASE\spring-tx-5.0.8.RELEASE.jar;C:\Users\ustjavafsdb403\.m2\repository\org\springframework\spring-beans\5.0.8.RELEASE\spring-beans-5.0.8.RELEASE.jar;C:\Users\ustjavafsdb403\.m2\repository\org\slf4j\slf4j-api\1.7.25\slf4j-api-1.7.25.jar;C:\Users\ustjavafsdb403\.m2\repository\org\springframework\spring-aspects\5.0.8.RELEASE\spring-aspects-5.0.8.RELEASE.jar;C:\Users\ustjavafsdb403\.m2\repository\org\springframework\boot\spring-boot-starter-web\2.0.4.RELEASE\spring-boot-starter-web-2.0.4.RELEASE.jar;C:\Users\ustjavafsdb403\.m2\repository\org\springframework\boot\spring-boot-starter-json\2.0.4.RELEASE\spring-boot-starter-json-2.0.4.RELEASE.jar;C:\Users\ustjavafsdb403\.m2\repository\org\springframework\boot\spring-boot-starter-tomcat\2.0.4.RELEASE\spring-boot-starter-tomcat-2.0.4.RELEASE.jar;C:\Users\ustjavafsdb403\.m2\repository\org\apache\tomcat\embed\tomcat-embed-core\8.5.32\tomcat-embed-core-8.5.32.jar;C:\Users\ustjavafsdb403\.m2\repository\org\apache\tomcat\embed\tomcat-embed-el\8.5.32\tomcat-embed-el-8.5.32.jar;C:\Users\ustjavafsdb403\.m2\repository\org\apache\tomcat\embed\tomcat-embed-websocket\8.5.32\tomcat-embed-websocket-8.5.32.jar;C:\Users\ustjavafsdb403\.m2\repository\org\hibernate\validator\hibernate-validator\6.0.11.Final\hibernate-validator-6.0.11.Final.jar;C:\Users\ustjavafsdb403\.m2\repository\javax\validation\validation-api\2.0.1.Final\validation-api-2.0.1.Final.jar;C:\Users\ustjavafsdb403\.m2\repository\org\openjfx\javafx.base\11.0.0-SNAPSHOT\javafx.base-11.0.0-SNAPSHOT.jar;C:\Users\ustjavafsdb403\.m2\repository\org\openjfx\javafx.base\11.0.0-SNAPSHOT\javafx.base-11.0.0-SNAPSHOT-linux.jar;C:\Users\ustjavafsdb403\.m2\repository\org\openjfx\javafx.base\11.0.0-SNAPSHOT\javafx.base-11.0.0-SNAPSHOT-mac.jar;C:\Users\ustjavafsdb403\.m2\repository\org\openjfx\javafx.base\11.0.0-SNAPSHOT\javafx.base-11.0.0-SNAPSHOT-win.jar;C:\Users\ustjavafsdb403\.m2\repository\org\springframework\spring-web\5.0.8.RELEASE\spring-web-5.0.8.RELEASE.jar;C:\Users\ustjavafsdb403\.m2\repository\org\springframework\spring-webmvc\5.0.8.RELEASE\spring-webmvc-5.0.8.RELEASE.jar;C:\Users\ustjavafsdb403\.m2\repository\org\springframework\spring-expression\5.0.8.RELEASE\spring-expression-5.0.8.RELEASE.jar;C:\Users\ustjavafsdb403\.m2\repository\com\h2database\h2\1.4.197\h2-1.4.197.jar;C:\Users\ustjavafsdb403\.m2\repository\javax\xml\bind\jaxb-api\2.3.0\jaxb-api-2.3.0.jar;C:\Users\ustjavafsdb403\.m2\repository\org\springframework\boot\spring-boot-starter-test\2.0.4.RELEASE\spring-boot-starter-test-2.0.4.RELEASE.jar;C:\Users\ustjavafsdb403\.m2\repository\org\springframework\boot\spring-boot-test\2.0.4.RELEASE\spring-boot-test-2.0.4.RELEASE.jar;C:\Users\ustjavafsdb403\.m2\repository\org\springframework\boot\spring-boot-test-autoconfigure\2.0.4.RELEASE\spring-boot-test-autoconfigure-2.0.4.RELEASE.jar;C:\Users\ustjavafsdb403\.m2\repository\com\jayway\jsonpath\json-path\2.4.0\json-path-2.4.0.jar;C:\Users\ustjavafsdb403\.m2\repository\net\minidev\json-smart\2.3\json-smart-2.3.jar;C:\Users\ustjavafsdb403\.m2\repository\net\minidev\accessors-smart\1.2\accessors-smart-1.2.jar;C:\Users\ustjavafsdb403\.m2\repository\org\ow2\asm\asm\5.0.4\asm-5.0.4.jar;C:\Users\ustjavafsdb403\.m2\repository\junit\junit\4.12\junit-4.12.jar;C:\Users\ustjavafsdb403\.m2\repository\org\assertj\assertj-core\3.9.1\assertj-core-3.9.1.jar;C:\Users\ustjavafsdb403\.m2\repository\org\mockito\mockito-core\2.15.0\mockito-core-2.15.0.jar;C:\Users\ustjavafsdb403\.m2\repository\net\bytebuddy\byte-buddy\1.7.11\byte-buddy-1.7.11.jar;C:\Users\ustjavafsdb403\.m2\repository\net\bytebuddy\byte-buddy-agent\1.7.11\byte-buddy-agent-1.7.11.jar;C:\Users\ustjavafsdb403\.m2\repository\org\objenesis\objenesis\2.6\objenesis-2.6.jar;C:\Users\ustjavafsdb403\.m2\repository\org\hamcrest\hamcrest-core\1.3\hamcrest-core-1.3.jar;C:\Users\ustjavafsdb403\.m2\repository\org\hamcrest\hamcrest-library\1.3\hamcrest-library-1.3.jar;C:\Users\ustjavafsdb403\.m2\repository\org\skyscreamer\jsonassert\1.5.0\jsonassert-1.5.0.jar;C:\Users\ustjavafsdb403\.m2\repository\com\vaadin\external\google\android-json\0.0.20131108.vaadin1\android-json-0.0.20131108.vaadin1.jar;C:\Users\ustjavafsdb403\.m2\repository\org\springframework\spring-core\5.0.8.RELEASE\spring-core-5.0.8.RELEASE.jar;C:\Users\ustjavafsdb403\.m2\repository\org\springframework\spring-jcl\5.0.8.RELEASE\spring-jcl-5.0.8.RELEASE.jar;C:\Users\ustjavafsdb403\.m2\repository\org\springframework\spring-test\5.0.8.RELEASE\spring-test-5.0.8.RELEASE.jar;C:\Users\ustjavafsdb403\.m2\repository\org\xmlunit\xmlunit-core\2.5.1\xmlunit-core-2.5.1.jar;C:\Users\ustjavafsdb403\.m2\repository\com\fasterxml\jackson\module\jackson-module-parameter-names\2.9.6\jackson-module-parameter-names-2.9.6.jar;C:\Users\ustjavafsdb403\.m2\repository\com\fasterxml\jackson\core\jackson-core\2.9.6\jackson-core-2.9.6.jar;C:\Users\ustjavafsdb403\.m2\repository\com\fasterxml\jackson\core\jackson-databind\2.9.6\jackson-databind-2.9.6.jar;C:\Users\ustjavafsdb403\.m2\repository\com\fasterxml\jackson\datatype\jackson-datatype-jdk8\2.9.6\jackson-datatype-jdk8-2.9.6.jar;C:\Users\ustjavafsdb403\.m2\repository\com\fasterxml\jackson\datatype\jackson-datatype-jsr310\2.9.6\jackson-datatype-jsr310-2.9.6.jar;C:\Users\ustjavafsdb403\.m2\repository\com\fasterxml\jackson\core\jackson-annotations\2.9.0\jackson-annotations-2.9.0.jar;, java.vm.vendor=Eclipse Adoptium, sun.arch.data.model=64, user.variant=, java.vendor.url=https://adoptium.net/, user.timezone=GMT+05:30, java.vm.specification.version=17, os.name=Windows 10, sun.java.launcher=SUN_STANDARD, user.country=IN, sun.boot.library.path=C:\Users\ustjavafsdb403\.p2\pool\plugins\org.eclipse.justj.openjdk.hotspot.jre.full.win32.x86_64_17.0.5.v20221102-0933\jre\bin, sun.java.command=C:\Users\USTJAV~1\AppData\Local\Temp\surefire2126999072731693157\surefirebooter11800425145749619277.jar C:\Users\ustjavafsdb403\AppData\Local\Temp\surefire2126999072731693157 2023-01-04T17-44-36_170-jvmRun1 surefire11905101423022534022tmp surefire_07651124966663579816tmp, jdk.debug=release, surefire.test.class.path=E:\spring-transaction-management-master\target\test-classes;E:\spring-transaction-management-master\target\classes;C:\Users\ustjavafsdb403\.m2\repository\org\springframework\boot\spring-boot-starter-data-jpa\2.0.4.RELEASE\spring-boot-starter-data-jpa-2.0.4.RELEASE.jar;C:\Users\ustjavafsdb403\.m2\repository\org\springframework\boot\spring-boot-starter\2.0.4.RELEASE\spring-boot-starter-2.0.4.RELEASE.jar;C:\Users\ustjavafsdb403\.m2\repository\org\springframework\boot\spring-boot\2.0.4.RELEASE\spring-boot-2.0.4.RELEASE.jar;C:\Users\ustjavafsdb403\.m2\repository\org\springframework\boot\spring-boot-autoconfigure\2.0.4.RELEASE\spring-boot-autoconfigure-2.0.4.RELEASE.jar;C:\Users\ustjavafsdb403\.m2\repository\org\springframework\boot\spring-boot-starter-logging\2.0.4.RELEASE\spring-boot-starter-logging-2.0.4.RELEASE.jar;C:\Users\ustjavafsdb403\.m2\repository\ch\qos\logback\logback-classic\1.2.3\logback-classic-1.2.3.jar;C:\Users\ustjavafsdb403\.m2\repository\ch\qos\logback\logback-core\1.2.3\logback-core-1.2.3.jar;C:\Users\ustjavafsdb403\.m2\repository\org\apache\logging\log4j\log4j-to-slf4j\2.10.0\log4j-to-slf4j-2.10.0.jar;C:\Users\ustjavafsdb403\.m2\repository\org\apache\logging\log4j\log4j-api\2.10.0\log4j-api-2.10.0.jar;C:\Users\ustjavafsdb403\.m2\repository\org\slf4j\jul-to-slf4j\1.7.25\jul-to-slf4j-1.7.25.jar;C:\Users\ustjavafsdb403\.m2\repository\javax\annotation\javax.annotation-api\1.3.2\javax.annotation-api-1.3.2.jar;C:\Users\ustjavafsdb403\.m2\repository\org\yaml\snakeyaml\1.19\snakeyaml-1.19.jar;C:\Users\ustjavafsdb403\.m2\repository\org\springframework\boot\spring-boot-starter-aop\2.0.4.RELEASE\spring-boot-starter-aop-2.0.4.RELEASE.jar;C:\Users\ustjavafsdb403\.m2\repository\org\springframework\spring-aop\5.0.8.RELEASE\spring-aop-5.0.8.RELEASE.jar;C:\Users\ustjavafsdb403\.m2\repository\org\aspectj\aspectjweaver\1.8.13\aspectjweaver-1.8.13.jar;C:\Users\ustjavafsdb403\.m2\repository\org\springframework\boot\spring-boot-starter-jdbc\2.0.4.RELEASE\spring-boot-starter-jdbc-2.0.4.RELEASE.jar;C:\Users\ustjavafsdb403\.m2\repository\com\zaxxer\HikariCP\2.7.9\HikariCP-2.7.9.jar;C:\Users\ustjavafsdb403\.m2\repository\org\springframework\spring-jdbc\5.0.8.RELEASE\spring-jdbc-5.0.8.RELEASE.jar;C:\Users\ustjavafsdb403\.m2\repository\org\hibernate\hibernate-core\5.2.17.Final\hibernate-core-5.2.17.Final.jar;C:\Users\ustjavafsdb403\.m2\repository\org\jboss\logging\jboss-logging\3.3.2.Final\jboss-logging-3.3.2.Final.jar;C:\Users\ustjavafsdb403\.m2\repository\org\hibernate\javax\persistence\hibernate-jpa-2.1-api\1.0.2.Final\hibernate-jpa-2.1-api-1.0.2.Final.jar;C:\Users\ustjavafsdb403\.m2\repository\org\javassist\javassist\3.22.0-GA\javassist-3.22.0-GA.jar;C:\Users\ustjavafsdb403\.m2\repository\antlr\antlr\2.7.7\antlr-2.7.7
[...]
	at org.springframework.test.context.junit4.SpringJUnit4ClassRunner.run(SpringJUnit4ClassRunner.java:190) ~[spring-test-5.0.8.RELEASE.jar:5.0.8.RELEASE]
	at org.apache.maven.surefire.junit4.JUnit4Provider.execute(JUnit4Provider.java:365) ~[surefire-junit4-2.21.0.jar:2.21.0]
	at org.apache.maven.surefire.junit4.JUnit4Provider.executeWithRerun(JUnit4Provider.java:273) ~[surefire-junit4-2.21.0.jar:2.21.0]
	at org.apache.maven.surefire.junit4.JUnit4Provider.executeTestSet(JUnit4Provider.java:238) ~[surefire-junit4-2.21.0.jar:2.21.0]
	at org.apache.maven.surefire.junit4.JUnit4Provider.invoke(JUnit4Provider.java:159) ~[surefire-junit4-2.21.0.jar:2.21.0]
	at org.apache.maven.surefire.booter.ForkedBooter.invokeProviderInSameClassLoader(ForkedBooter.java:379) ~[surefire-booter-2.21.0.jar:2.21.0]
	at org.apache.maven.surefire.booter.ForkedBooter.runSuitesInProcess(ForkedBooter.java:340) ~[surefire-booter-2.21.0.jar:2.21.0]
	at org.apache.maven.surefire.booter.ForkedBooter.execute(ForkedBooter.java:125) ~[surefire-booter-2.21.0.jar:2.21.0]
	at org.apache.maven.surefire.booter.ForkedBooter.main(ForkedBooter.java:413) ~[surefire-booter-2.21.0.jar:2.21.0]
Caused by: java.lang.IllegalStateException: Cannot load configuration class: com.affani.datatranx.DatatranxApplication
	at org.springframework.context.annotation.ConfigurationClassPostProcessor.enhanceConfigurationClasses(ConfigurationClassPostProcessor.java:414) ~[spring-context-5.0.8.RELEASE.jar:5.0.8.RELEASE]
	at org.springframework.context.annotation.ConfigurationClassPostProcessor.postProcessBeanFactory(ConfigurationClassPostProcessor.java:254) ~[spring-context-5.0.8.RELEASE.jar:5.0.8.RELEASE]
	at org.springframework.context.support.PostProcessorRegistrationDelegate.invokeBeanFactoryPostProcessors(PostProcessorRegistrationDelegate.java:282) ~[spring-context-5.0.8.RELEASE.jar:5.0.8.RELEASE]
	at org.springframework.context.support.PostProcessorRegistrationDelegate.invokeBeanFactoryPostProcessors(PostProcessorRegistrationDelegate.java:126) ~[spring-context-5.0.8.RELEASE.jar:5.0.8.RELEASE]
	at org.springframework.context.support.AbstractApplicationContext.invokeBeanFactoryPostProcessors(AbstractApplicationContext.java:694) ~[spring-context-5.0.8.RELEASE.jar:5.0.8.RELEASE]
	at org.springframework.context.support.AbstractApplicationContext.refresh(AbstractApplicationContext.java:532) ~[spring-context-5.0.8.RELEASE.jar:5.0.8.RELEASE]
	at org.springframework.boot.SpringApplication.refresh(SpringApplication.java:762) ~[spring-boot-2.0.4.RELEASE.jar:2.0.4.RELEASE]
	at org.springframework.boot.SpringApplication.refreshContext(SpringApplication.java:398) ~[spring-boot-2.0.4.RELEASE.jar:2.0.4.RELEASE]
	at org.springframework.boot.SpringApplication.run(SpringApplication.java:330) ~[spring-boot-2.0.4.RELEASE.jar:2.0.4.RELEASE]
	at org.springframework.boot.test.context.SpringBootContextLoader.loadContext(SpringBootContextLoader.java:139) ~[spring-boot-test-2.0.4.RELEASE.jar:2.0.4.RELEASE]
	at org.springframework.test.context.cache.DefaultCacheAwareContextLoaderDelegate.loadContextInternal(DefaultCacheAwareContextLoaderDelegate.java:99) ~[spring-test-5.0.8.RELEASE.jar:5.0.8.RELEASE]
	at org.springframework.test.context.cache.DefaultCacheAwareContextLoaderDelegate.loadContext(DefaultCacheAwareContextLoaderDelegate.java:117) ~[spring-test-5.0.8.RELEASE.jar:5.0.8.RELEASE]
	... 27 common frames omitted
Caused by: java.lang.ExceptionInInitializerError: null
	at org.springframework.context.annotation.ConfigurationClassEnhancer.newEnhancer(ConfigurationClassEnhancer.java:122) ~[spring-context-5.0.8.RELEASE.jar:5.0.8.RELEASE]
	at org.springframework.context.annotation.ConfigurationClassEnhancer.enhance(ConfigurationClassEnhancer.java:110) ~[spring-context-5.0.8.RELEASE.jar:5.0.8.RELEASE]
	at org.springframework.context.annotation.ConfigurationClassPostProcessor.enhanceConfigurationClasses(ConfigurationClassPostProcessor.java:403) ~[spring-context-5.0.8.RELEASE.jar:5.0.8.RELEASE]
	... 38 common frames omitted
Caused by: org.springframework.cglib.core.CodeGenerationException: java.lang.reflect.InaccessibleObjectException-->Unable to make protected final java.lang.Class java.lang.ClassLoader.defineClass(java.lang.String,byte[],int,int,java.security.ProtectionDomain) throws java.lang.ClassFormatError accessible: module java.base does not "opens java.lang" to unnamed module @1fc2b765
	at org.springframework.cglib.core.ReflectUtils.defineClass(ReflectUtils.java:464) ~[spring-core-5.0.8.RELEASE.jar:5.0.8.RELEASE]
	at org.springframework.cglib.core.AbstractClassGenerator.generate(AbstractClassGenerator.java:336) ~[spring-core-5.0.8.RELEASE.jar:5.0.8.RELEASE]
	at org.springframework.cglib.core.AbstractClassGenerator$ClassLoaderData$3.apply(AbstractClassGenerator.java:93) ~[spring-core-5.0.8.RELEASE.jar:5.0.8.RELEASE]
	at org.springframework.cglib.core.AbstractClassGenerator$ClassLoaderData$3.apply(AbstractClassGenerator.java:91) ~[spring-core-5.0.8.RELEASE.jar:5.0.8.RELEASE]
	at org.springframework.cglib.core.internal.LoadingCache$2.call(LoadingCache.java:54) ~[spring-core-5.0.8.RELEASE.jar:5.0.8.RELEASE]
	at java.base/java.util.concurrent.FutureTask.run(FutureTask.java:264) ~[na:na]
	at org.springframework.cglib.core.internal.LoadingCache.createEntry(LoadingCache.java:61) ~[spring-core-5.0.8.RELEASE.jar:5.0.8.RELEASE]
	at org.springframework.cglib.core.internal.LoadingCache.get(LoadingCache.java:34) ~[spring-core-5.0.8.RELEASE.jar:5.0.8.RELEASE]
	at org.springframework.cglib.core.AbstractClassGenerator$ClassLoaderData.get(AbstractClassGenerator.java:116) ~[spring-core-5.0.8.RELEASE.jar:5.0.8.RELEASE]
	at org.springframework.cglib.core.AbstractClassGenerator.create(AbstractClassGenerator.java:291) ~[spring-core-5.0.8.RELEASE.jar:5.0.8.RELEASE]
	at org.springframework.cglib.core.KeyFactory$Generator.create(KeyFactory.java:221) ~[spring-core-5.0.8.RELEASE.jar:5.0.8.RELEASE]
	at org.springframework.cglib.core.KeyFactory.create(KeyFactory.java:174) ~[spring-core-5.0.8.RELEASE.jar:5.0.8.RELEASE]
	at org.springframework.cglib.core.KeyFactory.create(KeyFactory.java:153) ~[spring-core-5.0.8.RELEASE.jar:5.0.8.RELEASE]
	at org.springframework.cglib.proxy.Enhancer.<clinit>(Enhancer.java:73) ~[spring-core-5.0.8.RELEASE.jar:5.0.8.RELEASE]
	... 41 common frames omitted
Caused by: java.lang.reflect.InaccessibleObjectException: Unable to make protected final java.lang.Class java.lang.ClassLoader.defineClass(java.lang.String,byte[],int,int,java.security.ProtectionDomain) throws java.lang.ClassFormatError accessible: module java.base does not "opens java.lang" to unnamed module @1fc2b765
	at java.base/java.lang.reflect.AccessibleObject.checkCanSetAccessible(AccessibleObject.java:354) ~[na:na]
	at java.base/java.lang.reflect.AccessibleObject.checkCanSetAccessible(AccessibleObject.java:297) ~[na:na]
	at java.base/java.lang.reflect.Method.checkCanSetAccessible(Method.java:199) ~[na:na]
	at java.base/java.lang.reflect.Method.setAccessible(Method.java:193) ~[na:na]
	at org.springframework.cglib.core.ReflectUtils$1.run(ReflectUtils.java:61) ~[spring-core-5.0.8.RELEASE.jar:5.0.8.RELEASE]
	at java.base/java.security.AccessController.doPrivileged(AccessController.java:569) ~[na:na]
	at org.springframework.cglib.core.ReflectUtils.<clinit>(ReflectUtils.java:52) ~[spring-core-5.0.8.RELEASE.jar:5.0.8.RELEASE]
	at org.springframework.cglib.core.KeyFactory$Generator.generateClass(KeyFactory.java:243) ~[spring-core-5.0.8.RELEASE.jar:5.0.8.RELEASE]
	at org.springframework.cglib.core.DefaultGeneratorStrategy.generate(DefaultGeneratorStrategy.java:25) ~[spring-core-5.0.8.RELEASE.jar:5.0.8.RELEASE]
	at org.springframework.cglib.core.AbstractClassGenerator.generate(AbstractClassGenerator.java:329) ~[spring-core-5.0.8.RELEASE.jar:5.0.8.RELEASE]
	... 53 common frames omitted

2023-01-04 17:44:53.174 DEBUG 3888 --- [kground-preinit] o.apache.tomcat.util.digester.Digester   :   Fire body() for ObjectCreateRule[className=org.apache.tomcat.util.modeler.AttributeInfo, attributeName=null]
2023-01-04 17:44:53.175 DEBUG 3888 --- [kground-preinit] o.apache.tomcat.util.digester.Digester   :   Fire body() for SetPropertiesRule[]
2023-01-04 17:44:53.175 DEBUG 3888 --- [kground-preinit] o.apache.tomcat.util.digester.Digester   :   Fire body() for SetNextRule[methodName=addAttribute, paramType=org.apache.tomcat.util.modeler.AttributeInfo]
2023-01-04 17:44:53.175 DEBUG 3888 --- [kground-preinit] o.apache.tomcat.util.digester.Digester   :   Fire end() for SetNextRule[methodName=addAttribute, paramType=org.apache.tomcat.util.modeler.AttributeInfo]
2023-01-04 17:44:53.176 DEBUG 3888 --- [kground-preinit] o.apache.tomcat.util.digester.Digester   : [SetNextRule]{mbeans-descriptors/mbean/attribute} Call org.apache.tomcat.util.modeler.ManagedBean.addAttribute(org.apache.tomcat.util.modeler.AttributeInfo@3f1ea0ac)
2023-01-04 17:44:53.176 DEBUG 3888 --- [kground-preinit] o.apache.tomcat.util.IntrospectionUtils  : IntrospectionUtils: callMethod1 org.apache.tomcat.util.modeler.ManagedBean org.apache.tomcat.util.modeler.AttributeInfo org.apache.tomcat.util.modeler.AttributeInfo
2023-01-04 17:44:53.176 DEBUG 3888 --- [kground-preinit] o.apache.tomcat.util.digester.Digester   :   Fire end() for SetPropertiesRule[]
2023-01-04 17:44:53.176 DEBUG 3888 --- [kground-preinit] o.apache.tomcat.util.digester.Digester   :   Fire end() for ObjectCreateRule[className=org.apache.tomcat.util.modeler.AttributeInfo, attributeName=null]
2023-01-04 17:44:53.177 DEBUG 3888 --- [kground-preinit] o.apache.tomcat.util.digester.Digester   : [ObjectCreateRule]{mbeans-descriptors/mbean/attribute} Pop org.apache.tomcat.util.modeler.AttributeInfo
2023-01-04 17:44:53.178 DEBUG 3888 --- [kground-preinit] o.a.tomcat.util.digester.Digester.sax    : characters(

    )
2023-01-04 17:44:53.178 DEBUG 3888 --- [kground-preinit] o.a.tomcat.util.digester.Digester.sax    : startElement(,,attribute)
2023-01-04 17:44:53.178 DEBUG 3888 --- [kground-preinit] o.apache.tomcat.util.digester.Digester   :   New match='mbeans-descriptors/mbean/attribute'
2023-01-04 17:44:53.178 DEBUG 3888 --- [kground-preinit] o.apache.tomcat.util.digester.Digester   :   Fire begin() for ObjectCreateRule[className=org.apache.tomcat.util.modeler.AttributeInfo, attributeName=null]
2023-01-04 17:44:53.178 DEBUG 3888 --- [kground-preinit] o.apache.tomcat.util.digester.Digester   : [ObjectCreateRule]{mbeans-descriptors/mbean/attribute}New org.apache.tomcat.util.modeler.AttributeInfo
2023-01-04 17:44:53.178 DEBUG 3888 --- [kground-preinit] o.apache.tomcat.util.digester.Digester   :   Fire begin() for SetPropertiesRule[]
2023-01-04 17:44:53.179 DEBUG 3888 --- [kground-preinit] o.apache.tomcat.util.digester.Digester   : [SetPropertiesRule]{mbeans-descriptors/mbean/attribute} Set org.apache.tomcat.util.modeler.AttributeInfo properties
2023-01-04 17:44:53.179 DEBUG 3888 --- [kground-preinit] o.apache.tomcat.util.digester.Digester   : [SetPropertiesRule]{mbeans-descriptors/mbean/attribute} Setting property 'name' to 'secureRandomClass'
2023-01-04 17:44:53.179 DEBUG 3888 --- [kground-preinit] o.apache.tomcat.util.IntrospectionUtils  : IntrospectionUtils: setProperty(class org.apache.tomcat.util.modeler.AttributeInfo name=secureRandomClass)
2023-01-04 17:44:53.179 DEBUG 3888 --- [kground-preinit] o.apache.tomcat.util.digester.Digester   : [SetPropertiesRule]{mbeans-descriptors/mbean/attribute} Setting property 'description' to 'The name of the class to use for SSO session ID generation'
2023-01-04 17:44:53.179 DEBUG 3888 --- [kground-preinit] o.apache.tomcat.util.IntrospectionUtils  : IntrospectionUtils: setProperty(class org.apache.tomcat.util.modeler.AttributeInfo description=The name of the class to use for SSO session ID generation)
2023-01-04 17:44:53.180 DEBUG 3888 --- [kground-preinit] o.apache.tomcat.util.digester.Digester   : [SetPropertiesRule]{mbeans-descriptors/mbean/attribute} Setting property 'type' to 'java.lang.String'
2023-01-04 17:44:53.180 DEBUG 3888 --- [kground-preinit] o.apache.tomcat.util.IntrospectionUtils  : IntrospectionUtils: setProperty(class org.apache.tomcat.util.modeler.AttributeInfo type=java.lang.String)
2023-01-04 17:44:53.181 DEBUG 3888 --- [kground-preinit] o.apache.tomcat.util.digester.Digester   :   Fire begin() for SetNextRule[methodName=addAttribute, paramType=org.apache.tomcat.util.modeler.AttributeInfo]
2023-01-04 17:44:53.181 DEBUG 3888 --- [kground-preinit] o.a.tomcat.util.digester.Digester.sax    : endElement(,,attribute)
2023-01-04 17:44:53.181 DEBUG 3888 --- [kground-preinit] o.apache.tomcat.util.digester.Digester   :   match='mbeans-descriptors/mbean/attribute'
2023-01-04 17:44:53.182 DEBUG 3888 --- [kground-preinit] o.apache.tomcat.util.digester.Digester   :   bodyText=''
2023-01-04 17:44:53.182 DEBUG 3888 --- [kground-preinit] o.apache.tomcat.util.digester.Digester   :   Fire body() for ObjectCreateRule[className=org.apache.tomcat.util.modeler.AttributeInfo, attributeName=null]
2023-01-04 17:44:53.182 DEBUG 3888 --- [kground-preinit] o.apache.tomcat.util.digester.Digester   :   Fire body() for SetPropertiesRule[]
2023-01-04 17:44:53.182 DEBUG 3888 --- [kground-preinit] o.apache.tomcat.util.digester.Digester   :   Fire body() for SetNextRule[methodName=addAttribute, paramType=org.apache.tomcat.util.modeler.AttributeInfo]
2023-01-04 17:44:53.182 DEBUG 3888 --- [kground-preinit] o.apache.tomcat.util.digester.Digester   :   Fire end() for SetNextRule[methodName=addAttribute, paramType=org.apache.tomcat.util.modeler.AttributeInfo]
2023-01-04 17:44:53.182 DEBUG 3888 --- [kground-preinit] o.apache.tomcat.util.digester.Digester   : [SetNextRule]{mbeans-descriptors/mbean/attribute} Call org.apache.tomcat.util.modeler.ManagedBean.addAttribute(org.apache.tomcat.util.modeler.AttributeInfo@447cb49f)
2023-01-04 17:44:53.182 DEBUG 3888 --- [kground-preinit] o.apache.tomcat.util.IntrospectionUtils  : IntrospectionUtils: callMethod1 org.apache.tomcat.util.modeler.ManagedBean org.apache.tomcat.util.modeler.AttributeInfo org.apache.tomcat.util.modeler.AttributeInfo
2023-01-04 17:44:53.182 DEBUG 3888 --- [kground-preinit] o.apache.tomcat.util.digester.Digester   :   Fire end() for SetPropertiesRule[]
2023-01-04 17:44:53.183 DEBUG 3888 --- [kground-preinit] o.apache.tomcat.util.digester.Digester   :   Fire end() for ObjectCreateRule[className=org.apache.tomcat.util.modeler.AttributeInfo, attributeName=null]
2023-01-04 17:44:53.183 DEBUG 3888 --- [kground-preinit] o.apache.tomcat.util.digester.Digester   : [ObjectCreateRule]{mbeans-descriptors/mbean/attribute} Pop org.apache.tomcat.util.modeler.AttributeInfo
2023-01-04 17:44:53.183 DEBUG 3888 --- [kground-preinit] o.a.tomcat.util.digester.Digester.sax    : characters(

    )
2023-01-04 17:44:53.183 DEBUG 3888 --- [kground-preinit] o.a.tomcat.util.digester.Digester.sax    : startElement(,,attribute)
2023-01-04 17:44:53.183 DEBUG 3888 --- [kground-preinit] o.apache.tomcat.util.digester.Digester   :   New match='mbeans-descriptors/mbean/attribute'
2023-01-04 17:44:53.183 DEBUG 3888 --- [kground-preinit] o.apache.tomcat.util.digester.Digester   :   Fire begin() for ObjectCreateRule[className=org.apache.tomcat.util.modeler.AttributeInfo, attributeName=null]
2023-01-04 17:44:53.184 DEBUG 3888 --- [kground-preinit] o.apache.tomcat.util.digester.Digester   : [ObjectCreateRule]{mbeans-descriptors/mbean/attribute}New org.apache.tomcat.util.modeler.AttributeInfo
2023-01-04 17:44:53.184 DEBUG 3888 --- [kground-preinit] o.apache.tomcat.util.digester.Digester   :   Fire begin() for SetPropertiesRule[]
2023-01-04 17:44:53.184 DEBUG 3888 --- [kground-preinit] o.apache.tomcat.util.digester.Digester   : [SetPropertiesRule]{mbeans-descriptors/mbean/attribute} Set org.apache.tomcat.util.modeler.AttributeInfo properties
2023-01-04 17:44:53.185 DEBUG 3888 --- [kground-preinit] o.apache.tomcat.util.digester.Digester   : [SetPropertiesRule]{mbeans-descriptors/mbean/attribute} Setting property 'name' to 'secureRandomProvider'
2023-01-04 17:44:53.185 DEBUG 3888 --- [kground-preinit] o.apache.tomcat.util.IntrospectionUtils  : IntrospectionUtils: setProperty(class org.apache.tomcat.util.modeler.AttributeInfo name=secureRandomProvider)
2023-01-04 17:44:53.185 DEBUG 3888 --- [kground-preinit] o.apache.tomcat.util.digester.Digester   : [SetPropertiesRule]{mbeans-descriptors/mbean/attribute} Setting property 'description' to 'The name of the provider to use for SSO session ID generation'
2023-01-04 17:44:53.185 DEBUG 3888 --- [kground-preinit] o.apache.tomcat.util.IntrospectionUtils  : IntrospectionUtils: setProperty(class org.apache.tomcat.util.modeler.AttributeInfo description=The name of the provider to use for SSO session ID generation)
2023-01-04 17:44:53.185 DEBUG 3888 --- [kground-preinit] o.apache.tomcat.util.digester.Digester   : [SetPropertiesRule]{mbeans-descriptors/mbean/attribute} Setting property 'type' to 'java.lang.String'
2023-01-04 17:44:53.185 DEBUG 3888 --- [kground-preinit] o.apache.tomcat.util.IntrospectionUtils  : IntrospectionUtils: setProperty(class org.apache.tomcat.util.modeler.AttributeInfo type=java.lang.String)
2023-01-04 17:44:53.185 DEBUG 3888 --- [kground-preinit] o.apache.tomcat.util.digester.Digester   :   Fire begin() for SetNextRule[methodName=addAttribute, paramType=org.apache.tomcat.util.modeler.AttributeInfo]
2023-01-04 17:44:53.185 DEBUG 3888 --- [kground-preinit] o.a.tomcat.util.digester.Digester.sax    : endElement(,,attribute)
2023-01-04 17:44:53.185 DEBUG 3888 --- [kground-preinit] o.apache.tomcat.util.digester.Digester   :   match='mbeans-descriptors/mbean/attribute'
2023-01-04 17:44:53.185 DEBUG 3888 --- [kground-preinit] o.apache.tomcat.util.digester.Digester   :   bodyText=''
2023-01-04 17:44:53.185 DEBUG 3888 --- [kground-preinit] o.apache.tomcat.util.digester.Digester   :   Fire body() for ObjectCreateRule[className=org.apache.tomcat.util.modeler.AttributeInfo, attributeName=null]
2023-01-04 17:44:53.185 DEBUG 3888 --- [kground-preinit] o.apache.tomcat.util.digester.Digester   :   Fire body() for SetPropertiesRule[]
2023-01-04 17:44:53.186 DEBUG 3888 --- [kground-preinit] o.apache.tomcat.util.digester.Digester   :   Fire body() for SetNextRule[methodName=addAttribute, paramType=org.apache.tomcat.util.modeler.AttributeInfo]
2023-01-04 17:44:53.186 DEBUG 3888 --- [kground-preinit] o.apache.tomcat.util.digester.Digester   :   Fire end() for SetNextRule[methodName=addAttribute, paramType=org.apache.tomcat.util.modeler.AttributeInfo]
2023-01-04 17:44:53.186 DEBUG 3888 --- [kground-preinit] o.apache.tomcat.util.digester.Digester   : [SetNextRule]{mbeans-descriptors/mbean/attribute} Call org.apache.tomcat.util.modeler.ManagedBean.addAttribute(org.apache.tomcat.util.modeler.AttributeInfo@5a023a50)
2023-01-04 17:44:53.186 DEBUG 3888 --- [kground-preinit] o.apache.tomcat.util.IntrospectionUtils  : IntrospectionUtils: callMethod1 org.apache.tomcat.util.modeler.ManagedBean org.apache.tomcat.util.modeler.AttributeInfo org.apache.tomcat.util.modeler.AttributeInfo
2023-01-04 17:44:53.186 DEBUG 3888 --- [kground-preinit] o.apache.tomcat.util.digester.Digester   :   Fire end() for SetPropertiesRule[]
2023-01-04 17:44:53.186 DEBUG 3888 --- [kground-preinit] o.apache.tomcat.util.digester.Digester   :   Fire end() for ObjectCreateRule[className=org.apache.tomcat.util.modeler.AttributeInfo, attributeName=null]
2023-01-04 17:44:53.186 DEBUG 3888 --- [kground-preinit] o.apache.tomcat.util.digester.Digester   : [ObjectCreateRule]{mbeans-descriptors/mbean/attribute} Pop org.apache.tomcat.util.modeler.AttributeInfo
2023-01-04 17:44:53.186 DEBUG 3888 --- [kground-preinit] o.a.tomcat.util.digester.Digester.sax    : characters(

    )
2023-01-04 17:44:53.188 DEBUG 3888 --- [kground-preinit] o.a.tomcat.util.digester.Digester.sax    : startElement(,,attribute)
2023-01-04 17:44:53.188 DEBUG 3888 --- [kground-preinit] o.apache.tomcat.util.digester.Digester   :   New match='mbeans-descriptors/mbean/attribute'
]]></system-out>
  </testcase>
</testsuite>